% T    256  0.715122828077254E+01  0.715122828077254E+01  0.715122828077254E+01
  -0.124989227886289E+01 -0.216236479670314E+01  0.183521037197146E+01
   0.201942732790508E+01  0.169157877572159E+01 -0.290643850885281E+01
   0.243349933724296E+01 -0.690226829862608E+00  0.257707958978808E-01
  -0.113146043550723E+01  0.277950231354984E+01  0.165792961265637E+01
   0.195852496519102E+01  0.296435896879620E+00  0.196366958460885E+01
  -0.842560704683636E+00 -0.149264313403377E+01  0.266195960634913E+01
  -0.344896782770895E+01 -0.247430269935545E+01 -0.106096510264912E+01
  -0.133923609231165E+01  0.211938647026814E+01 -0.309345836535423E+01
  -0.161658274812764E+00  0.508128450163432E+00 -0.247430132382042E+01
   0.108144133024168E+01  0.335624879002124E+01 -0.323610799252555E+01
  -0.288663212784956E+01  0.321622261259632E+01  0.113582345928383E+01
  -0.926047958189685E-01 -0.200705723509532E+01 -0.269534001214374E+01
   0.327269928700259E+01 -0.106774306631293E+01 -0.161950461943220E+01
  -0.497424601305914E+00  0.216762031029645E+01 -0.227415544702100E+01
  -0.252684071814183E+01 -0.253910678286541E+01 -0.297376352313873E+01
   0.375835497573138E+00 -0.151683982425216E+01 -0.988945880389830E+00
  -0.180376880627928E+01  0.308196140970093E+01  0.939778212726750E+00
  -0.289752413366713E+01 -0.266018002418295E+00  0.292387313161128E+01
  -0.116627649950802E+01 -0.109378274689498E+01  0.350856307751363E+01
  -0.325946334992349E+01 -0.177655445244560E+01 -0.224361969925737E+01
   0.149639552020802E+01 -0.108149664497413E+01 -0.157305561277259E+01
   0.308684490507834E+00 -0.282890710342405E+01 -0.174491134730334E+01
   0.280818243047307E+01  0.288938568264531E+01  0.675763086573333E+00
  -0.196217686570491E+01 -0.162396160473808E+01 -0.114408403148909E+01
  -0.235564074351858E+01 -0.853601289495858E+00 -0.198374168562748E+01
   0.275258119735796E+01 -0.263314870854607E+01  0.175414660519814E+01
  -0.124041000551216E+01  0.173103437427265E+01 -0.943747365307576E+00
   0.136179148826915E+01  0.286433278902414E+01  0.156427581462018E+01
  -0.338274155599310E+01 -0.372751890860826E+00 -0.112733065934728E+01
  -0.353526177831762E+01 -0.114647224225330E+01  0.286540975289556E+01
   0.258622823699376E+00 -0.120683720403674E+01 -0.208829720123713E+01
  -0.104651347810741E+01  0.471003864149801E+00 -0.207212920818063E+01
   0.968195244526203E+00 -0.142850506915027E+01 -0.343680771414661E+01
  -0.312967238720962E+00  0.169229603367998E+01 -0.317438863578085E+01
  -0.310276901591621E+01 -0.341247512832147E+01  0.330222498128826E+01
  -0.282526820666675E+01  0.290080118905969E+00  0.670828146971533E+00
  -0.234791143926146E+01  0.177850869013728E+01 -0.309185377963644E+01
  -0.222939973775028E+01 -0.177035908034892E+01  0.122109146852876E+01
   0.320686427184203E+01 -0.335935892447021E+01  0.975030859431040E+00
   0.231370753668827E+01  0.220858065361597E+01 -0.192206900201662E+01
   0.265866592534099E+01  0.331413821750392E+00  0.338805225836353E+01
  -0.179278673716906E+01  0.280002112637979E+01 -0.240288603273601E+01
   0.291812182189699E+01  0.355924940089996E+01  0.235204873620451E+01
  -0.329876117558925E+01 -0.247718100043105E+00  0.148888108836089E+01
  -0.100806243235973E+01 -0.173737121380479E+01  0.361624454281441E+00
  -0.354075166093657E+01  0.842656018022371E+00 -0.255900805541650E+01
  -0.134767254652385E+01 -0.519176905888573E+00 -0.169547955316448E+01
   0.490020927925360E+00  0.216615969190124E+01  0.308684534533740E+01
  -0.109675025301838E+01  0.313285378385211E+01 -0.176983251912555E+01
   0.262551360564744E+01 -0.240865980332041E+01 -0.324836332833671E+01
  -0.204611661521809E+00 -0.258082957126693E+01  0.207610511464698E+01
  -0.304212026554836E+01 -0.119219406331279E+00 -0.214580817251578E+01
   0.181515353373105E+01 -0.239889441614696E+01  0.117987210816673E+01
  -0.246640820070916E+01  0.173247708540047E+01 -0.473908092949390E-01
   0.558251012875400E+00 -0.719503192443332E+00  0.151075926898364E+01
  -0.256752901578629E+01 -0.290181066652311E+01  0.499429468622257E+00
   0.236505573967358E+01 -0.283649353504786E+01  0.284302827881988E+01
   0.292010335806874E+01  0.269790297024003E+00 -0.634849971588143E+00
   0.946187141932564E+00 -0.264318619098565E+01  0.248539608655712E+01
  -0.768023199717460E+00 -0.626315031996000E+00  0.205237861422026E+01
   0.165016656833622E+01  0.421175645547642E+00  0.751041473603080E+00
   0.292868870774120E+01 -0.316929412381427E+01 -0.828712186056910E+00
  -0.274759238659028E+01 -0.357702966778426E+01 -0.238901230211353E+01
   0.253193496581697E+01  0.130284057804504E+00 -0.181054970189459E+01
  -0.575323399651346E+00  0.734251589643483E+00  0.357040833211025E+01
  -0.574749683688371E+00 -0.398000399810234E+00 -0.234399623022612E+01
   0.318228798664590E+01  0.310835153585890E+01 -0.609656521356436E+00
   0.221481087599721E+01 -0.302549140959769E+01  0.236715251335479E+00
  -0.349202792294521E+01  0.103251676074465E+01 -0.476307894314262E+00
   0.106895050661000E+01 -0.307935784924661E+01 -0.107654417851751E+01
   0.478847193851218E-01 -0.890473198025876E+00 -0.326827012635306E+01
   0.106123357532739E+01  0.166736025730371E+01 -0.321863319938127E+01
  -0.127357536156524E+00  0.141067829914744E+01 -0.659277111507889E+00
   0.201054180966702E+01  0.265266469556759E+00 -0.195125525129702E+00
  -0.107238922206218E+01 -0.206427438559110E+01 -0.305368902622056E+01
   0.342894356421795E+01 -0.266097223127384E+01  0.287846342815336E+01
   0.361266409588673E+00  0.268673282989377E+01 -0.313707089943582E+01
   0.776298094988279E+00  0.257673206823347E+01 -0.856700199917188E+00
   0.293834202195108E+00 -0.306600918711655E+01  0.344339904828151E+01
  -0.137896436763809E+01  0.186604427908440E+01 -0.204612326793784E+01
  -0.102162860414859E+01  0.156247900819642E+01  0.950268730098063E+00
  -0.322774474501710E+01  0.834137848839498E+00 -0.153069150798222E+01
  -0.124140791790396E+01 -0.239010074646270E+01 -0.104583411114884E+01
   0.192795819234110E+01  0.117951716132920E+01  0.322020732333050E+01
  -0.171672326148217E+01 -0.326083917435162E+01  0.186199863058067E+00
   0.362341730129194E+00 -0.326289040170483E+01  0.173357561905045E+01
  -0.283426674386578E+01 -0.737515397940437E+00 -0.307390757615053E+01
   0.232582437798827E+01  0.125343526664866E+01 -0.630325085637753E+00
   0.114242405523509E+01 -0.153082219868603E+01  0.642113211557978E+00
   0.243684271400978E+01 -0.707001668773739E+00 -0.109644012959973E+01
   0.339717437703010E+01  0.256777723780031E+01 -0.180727076078054E+01
   0.226108982487095E+01 -0.165332816815748E+01  0.538262048796694E+00
  -0.235851061805635E+01  0.164122662277807E+00  0.174446263621379E+01
   0.151277686028575E+01 -0.149466510547492E+01 -0.259223440791342E+01
  -0.715676614549633E+00 -0.293206904006073E+01 -0.202692516451404E+01
  -0.380345152287844E+00 -0.331632802754829E+01 -0.965770904727140E+00
   0.252880880394350E+01  0.330634010870952E+01 -0.157328324824531E+01
  -0.314378206306551E+01  0.283491564377132E+01  0.267487868498270E+01
  -0.235429181481651E+01  0.117730726270197E+01 -0.217948270723989E+01
   0.110114758155569E+01 -0.231145451294008E+01 -0.181540724747137E+01
  -0.166436233071771E+01  0.112123760941741E+01  0.279391388608889E+01
   0.257693670725569E+01  0.210374516779971E+01  0.147671957400602E+01
   0.144445350570899E+01 -0.343193870977762E+01  0.278163621652761E+01
   0.569799904241044E-01 -0.236364289633040E+01 -0.348844491644861E+00
  -0.127939922114246E+01  0.333345579550209E+01 -0.585939128006716E+00
  -0.313247502281119E+01  0.336822185537472E+01 -0.142262188729319E+01
   0.433270900253821E+00 -0.291046854919289E+01  0.725006983324613E+00
   0.309877750461632E+00  0.144903504183861E+00  0.352704421284830E+01
  -0.143290132339081E+01 -0.986629667452906E+00  0.132487546691194E+01
  -0.318941979406726E+01 -0.324934985773595E+01  0.228770923221442E+01
   0.304190804055035E+01  0.165921024324469E+01 -0.353687419758244E+01
   0.353403974165187E+01  0.134330928490194E+01  0.642457872883820E+00
   0.248815058688820E+01 -0.672467760087631E+00  0.344705332320726E+01
   0.186161981160079E+01  0.166245438523436E+01  0.191257462364674E+01
  -0.348011174595808E+01 -0.271508309662065E+01 -0.273431114728088E+01
  -0.210763020555870E+01 -0.335095281161663E+00 -0.934183805247336E+00
  -0.115317860433723E+00  0.309779682913634E+01 -0.228564580719159E+01
   0.214941164657455E+01 -0.162002490203812E+01  0.170316960585622E+01
   0.137646432324569E+01  0.356175202776223E+01  0.392859047469751E+00
   0.838170903640502E+00 -0.183146557789220E+01  0.158981551470857E+01
  -0.976103353903203E+00 -0.143636269392930E+01 -0.216591890632832E+01
   0.245879307919212E+01  0.113041871053320E+01 -0.195313168151879E+01
   0.310750771407496E+01 -0.238704153735734E+01  0.191211878141885E+00
   0.164339631560377E+01 -0.687884293352927E+00  0.127386041475744E+01
  -0.231027766701042E+01  0.290735447865324E+01  0.128147055858273E+00
   0.887529092027667E+00  0.236509446789105E+00  0.232000802307582E+01
  -0.118122718680088E+01  0.175531210455591E+01  0.190402251773606E+01
  -0.299794147438941E+01 -0.340690671405918E+01 -0.438887159074666E+00
  -0.235969381268699E+01  0.333486356467824E+01  0.207775393126404E+01
  -0.134463108569281E+01  0.103538468665628E+01 -0.274727247087041E+01
   0.995938357709108E-01 -0.115020894187532E+01  0.267909618274290E+01
  -0.604871578143464E+00 -0.168419414380134E+00  0.299627887872089E+01
   0.947168640526327E+00 -0.251004035001454E+01 -0.294739344788265E+01
  -0.148977209828291E+01 -0.331973961572619E+01 -0.271915183855282E+01
  -0.177241841319330E+01  0.123774009114252E+00  0.295167823574227E+01
   0.154493875989160E+01  0.137288786832003E+01 -0.175337916997725E+01
   0.141879276997517E+01 -0.321376473415193E+01  0.180765063688356E+01
  -0.302541602713841E+01 -0.150780916230295E+01 -0.108944769988664E+01
   0.272940980132620E+01  0.161080058819607E+00  0.803603889390885E+00
  -0.740339695267621E+00 -0.139575953122885E+01 -0.726860010715923E+00
  -0.142940254595328E+01 -0.527002426250813E+00 -0.184801902550796E+00
   0.752148952117606E+00 -0.236297776788729E+00 -0.252830123808514E+01
   0.100459231809481E+01  0.137697382340240E+01  0.132560302984404E+00
   0.270212506297064E+01  0.292434390194227E+01 -0.251663802892410E+01
   0.835162961939639E+00  0.423106934777511E+00 -0.551752516218085E+00
  -0.892022207843948E+00  0.257608853636382E+00 -0.881878229120682E+00
  -0.139657112338100E+01  0.128757607960915E+01 -0.689616459208136E-02
   0.291587573110055E+01 -0.323182174618944E+01 -0.229770484114430E+01
  -0.772276809768396E+00  0.161055799850238E+01  0.303695741735787E+01
  -0.611838517872057E-01  0.141931425056565E+01  0.124409938012535E+01
  -0.165066231079191E+01 -0.214075573073129E+01 -0.214125014176190E+01
  -0.263905696961003E+01 -0.249852582636781E+01 -0.175193700561664E+01
  -0.873328164669153E+00  0.307445029704558E+01 -0.311354630740434E+01
   0.303625452019976E+01 -0.344574106939456E+01  0.357456750268448E+01
   0.204364610270346E+01  0.261602266218053E+01  0.227393680193103E+01
  -0.140179527945109E+01 -0.340708252112600E+01  0.224740341246538E+01
   0.113453873220919E+00  0.953936102170139E+00  0.185108226860285E+00
   0.949508351727757E+00  0.948843938984679E+00  0.155167526705747E+01
  -0.314724349175885E+01  0.242146424757240E+01 -0.750308251711856E+00
  -0.346765205756715E+01  0.275670340685916E+01 -0.343781641352320E+01
  -0.186253271762552E+01 -0.100212031836983E+00 -0.255237894660005E+01
   0.762969237275195E+00 -0.587618546443138E+00 -0.906348798900905E+00
  -0.345985965199245E+01  0.947755277076173E+00  0.323347206207080E+01
   0.238250039522620E+01 -0.161853810847674E+01 -0.176986680915138E+01
   0.279289445327829E+01 -0.591630292649691E-01 -0.273076626585272E+01
   0.236325066133087E+01  0.140209742307616E+01  0.406312688638360E+00
  -0.252676289666962E+01  0.393450470088565E+00 -0.329881029004730E+01
   0.183236285644986E+01 -0.153119967625131E+01  0.315326743786775E+01
  -0.739425390523151E+00  0.305395644969010E+01  0.478780482548549E+00
   0.172505497460344E+01 -0.980419369576094E-01  0.313556125224351E+01
  -0.210919696077095E+01  0.138552113444759E+01  0.194645630760960E+01
   0.726549858890022E+00  0.158760236569114E+01 -0.115866527128716E+01
   0.265904870392605E+01 -0.185622812082233E+01  0.267790820037012E+01
  -0.716746344389698E+00  0.705889801128818E+00  0.235334502335571E+01
  -0.137734255746956E-01  0.148720920073395E+01  0.228906235849639E+01
   0.285266483276966E+01  0.987996629726050E+00  0.241499873144769E+01
   0.176504008771209E+01  0.401251439231613E+00 -0.125638875039727E+01
  -0.192356802566193E+00 -0.144418228960042E+01  0.152996885692917E+01
  -0.339004763262514E+00 -0.321903524594326E+01 -0.291991241271775E+01
   0.223326139211730E+01 -0.237568473233726E+01 -0.857275432411337E+00
  -0.270859065113233E+01  0.905350179189127E+00  0.251529352968531E+01
  -0.248268221682350E+01 -0.788417490021203E+00  0.861629417513316E+00
   0.354979745875302E+01 -0.589686726051973E+00  0.484988361785486E+00
  -0.178509507578439E+01  0.226077961062525E+01  0.265523522306701E+01
  -0.346995790880228E+01  0.252435567774339E+01  0.321125119644434E+00
   0.339637988336093E+01 -0.182706324952992E+01 -0.350481455157967E+01
  -0.145475432267194E+01 -0.294650009585816E+01  0.342295785808915E+01
  -0.274432925421169E+01  0.246624833524666E+01 -0.196053130515323E+01
  -0.845994678350135E+00 -0.339139321939675E+01  0.120297356973201E+01
   0.183849468113652E+01  0.222612701931372E+01 -0.667824846288288E+00
  -0.254619695938146E+01 -0.254552002517277E+01  0.282909365728015E+01
  -0.191939247246136E+01  0.196764242893224E+01  0.102287977265135E+01
  -0.307123899313374E+01  0.850468198338064E+00  0.158601646378707E+01
   0.148371565717394E+01  0.307417983574444E+01 -0.149187995962240E+01
   0.225559348770135E+01  0.228151224336587E+01  0.331122187738834E+01
  -0.403249500977788E+00 -0.710951011806695E+00  0.190882383437605E+00
   0.763088774224807E+00  0.260745608108126E+01 -0.210367900328677E+01
   0.198434652762840E+01  0.332937980887787E+01 -0.329194823680765E+00
  -0.436212109728269E+00  0.241190322632296E+01 -0.725708305239137E+00
   0.809150648394073E+00  0.543362419495441E+00 -0.183029120395256E+01
  -0.249348067412340E+00  0.168996304427487E+00  0.116312289853449E+01
   0.310729403135506E+01  0.145103517975922E+01 -0.122578968881658E+01
   0.207269014421222E+01 -0.337834090915970E+01 -0.346076607535746E+01
  -0.190986953219062E+01  0.536333133470298E+00 -0.150246752800424E+01
  -0.195258164951481E+01 -0.123236120654004E+01 -0.281384569540756E+01
  -0.139570525480082E+00  0.218947292368331E+01  0.172567708495684E+00
   0.313146218508281E+01 -0.110582781189311E+01 -0.258681625719782E+01
  -0.584435123099145E-01  0.292246486646245E+01  0.159623263312494E+01
  -0.171363941159454E+01  0.261543693928887E+01 -0.967635285828741E+00
   0.194264231719653E+01 -0.563932862701843E+00 -0.241917381328746E+01
   0.573712982068390E+00 -0.100943543902642E+00  0.422134399529494E+00
   0.124474331778968E+01 -0.230575476611134E+01 -0.200530741513891E+00
  -0.327991803080816E+01 -0.166402510561472E+01  0.933646666149955E-01
  -0.292320401729988E+01 -0.234933764831157E+01  0.179408816877050E+01
  -0.255846468947677E+01  0.163882117883815E+01 -0.135105903954079E+01
   0.933736927965286E+00  0.117931348230031E+01  0.258207085281503E+01
  -0.561612961348196E+00 -0.301206090366370E+01  0.335017738663932E+00
  -0.307244279447397E+00 -0.208542898629726E+01 -0.147818966225330E+01
   0.333235074422184E+00 -0.157067558660859E+01  0.107249509850041E+00
   0.349462758800217E+01  0.284116958020839E+01  0.165123534996441E+01
  -0.273888422118797E+01 -0.142775978599347E+01  0.331663686780424E+01
   0.272904102575015E+01 -0.156109514281788E+01 -0.548955402724313E+00
   0.327251714097662E+01  0.213891141151853E+01  0.254564914246298E+01
   0.383531312446262E+00  0.333273329786546E+01 -0.143062186912563E+01
  -0.524173968482495E-01  0.337616034610039E+01  0.257651312248031E+01
  -0.223666502018335E+01 -0.152086477193533E+01 -0.160250989512820E-01
  -0.214769283905001E+01  0.308906147642857E+01 -0.334924024738240E+01
   0.103792651045058E+01 -0.343388265363873E+01 -0.232698219245923E+01
  -0.217004290094635E+01 -0.344746602178703E+01 -0.129288291681275E+01
  -0.220988879902556E+01 -0.263773726578917E+01 -0.574382512178993E+00
   0.173279306042076E+01  0.552033206622721E+00 -0.235184716577637E+01
   0.134614022632625E+01 -0.585316055996941E+00 -0.108601209814719E-01
   0.156172649157588E+01 -0.244564286334606E+01  0.334494020561789E+01
  -0.469830671150585E+00  0.140403360647840E+01 -0.166484227886138E+01
  -0.543048334082240E+00  0.265158725476818E+01  0.315441183342213E+01
   0.285443830194826E+01  0.103644013006908E+01  0.139610894324225E+01
   0.178393719434537E+00 -0.202663039786614E+01  0.356041564410835E+01
   0.280129871619600E+01  0.222417645626372E+01 -0.206916815232722E+00
   0.175530754651050E+01 -0.142478774549313E+01 -0.432559077400497E+00
   0.717985644740432E+00  0.240715676833293E+01  0.859308671510256E+00
   0.143576197105614E+01  0.176457917979034E+01  0.106414122671490E+01
   0.312599688815956E+01 -0.100296380421661E-01  0.259289467443999E+01
  -0.197943243454157E+01  0.269848957476654E+00 -0.123031839925358E+00
   0.345788558618822E+01 -0.154658703949782E+01  0.126929103472529E+01
  -0.268353692470645E+01  0.181777876017345E+01  0.288270445990621E+01
  -0.130107011240904E+01  0.707807519627579E+00  0.154129772616912E+01
  -0.127949508710372E+01  0.227041139119880E+01  0.102336972134766E+00
  -0.332515009435855E+01  0.180301302003606E+01  0.176489009555466E+01
   0.231312862085801E+01  0.346215065785076E+01  0.147148858103990E+01
  -0.912777305938230E+00  0.265774946448682E+00  0.311962761319174E+00
   0.116537377947431E+00  0.322675816616411E+01 -0.281047357414101E+00
  -0.188020404993227E+01 -0.968649721733897E+00  0.239440608393558E+01
  -0.190761661587958E+01  0.797493979129584E+00  0.695658059585548E+00
   0.479098924120174E+00  0.142590244779736E+01 -0.230323090895668E+01
  -0.265217202651680E-01  0.763167750557718E-01 -0.147244969562347E+01
   0.279367432877576E+01 -0.772083437641987E+00  0.134326530935882E+01
%  0.126156302182596E+00 -0.524208666474802E+00  0.134113823153125E+01
%  0.219898025110787E+01 -0.434154429297669E+00 -0.406809554070789E-01
%  0.335482576233346E+00 -0.562442000762994E+00 -0.191692452343792E+01
% -0.719429784813107E+00 -0.193596245801923E+00  0.360217257580419E+00
%  0.157269775578462E+01  0.978079789724936E+00 -0.947770398077604E+00
% -0.117649519128128E+01 -0.712034405238159E+00 -0.657705145819186E+00
%  0.655771787818984E-01 -0.969219260278458E-02  0.661966082971102E+00
% -0.101983701885258E+01  0.203411778954526E+00 -0.770017974002431E+00
%  0.185219887206534E+00 -0.153380905682955E+01  0.127193294874487E+00
% -0.139747073857034E+00 -0.932295992754356E+00 -0.152963104471501E+01
%  0.575168758586326E+00  0.603276886236149E-01  0.174109892610156E+01
% -0.262112534880899E+00 -0.714594748383342E+00  0.179712473958781E+01
%  0.915819759813447E-01  0.150006219770140E+01 -0.666614689417037E+00
%  0.100516811144571E+01  0.476917033550924E-01  0.487224760884792E-01
%  0.781476142565946E+00  0.299995765665227E+00 -0.183630593991672E+01
% -0.139203132339222E+01  0.130016610982319E+01 -0.165870189873477E+01
% -0.626998413345419E+00 -0.132060378967561E-03 -0.103209803814416E+01
%  0.479847054905347E+00 -0.865390046617947E+00 -0.846519372565730E+00
%  0.328316702842749E+00 -0.141290509010433E+00  0.523576623813542E+00
% -0.359626063097266E+00 -0.158930671185748E+01 -0.279261830967384E+00
% -0.150177469119568E+01 -0.114408958627963E+01  0.357327983197427E+00
%  0.570258608803489E+00 -0.103218592019901E+01  0.148037366959168E+01
%  0.130456514425013E+01 -0.305430805278504E+01  0.365314894898685E+00
%  0.109877589294361E+01  0.146058970066248E+01  0.464407272069943E+00
% -0.103658036258409E+01  0.139036953759080E+00 -0.296881370744807E+00
%  0.491281790023847E+00  0.191651323456529E+01  0.490987836573001E+00
% -0.105059984345041E+01  0.535578426697489E+00 -0.806310672499526E+00
% -0.119396213152047E+01 -0.430435201115894E+00 -0.105811763935396E+01
% -0.723256159780432E+00  0.160366996258218E+01  0.297098301394417E+00
%  0.783225588078293E-01  0.156649714426827E+00 -0.349908280319679E+00
% -0.154455012137546E+01  0.369761874782461E+00 -0.791281346219302E+00
% -0.211956314017766E+01 -0.847126643015398E+00 -0.714820149689727E+00
% -0.779403078775016E+00  0.458301901334130E+00  0.786649696455988E+00
%  0.120125323447942E+01  0.105491284640613E+01 -0.365813398242038E-01
%  0.153717174589279E+00 -0.488559737634415E+00  0.523094481229013E+00
% -0.107238168702322E+01 -0.552622916720428E+00  0.127323908515129E+00
% -0.262763060452425E+00 -0.173883092267614E+00  0.675761290756556E+00
%  0.369659518431472E+00  0.375899058222200E+00  0.558232509810971E+00
%  0.478836984768392E+00  0.770738447091208E+00  0.506514171061304E+00
% -0.938128117363999E+00  0.853051069138907E+00  0.236689964315387E+00
%  0.133261926324976E+01  0.233537129206148E+00 -0.106134560706599E+01
% -0.203321502249723E+01 -0.430175343269946E+00  0.497544961736223E+00
%  0.118989151286296E+01 -0.122093912908107E+01 -0.449456325167254E+00
% -0.752630758243436E+00 -0.531302941462995E+00  0.823782729864354E+00
%  0.665299515291742E+00 -0.936693794600044E+00  0.530903047807089E+00
%  0.643787293826905E+00  0.727509485392019E+00 -0.307998427681835E+00
%  0.338934899951698E+00  0.242631722010999E+00 -0.122648145550142E+01
%  0.225114970534153E+01  0.483956406752209E-01 -0.127272291215515E+01
%  0.737630583825703E+00 -0.142580824333035E+01 -0.147651556489265E+01
% -0.468927905306264E+00  0.130351476607743E+01 -0.206703548180622E+00
%  0.556536353670053E+00  0.458513291472501E+00  0.561275508192847E+00
%  0.123618168417637E+01 -0.747905849088716E+00 -0.903585084266238E+00
% -0.113125381764561E+01  0.733084496247597E+00 -0.181495687035551E+00
%  0.731624244460404E+00 -0.276953527659788E+01  0.420580439019393E+00
% -0.516823189927901E+00  0.516666650205940E+00  0.932681346901246E+00
%  0.439373866104549E+00  0.872687627310532E+00 -0.446618085435626E+00
%  0.682182067469653E+00 -0.396858793673959E+00  0.154060992580481E+01
%  0.210758984166589E+01  0.150394656073476E+01  0.285790165853993E+00
% -0.200021159211121E+01  0.555703308351176E+00  0.692516868212591E+00
%  0.338644792281300E+01 -0.695688048270954E+00  0.431498811057168E+00
%  0.170112003969150E+01 -0.110670669339555E+01 -0.157924271674876E+00
%  0.142374537840060E+01  0.313684095838431E+00 -0.160225580509397E+01
% -0.693092914686039E+00 -0.136137091434219E+01  0.227316352773749E+01
% -0.833109716539629E-01 -0.811768434277533E+00  0.165679900242205E+01
% -0.334976299038370E+00 -0.542485901700935E+00 -0.501380478883999E+00
% -0.996484526019259E+00  0.339405401163050E+00  0.949385403815245E+00
% -0.255470937625097E+00 -0.129655169809465E+01 -0.134938396991053E+01
%  0.361782956189359E+00  0.817390273649831E+00  0.264610627120594E+00
%  0.269042037657753E+00  0.299851920123696E+00  0.108326055324891E+01
%  0.145121646041910E+00  0.101657539795841E+01 -0.894375737746040E+00
% -0.931409882556664E+00 -0.133918555440785E+01  0.585088627597608E+00
%  0.104659447177283E+01  0.171324772004227E+01  0.870708951806683E+00
%  0.939337653329095E+00 -0.115168756797159E+01 -0.365568882320527E+00
%  0.477439874383420E-01  0.107797956080671E+01 -0.253675127452262E+01
%  0.313789485780086E+01 -0.345739197304177E+00 -0.103021426084015E+01
% -0.701140628259782E+00  0.739135437359083E+00 -0.150077557391281E+00
% -0.806456986086725E+00 -0.961058541247071E+00  0.113995536855619E+01
% -0.241074655236512E+01 -0.634678273514911E+00  0.245728984301527E+00
% -0.129466602983908E+00 -0.875082022000030E-01  0.567485096367885E+00
% -0.131394999923648E+01 -0.986081025476217E+00 -0.401156371488100E+00
%  0.233117358521249E+01  0.579351371798471E-01  0.202050917069645E+01
% -0.399225133330311E+00  0.209349043990268E+01 -0.107358710469855E+01
%  0.551025775617348E+00  0.352404792552343E+00  0.270657140349746E+00
%  0.469348599269626E+00 -0.867075257745212E+00 -0.149620450189317E+01
% -0.879722946030927E+00 -0.488075800719035E+00  0.870356085115887E+00
% -0.405667118065076E+00  0.416729054891982E+00  0.150900854124030E+00
%  0.150286666310373E+01 -0.147029253716975E-01  0.120755728333745E+01
% -0.100240506185476E+01 -0.717926798579960E-01 -0.159688158511137E+01
% -0.112863063544990E-01 -0.131375619937780E+01 -0.543143255786418E-02
% -0.939544551874804E+00 -0.271649651079811E+00  0.110456162153664E+01
% -0.202450972049801E+00  0.178122541385493E+00  0.187093104251945E+01
%  0.918336298642833E+00  0.121733275448090E+00 -0.798241314818469E+00
%  0.108482271436401E+01 -0.402650038913050E+00  0.496343611722820E-01
% -0.126809909952881E+01 -0.144487207728819E+01  0.199475656281780E+01
% -0.831318115109210E+00 -0.128742773479758E+01  0.106625126144676E+01
% -0.941885093750714E+00 -0.163302300502315E+01  0.570711088218346E+00
% -0.602834838573971E+00  0.305418117861796E-01  0.196947239934630E+00
%  0.104268225360455E+01  0.699127827333891E+00  0.566913915546350E+00
%  0.161851499107660E-01 -0.547528506245816E+00 -0.491668372295787E+00
%  0.384820438521754E+00 -0.124791668192541E+01  0.404334039140922E+00
%  0.114738673478404E+01 -0.851112185586945E+00  0.155920725854618E+01
%  0.218403278802490E+01  0.115061316261699E+01  0.165883993761315E+01
%  0.667291862531568E+00  0.219560872079500E+00 -0.248379725130380E+00
%  0.767182511999589E+00 -0.378849509782322E+00 -0.930292886052445E+00
% -0.185097437291144E+01 -0.986499446367660E+00 -0.303588143926514E+00
%  0.417389642339445E+00 -0.110135842483589E+01 -0.305988975827159E+00
% -0.460472923484508E+00  0.818855445217508E+00 -0.155934049908682E+01
% -0.189092930666587E+00  0.184411076668015E+01 -0.585661644488293E+00
%  0.310875598434124E+00 -0.238330467579365E+01 -0.103948061303396E+01
% -0.603836411794061E+00  0.119292705833909E+01 -0.482780611878925E+00
% -0.108445144371724E+01  0.332157506637164E+00  0.792874486316322E+00
%  0.129726000000152E+01  0.255259836163383E+00 -0.152728555005778E+01
% -0.140161830949739E+01 -0.107284309521569E+01 -0.121190130448205E+01
% -0.283731371952326E+01 -0.199483622426018E+01 -0.762123956050275E+00
% -0.270747389740045E+01  0.478395106929685E+00 -0.154617548592621E+01
%  0.222571311991047E+01  0.445998689806481E+00 -0.402525730772868E+00
% -0.651368274785232E-01  0.306344208098198E+01  0.892043731943768E+00
% -0.672513733228012E+00 -0.799303839133091E+00  0.150291485555163E+01
%  0.242680361943442E+00  0.127966644012019E+01 -0.227419340917440E+00
% -0.121581879764062E+01  0.954483250244152E+00  0.216910578621784E+01
% -0.793949818292249E+00  0.652676746345661E+00 -0.350897015808964E+00
%  0.910929565342419E-01 -0.193648114139127E+01 -0.225641789832106E+01
% -0.161876828300953E+01  0.536408835720144E+00  0.190144428271166E+01
% -0.339935200479468E+00  0.232673919625837E+01  0.583293771066547E+00
% -0.173383020647811E+00 -0.948182126405330E-01 -0.541038455421866E+00
% -0.155122652504362E+01  0.305244841754959E+00 -0.219187650839156E+00
%  0.136707743176708E+01 -0.624766713147186E+00 -0.114565095512616E+01
% -0.186303915295316E+01  0.174859154855901E+01  0.342510374063668E+00
%  0.358331051055685E+00 -0.117994830821870E+01  0.638629810234203E+00
% -0.184231616592892E+00  0.170676711013947E+01 -0.129887862802257E+01
% -0.122966514272079E+01  0.579611862264630E+00  0.551604835600544E+00
%  0.440004491141811E+00 -0.120701974056097E+01  0.240836378026775E+01
% -0.209894174203501E+00  0.156690848181552E+00 -0.495695264066829E+00
%  0.134341667354178E+01  0.519549714047979E+00 -0.115186930922693E+01
% -0.530361197191162E+00  0.769098380956996E-01 -0.179605711877773E+01
%  0.575996342799600E+00  0.332366121862496E-01  0.765118536253724E+00
% -0.533237964006750E+00  0.964207804412205E+00 -0.203462484582098E+01
%  0.702538607335742E+00 -0.671690300655124E+00  0.891117836337094E+00
%  0.173334979224909E+01 -0.154579985649923E+01  0.276381229783162E-01
% -0.630027878467249E+00  0.257850903781590E+00 -0.870283754133183E+00
%  0.116161825385459E+01 -0.100353245960390E+01 -0.138019527885709E+01
% -0.625338370579629E+00  0.179562475249535E+01  0.121164170274534E+01
% -0.849374927353561E+00 -0.570006740639560E+00  0.249711025920482E-02
% -0.133252129098095E+00  0.138187359918961E+01 -0.758874656632512E+00
% -0.846598170200116E+00 -0.114317865748588E+00 -0.663521253992116E+00
% -0.676543131851408E+00 -0.215136732217638E+01 -0.156799418017685E+01
% -0.108323610490170E+01  0.495470295512969E+00 -0.787899019667329E+00
%  0.644373835514575E+00  0.136965068676133E+01 -0.618857975727873E+00
% -0.996800039087026E-01  0.186270036964974E+01  0.209234399095793E+01
%  0.599666788716818E+00  0.583053869532955E+00 -0.331840851027048E-01
% -0.943683008761139E+00  0.338069393513925E+00  0.238792633814510E+01
%  0.127706657449613E+01  0.289088198167955E+01  0.530059378938102E+00
% -0.587927689784824E+00  0.761360002001075E+00 -0.409830836073093E+00
% -0.645962002223530E+00 -0.482932399257047E+00  0.686294326332231E+00
% -0.575690773647471E+00  0.112964950720019E+01 -0.777820738244961E+00
%  0.455205941686382E+00  0.773936433633715E+00  0.492942498228116E+00
%  0.665814032153970E+00  0.235074969402028E+00 -0.450230538605202E+00
% -0.283376427639834E+00 -0.111106345566222E+01 -0.186552386138712E+00
%  0.112011601952141E+01  0.148888641450989E+01 -0.106213294837774E+01
%  0.148805300927381E+01  0.123090812503410E+01 -0.195572143262875E+01
%  0.172729852707873E+01  0.133774306040870E+00  0.544044650407663E+00
% -0.288697281311733E+00 -0.507070221445451E+00  0.236861269713223E+01
%  0.437970875617454E+00  0.120823340494709E+01  0.598798555330328E+00
% -0.183749042310130E+01  0.205065640226747E+00 -0.456120895165984E+00
%  0.156667425878265E+01  0.845661489763429E+00  0.532267529711211E+00
%  0.114888154676220E+01 -0.290126455899168E+01  0.580197397286315E+00
%  0.857710615988836E+00 -0.152107254769590E+01  0.339066359340625E+00
% -0.648820145658378E-01 -0.911576367717335E-02  0.149527014501472E+01
%  0.204191860524776E+01  0.871568230136542E+00  0.194292441993288E+01
% -0.264615703007080E+00  0.145139254620130E+01 -0.410016398800329E+00
% -0.239318440156993E+01 -0.340867922293869E-01  0.506755860929593E+00
%  0.629107265659919E+00 -0.743779544512478E-01  0.962901988554009E+00
% -0.150014335119102E+00  0.124350062289503E+01  0.141586974717185E+01
% -0.488063754540311E+00  0.877407408560116E+00  0.187632216119653E+01
%  0.129710051625902E+01  0.812990840021538E+00  0.122183754926070E+01
% -0.212731398140906E+00  0.471483054095083E+00 -0.468415091864998E+00
% -0.119043875600518E+01  0.105585056147491E+01  0.112388063608968E+01
% -0.186822633076412E-01 -0.150680862953853E+01 -0.127741488316791E+01
% -0.170024739863528E+01 -0.135769961916707E+01  0.546372901076286E+00
%  0.192318596285059E+01 -0.806361656210059E+00  0.568988989203886E+00
%  0.631460508619936E+00  0.200523117457571E+01  0.355583181260462E-01
% -0.107754630896719E+01 -0.438629854787051E+00  0.153129566495573E+01
%  0.418150958541770E+00  0.308905487565547E+00  0.247539236603962E+01
%  0.264981587360833E+00  0.110721560755799E+00 -0.239121551551632E+00
% -0.190683669586354E+01 -0.165189313722966E+01 -0.144772327645840E+01
% -0.645749338517310E+00  0.215089766548151E+01  0.788817427128032E+00
% -0.267564829020883E+00 -0.618896092489005E+00 -0.869576778418543E+00
%  0.192222464549871E+00  0.287009509995574E+00 -0.562278739909332E-01
% -0.358892029831660E+00 -0.723934601910422E+00  0.226116024838298E+01
%  0.628998084392215E+00 -0.271621328090566E+00 -0.531880125553216E+00
% -0.302963419685172E+00  0.437901253981108E+00  0.423123442745033E+00
% -0.237288269368308E+01 -0.501118724188991E+00 -0.205583655984887E+01
%  0.229575507405613E+01 -0.165310615366354E+01  0.211508089369248E+01
% -0.289180225096568E-01 -0.131931130907521E+01 -0.160836855547075E+00
%  0.422930717203413E+00  0.935994108856769E+00  0.587004673534128E+00
% -0.434747122509219E+00 -0.268846596988812E+00 -0.750953202594555E-01
% -0.878243371309199E-01  0.453970633311610E+00 -0.103378808873234E-01
%  0.589246074722023E+00  0.520568139305761E+00 -0.135612391769014E+00
% -0.250343888834548E+01 -0.119949281596622E+01  0.107862448535430E+00
%  0.604408954628264E+00  0.740690025282865E+00 -0.286733584306488E+01
% -0.901726151381484E+00  0.285981302966340E+00 -0.696226856630363E+00
%  0.798514704874792E+00 -0.152997442905928E+00 -0.723787719860687E+00
% -0.201441569709517E+01  0.120197093390795E+00  0.634987619890880E-01
%  0.226870161056294E+00  0.160897524260547E+01 -0.990208699745049E-01
%  0.751169262362604E+00  0.496909279850104E+00 -0.154365838723016E+01
%  0.904449333912570E+00 -0.400614958602383E+00 -0.118496974900022E+01
% -0.168377619816348E+00 -0.254509146206071E+00 -0.303975627229688E+00
%  0.525141870408250E+00 -0.847880395048213E-01  0.810066371722923E+00
%  0.945953370637852E+00 -0.203223834988697E+01 -0.117785735812366E+01
% -0.475009675287481E+00 -0.477388584242313E+00  0.667131003099760E+00
% -0.141277094302309E+01  0.174458746106444E+00  0.599286538437264E-01
%  0.656445604887812E+00  0.829799562291576E+00 -0.602618492576783E+00
%  0.189305335701542E+01  0.170471826535184E+01 -0.164587118205788E+01
%  0.314267179042694E+00 -0.776425208558466E+00 -0.133710762683694E+01
%  0.924029326827931E+00  0.169581640626420E+01 -0.927580327070097E+00
% -0.148546877095275E+00 -0.368111713859041E+01 -0.240020492297174E-01
%  0.252763314244108E+01 -0.845052348350692E+00 -0.123721133070756E+01
%  0.479728874979545E-01 -0.137525219033099E+01 -0.135294786253471E+01
%  0.859867435782460E+00 -0.424709312729546E-01 -0.593715760034353E+00
% -0.644505915111371E+00 -0.236119050432562E+00  0.908155431878354E+00
%  0.123761300266233E+01  0.261010788777257E-01 -0.371289372670868E+00
%  0.127997420741173E+01 -0.949408383704623E-01  0.141213023673766E+01
% -0.111243792169658E+01  0.309814280096354E+00  0.862298872009738E+00
%  0.129246479395395E+01  0.575574641826883E+00  0.401433836324514E+00
% -0.822175431171738E+00 -0.112546623465997E+01 -0.131832439293949E+01
%  0.152869315848500E+01  0.938330656183865E+00  0.188709480705395E+01
% -0.309586126716981E+00 -0.570917878797729E+00  0.109008554592317E+01
% -0.214416972434502E+01 -0.739887204295310E-01  0.110421958945457E+01
%  0.141829061912197E+01  0.710546768700872E+00 -0.176409032614358E+01
% -0.562759422535466E+00 -0.128025417752215E+01 -0.545520924954597E+00
% -0.293230450516795E+00  0.556201679074393E+00  0.644494261801190E+00
%  0.938083594765223E+00 -0.225693929880422E+00  0.397490756831495E+00
%  0.102626902175900E+01 -0.112454268691445E+00  0.195347292571768E+01
% -0.191985786867949E+01 -0.686399647486341E-01 -0.214169366663831E+01
% -0.196005686935089E+01 -0.730888004649654E+00 -0.146882027364519E+01
% -0.923837149779130E+00  0.526279252849443E+00 -0.850372943889028E+00
%  0.534165534932076E+00  0.212625553804034E+01  0.166275948808180E+01
%  0.673352456418154E+00 -0.858115109369650E+00  0.405748953865879E-01
%  0.916983635405918E+00 -0.750649125731875E-01  0.327109145933985E+00
% -0.146599788974925E+01  0.127456017802921E+01 -0.782727580097458E+00
% -0.208367535901446E+00  0.636482260001339E+00 -0.121483538012253E+01
% -0.158114713773419E+01 -0.733797352410777E+00 -0.173805658621480E+00
% -0.387901344860484E+00  0.101293969557916E+01  0.837900137999620E+00
% -0.893004842679427E+00  0.988237682952932E+00 -0.339059130904106E-01
%  0.325852379986786E+00 -0.985432052611915E+00  0.106039607247407E+00
% -0.120529279982957E+01 -0.557788048357751E+00  0.113347641266946E+01
% -0.156918896631036E+01  0.271638986335004E+00  0.546230042277639E+00
%  0.317427041575694E+00 -0.186517963259246E+01 -0.803494887290793E+00
%  0.993984484358354E+00  0.587093667862527E+00  0.103285410913775E+01
%  0.842713132203124E+00  0.133359146329044E+01 -0.932882156323720E+00
%  0.998663749711086E+00 -0.250418310879749E+01 -0.837476777878394E+00
% -0.553236071684811E-01  0.135108214956789E+01 -0.225567526767953E+00
% -0.155039964931595E+01  0.115743360221576E+01  0.340351783902515E+00
% -0.546182261286903E+00  0.839524007038809E+00  0.373948185466390E-01
%  0.103243454044853E+01 -0.431090188034781E+00 -0.217459719958175E+01
%  0.739081188101031E-01 -0.146665493309198E+01  0.784810284552264E+00
%  0.403546217892936E+00  0.197113690597284E+01 -0.154254547438775E+01
%  0.212411702042665E+02 -0.207541104969660E+01  0.103235868954177E+02
%  0.736701060102593E+01  0.294242909025528E+01  0.664124187614450E+01
%  0.363268785288502E+01  0.717933817582482E+00  0.717079410498173E+01
%  0.198321405014728E+01  0.298425097148935E+01 -0.180897389668725E+01
% -0.118171661549271E+02 -0.242425053456240E+02 -0.230317945582952E+02
% -0.250178193946536E+01 -0.374631551256557E+01  0.477234037264939E+01
%  0.677216613619259E+01 -0.509132837544490E+01 -0.960620685014915E+01
%  0.450652991733056E+02  0.249701602745698E+02 -0.233257606460604E+02
%  0.195185909071755E+02  0.928661020296325E+01 -0.365318809696041E+02
%  0.141757861218301E+02  0.974607623986984E+01 -0.181156392740348E+02
% -0.139070127148816E+02 -0.527534224578445E+01  0.756158052283207E+02
% -0.127968461697763E+00 -0.176530283482034E+02  0.160712390530971E+02
%  0.352018862879435E+02  0.327753777831680E+02 -0.256294198509509E+02
%  0.255824813071197E+02  0.429446937672882E+01 -0.450662061343734E+01
%  0.794064790710330E+01 -0.835550334161536E+01  0.296194550352497E+01
%  0.160261710001276E+02  0.109103005330671E+02  0.243468014280377E+02
%  0.375245786232925E+01  0.528955081210960E+01  0.439504525241182E+00
% -0.762408789768502E+01  0.141436906106672E+02  0.248553292267195E+02
%  0.480415224729849E+01  0.480314356964485E+01  0.106682872503690E+01
% -0.100494169291885E+02  0.148977922078297E+01  0.692319241191776E+01
% -0.414721809509970E+02 -0.363276571145333E+02 -0.120910111601171E+02
% -0.216375386834408E+02 -0.405856326031312E+01  0.232521259426290E+01
%  0.983133952041055E+00  0.642639686988248E+01 -0.318490843872206E+01
% -0.516715406489937E+01 -0.104172427691198E+02  0.297098595532524E+02
%  0.553825210693598E+00 -0.240659506100024E+00  0.312976236101416E+01
%  0.775946347856754E+01 -0.192689273561274E+02 -0.604482669251725E+01
% -0.786708391576754E+01  0.441832166336040E+01 -0.929110926454262E+01
%  0.153606171324785E+02  0.226189375669437E+02  0.168057737568923E+02
% -0.470041576229141E+02  0.178648682840552E+02 -0.296520461485245E+02
%  0.203075979331941E+01  0.509822276596029E+01  0.332706471134357E+01
% -0.269888798856803E+01 -0.366973460783025E+02  0.788912420700472E+02
% -0.831913972588299E+00  0.116330592542591E+02 -0.728435546841288E+01
%  0.102569647726230E+02  0.106250446721080E+01  0.739646515216765E+00
%  0.149983887928689E+02 -0.379661011211554E+01  0.164919125499836E+02
% -0.690581318362119E+01 -0.350985848939866E+01 -0.394393623637370E+01
% -0.387039276008121E+01  0.576184203537098E+00 -0.227409258122933E+01
%  0.498034899523058E+01 -0.197012230130829E+01 -0.339812603751838E+01
%  0.997499606979912E+01  0.128031570229513E+02  0.237966553652599E+01
% -0.960487398397107E+01 -0.113147881459050E+02  0.164357082048057E+02
% -0.430430114176301E+01  0.346422494695121E+02  0.253414505855944E+02
% -0.163122627323978E+02 -0.390797962164384E+01 -0.624379260141417E+01
%  0.614024728316755E+01 -0.685784823481165E+01  0.281468177762944E+01
% -0.104649937996532E+02 -0.505235174306429E+01  0.303602671578323E+01
%  0.847553811743153E+00  0.225924638105250E+01 -0.123716928423246E+01
% -0.192598395363508E+01 -0.146117653791003E+01 -0.525159172896325E+01
% -0.944016746271743E+01 -0.219734856038548E+01  0.171562623069908E+02
% -0.250197071235032E+01 -0.439599945835121E+01 -0.457118470186403E+01
%  0.179336836707343E+02  0.895494033786792E+01  0.165233559016627E+02
% -0.184870574835057E+02 -0.158323968627424E+02  0.254435971136357E+01
% -0.335680133434991E+02  0.427051734333781E+02  0.209962161233087E+02
% -0.100788194618321E+02  0.136070135746966E+02 -0.536308825851759E+01
% -0.123715414023453E+02 -0.226209607437244E+02 -0.150978477740576E+02
%  0.135237513907873E+01  0.177201487917184E+01  0.255845344679535E+00
%  0.489602682562248E+01  0.878820246248454E+01 -0.152526287114601E+01
% -0.343088283211753E+02  0.128207727550143E+02  0.123867043810036E+02
%  0.494579217654630E+01 -0.546628271759407E+01 -0.102096761177567E+02
%  0.118206248078587E+02 -0.466586512805814E+01 -0.126279535956126E+02
% -0.337284487309260E+02  0.417735891434945E+02  0.137260029520828E+01
%  0.536898407024754E+01  0.759456302411225E+01 -0.283186323678393E+01
% -0.848599151976948E+01  0.306133202600576E+01  0.145177814892961E+02
% -0.179244740016147E+02  0.627336191560749E+02 -0.105092024522125E+02
%  0.559077166982384E+01  0.240385915905575E+01 -0.681747349979866E+01
%  0.266941109321950E+02 -0.211529491854706E+02  0.280152619257212E+02
% -0.686768138846093E+01 -0.406654002755832E+01  0.663996613860821E+01
%  0.128786837632273E+02 -0.317430628776276E+02 -0.144402981255264E+02
%  0.210497811462307E+02 -0.599725115576749E+02  0.139889160031898E+02
%  0.177018249568765E+02  0.279095015210914E+02  0.108889233732685E+02
%  0.117084041690353E+02  0.101238288741378E+00  0.157801800490923E+02
%  0.109313680552834E+02 -0.392375263326823E+01  0.140767274955299E+02
% -0.667464486895099E+01 -0.493464613196506E+00  0.285138834579835E+01
% -0.203442668041083E+02  0.764976377738385E+00 -0.785572876228645E+01
% -0.225047396717017E+02  0.399169364385866E+00 -0.676120215150311E+01
% -0.138823766826339E+02  0.443749133449173E+01 -0.410320470648892E+01
% -0.715705656140851E+01 -0.432900924335912E+01 -0.799727060103363E+01
% -0.159216561193349E+02  0.233038309783593E+02  0.139824291891802E+02
% -0.250858718744853E+02 -0.221321433814840E+02  0.155948434918765E+01
%  0.177135064345171E+01 -0.356405282278597E+01  0.121451664900847E+02
%  0.147015375960319E+02 -0.667073288162274E+01 -0.143755114593235E+02
% -0.510469031813951E+02 -0.162286950974875E+02  0.188292797566342E+02
%  0.187156936872988E+02 -0.111006712792887E+02 -0.360865142737085E+02
%  0.216911760292063E+01 -0.118375777335277E+02  0.493714773531606E+00
%  0.429869762976709E+01 -0.893365083566104E+01 -0.444684902855436E+00
%  0.892583796648866E+00  0.412142564629309E+00 -0.199175030677401E+01
%  0.334240587976902E+02 -0.118761922826749E+02 -0.512181133353634E+01
%  0.326988825342830E+02 -0.358446502758735E+02 -0.207564436121421E+02
% -0.103325053636125E+02  0.145710390846040E+02  0.849295846465970E+01
% -0.172246398961040E+02 -0.101521816256080E+02  0.126206147617879E+01
%  0.400909412148973E+02  0.640755812007477E+01  0.122829169167621E+02
% -0.104101334602760E+02  0.113618998042289E+02  0.247128839126530E+01
% -0.121292666385530E+02 -0.371562840223942E+01  0.106504614819161E+02
%  0.317879830047839E+01  0.168881716581190E+01 -0.970408682719291E+00
%  0.265908104901350E+02 -0.118905090927885E+02  0.478797269294120E+01
%  0.531320112836272E+01 -0.143781095464897E+02  0.145698319616127E+02
% -0.137033985428175E+02  0.354737983759643E+01  0.160755707389707E+02
% -0.152144649932464E+02  0.173856368664631E+02 -0.282411104525536E+01
% -0.325209416848303E+01 -0.822011191512459E+01  0.226765079855023E+02
%  0.104793578634713E+02  0.933285596661374E+01 -0.268284664779320E+01
%  0.496410488942073E+01 -0.146233052020097E+02 -0.436248244405964E+02
%  0.490829788109655E+02  0.405991725087644E+02 -0.963896636204102E+01
%  0.777950657634937E+01  0.830023058450179E+01  0.180473857072948E+02
%  0.508413512696893E+02  0.300662366627257E+02 -0.317746539789748E+02
%  0.153445954707926E+02 -0.366864247119651E+02  0.343789649791077E+02
% -0.162889758403494E+02 -0.470668193968139E+02 -0.283009903308962E+02
%  0.484195807154452E+02  0.663392910272870E+02  0.354148761496535E+02
% -0.178323977599981E+02 -0.339289341398250E+01  0.194584179368943E+01
%  0.670512608992472E+01  0.353605120525667E+01 -0.484604028655649E+01
%  0.757843635310330E+01 -0.244786480905251E+01  0.199817638884187E+01
% -0.394842893745784E+01 -0.426501663376077E+01 -0.669087911662329E+01
% -0.715112310283361E+00 -0.166769033411405E+02 -0.279346898006075E+02
% -0.217517688811803E+01  0.175869089066709E+01  0.517885356041858E+01
%  0.440210271267578E+01  0.301988853322249E+01 -0.446124210836691E+01
%  0.182547255814575E+02 -0.297188443457448E+02  0.985390765224982E+01
% -0.249121923425989E+02 -0.506284563521686E+02  0.746119424809949E+02
% -0.111871532559830E+02  0.849445897939090E+00 -0.700577363103946E+01
% -0.155559193623390E+02 -0.155242217880767E+02 -0.206270028905884E+02
% -0.140370394836477E+02  0.260867178087295E+02 -0.822769659038452E+01
%  0.776552813233132E+01  0.185171524363018E+02  0.115500735665214E+02
% -0.399569232951251E+02  0.187445296589564E+01  0.356336522266367E+02
%  0.552948237453805E+00 -0.686622733966298E+01  0.106600142561278E+02
%  0.284129694152914E+02  0.257208967847561E+02  0.121902526046684E+01
%  0.465711340340953E+02  0.960449134115569E+01 -0.134333466278069E+02
% -0.571112051085214E+01 -0.443109904773013E+01 -0.122595673214132E+01
%  0.253409933458857E+01  0.124973724498861E+01 -0.505409955102616E+01
% -0.207669390745458E+02 -0.833459871341976E+01 -0.360300716829509E+02
% -0.306905578501840E+01 -0.414911199729384E+02 -0.230745463205033E+01
%  0.218550546202094E+02  0.347073335374171E+01  0.317512068517583E+02
% -0.558967794707864E+00 -0.426058992158842E+00  0.546316999548732E+01
%  0.797294028337382E+01 -0.116793331075792E+02 -0.281968350224186E+01
% -0.261299045989240E+02  0.492078848905980E+02 -0.635298784390290E+02
%  0.202297637302154E+02  0.868454348683157E+01  0.110477807976461E+01
% -0.161119130819802E+01 -0.873349594279272E+01  0.455726677310307E+01
% -0.520078782443423E+01  0.716059968539350E+00  0.705237715782406E+01
% -0.689238573853256E+01  0.555246426687391E+01  0.874112788354045E+01
% -0.224630113338223E+01 -0.179606241690623E+02  0.567381956314196E+00
% -0.338665877272621E+02  0.224941701208422E+02  0.879363968756241E+01
%  0.130040595671094E+02 -0.303623589157085E+01 -0.363525598142813E+02
%  0.115587272786197E+01  0.697481321337675E+01  0.346218184534069E+00
% -0.470960408298332E+00 -0.187172884436220E+01 -0.812146746055840E+01
% -0.119809632415937E+01  0.109090773869433E+01  0.219259378901146E+01
%  0.291969688612646E+02 -0.438666231675293E+02  0.322701065737259E+01
% -0.211770678719213E+01 -0.823612381890544E+01 -0.546751264919718E+01
%  0.266137142352489E+02  0.116466371804726E+02 -0.484058082417286E+01
%  0.310875452624684E+01  0.280313164442623E+01 -0.350674669487217E+02
%  0.195857130987185E+01  0.684394194546455E+01  0.183843412150123E+00
% -0.100130684199919E+02  0.192785253107356E+01  0.319546694036734E+01
%  0.745898311875036E+01 -0.202169187559690E+02 -0.179189300477426E+02
% -0.467830950895405E+01  0.967369784106280E+01 -0.240205023138561E+01
% -0.456316548090951E+01  0.976648061124481E+01 -0.847965043374973E+01
%  0.166270205474150E+02 -0.369355142902805E+01 -0.560585102106517E+01
% -0.271673854170381E+02 -0.290196712317752E+02  0.485282706234174E+01
%  0.792339849626021E+01 -0.482004217494746E+01 -0.781596385399333E+00
% -0.445368129768850E+01 -0.865777922243185E+01  0.830386693410267E+01
%  0.308135228336236E+02 -0.193691119656514E+01 -0.158879341927818E+01
%  0.155991841156008E+02  0.121546214312235E+02  0.172044216914980E+02
%  0.951800277926556E+01  0.337288382352642E+01  0.184052284157018E+00
% -0.228753784358852E+02 -0.273754529520503E+02  0.292150893717247E+02
% -0.103578707002384E+01  0.148006265244328E+00 -0.128980733239977E+02
%  0.390774877509924E+01 -0.232585715825893E+01 -0.276815193028985E+01
% -0.182200476429266E+01 -0.134685431199872E+01  0.259210821697255E+01
% -0.407365728436938E+00  0.547693141796676E+01 -0.425207210899291E+01
%  0.373640831890205E+01  0.152967222911458E+02 -0.400760507409869E+01
% -0.559684097210514E+00 -0.983255394901163E+01  0.152936115281095E+01
% -0.282295822669030E+00 -0.612736602335856E+01 -0.172709559489942E+01
%  0.198306506369657E+02  0.895043441312276E+00 -0.378417789164958E+02
% -0.959970003889850E+00 -0.196058347596336E+01  0.127438582921174E+02
% -0.207766074860305E+01  0.129202950758460E+01 -0.137409023066281E+01
%  0.441245916023520E+01  0.407342717703582E+02 -0.361045328661663E+01
%  0.618569990683554E+01 -0.196616480079386E+00 -0.653492350846711E+01
% -0.237911878621885E+02  0.123006226785888E+02 -0.110205560301365E+02
% -0.329697090466675E+01  0.235685665157760E+02 -0.540022064082039E+02
%  0.774917104662792E+01 -0.738182321492277E+01 -0.851703002466897E+01
%  0.228179809533063E+02  0.295647793327854E+01 -0.889836361272561E+01
%  0.733516390403885E+01 -0.360833985642954E+01  0.180012645258058E+02
% -0.223211042429390E+01  0.969857936124595E+01  0.137389807706001E+01
% -0.326361984794195E+01  0.108381830731176E+02  0.170353844097427E+02
% -0.229969151289492E+02  0.726761911890054E+01  0.198094118701437E+02
% -0.122670915017922E+02 -0.799889608240619E+01  0.194266906719271E+01
%  0.447979241695202E+01  0.104007809380354E+02 -0.412876208537773E+01
% -0.183672014812435E+02 -0.128751933976529E+02 -0.490177634012978E+01
% -0.196633767714350E+02 -0.585559417065107E+02  0.357325086602496E+02
% -0.249375717175357E+01  0.601274757821176E+01 -0.205973501875274E+01
% -0.149703357741468E+01 -0.223186525726974E+01 -0.907529133205452E+00
%  0.125890971405283E+02  0.710254713999073E+01 -0.155831588512944E+01
%  0.242194325909075E+02 -0.482248904870547E+01 -0.260922865558253E+01
%  0.176681341251539E+02  0.928754062020333E+01  0.880692623526098E+00
% -0.902114228366764E+00  0.397812182951355E+00 -0.296046452756379E+01
%  0.135731474048211E+02  0.542470707141024E+01 -0.676949033278660E+01
% -0.917943839951102E+01  0.750573808500660E+00  0.405087313631486E+02
% -0.716811362762128E+01  0.283837102959554E+01 -0.598943255823724E+01
%  0.653040662051990E+00  0.139014214379976E+01  0.475613049024170E+01
% -0.258099757268950E+02  0.117123040107643E+02 -0.135570889683952E+01
% -0.217805739843445E+02 -0.485690601055521E+01 -0.297409464029693E+02
%  0.557787019412362E+01  0.345484896490728E+01  0.401224421849384E+01
% -0.539318453509579E+01  0.496237410687335E+01 -0.273431793845757E+01
%  0.277717272126658E+01 -0.216135280187406E+01  0.722904406939869E+00
%  0.991446209269287E+01 -0.188010420506948E+02 -0.421911089712014E+01
%  0.238535936866592E+02 -0.289978741632927E+02 -0.476632315162175E+02
% -0.157918541720422E+02  0.205013767517532E+02 -0.404820586657796E+02
%  0.772975134378068E+01  0.748465442990875E+01  0.102933922845784E+02
%  0.189877402496715E+01  0.121023614173278E+01  0.430826030223916E+01
%  0.132838960896941E+02  0.220755137118353E+02 -0.136691226237991E+02
% -0.382282714358189E+02 -0.165426224585502E+01  0.143409302486001E+02
% -0.232735695912468E+01 -0.211864566904007E+01  0.994074931830565E+01
%  0.208903682278172E+02 -0.165262964279532E+02 -0.172416970967897E+02
%  0.126118198631651E+02 -0.149453694111192E+02  0.370712929016315E+02
% -0.992117087276429E+01  0.118699159294485E+01 -0.383080766712647E+02
%  0.221438084519559E+00 -0.748747929235117E+01 -0.826485189205757E+01
% -0.578567933162481E+02 -0.556010248249654E+02 -0.399097746359436E+02
% -0.409658615043049E+01  0.330743710878874E+01  0.296349259491126E+01
% -0.147450007078292E+02  0.957177411927222E+01  0.961404510759867E+01
% -0.546444864683903E+01 -0.893686197947478E+01  0.319442825570633E+01
% -0.281933586331570E+01  0.558631902215364E+01 -0.499262111696047E+00
% -0.492992748226954E+01  0.249669558167035E+01 -0.120618709961209E+01
% -0.205520005276731E+00  0.175592173951761E+02  0.453404021765964E+02
%  0.144621041918901E+02  0.338918500634339E+02  0.212725827494273E+02
%  0.255098186366209E+01  0.105678517182957E+02 -0.317276516241774E+02
% -0.197341129603014E+02  0.977987752905925E+01 -0.595988690919990E+01
% -0.179602992319213E+02  0.434965992578445E+02  0.472911337259482E+01
% -0.232323562272817E+02 -0.457518507403808E+01  0.117736189860644E+02
%  0.464364230463216E+02 -0.245749034406997E+02  0.154065523102592E+02
%  0.458638135435812E+02  0.502321398483869E+01  0.522554811063100E+01
% -0.247705223630812E+02 -0.668234904214620E+01  0.130892269353427E+02
%  0.682932691624204E+01 -0.211805682699648E+01  0.575449029708446E+01
%  0.254707548396416E+01  0.761579191503611E+01  0.343916541325012E+01
%  0.940054142730153E+01  0.791447052163902E+00 -0.167861046732429E+01
% -0.264582354144412E+01  0.239204315047529E+01 -0.654315974921115E+01
% -0.463001498552949E+01  0.110150007665238E+02  0.360379695261260E+02
%  0.156505233467743E+02 -0.518715199290280E+00 -0.111505100277055E+01
% -0.393423711077561E+01  0.765900345160336E+01 -0.370028178542849E+00
% -0.124378059415369E+02 -0.181951766980521E+02 -0.259336761113002E+02
%  0.875370469447064E+01  0.919523643116746E+00  0.434598699707996E+01
% -0.168318167499100E+02 -0.291827890261719E+02  0.141720719809271E+02
%  0.426910197683102E+01 -0.340733304822599E+02  0.153051894019543E+02
%  0.654111476139828E+00 -0.952961578518510E+01 -0.225652270345657E+01
% -0.378953482861094E+01  0.305766373054637E+01 -0.662273613497463E+01
%  0.722157672151902E+00 -0.493513052379066E+01 -0.767741404146392E+02
% -0.913630224410659E+00 -0.122932193321656E+02 -0.477681283544731E+00
% -0.214597396375548E+02  0.540673712148690E+00 -0.869203340329804E+01
% -0.292224250147569E+02  0.168024248664799E+02 -0.116865941971269E+02
%  0.588335655857707E+01 -0.100227661848546E+02 -0.419033148107024E+02
%  0.196531947490317E+02 -0.206937829792837E+02 -0.251166876741064E+02
% -0.223482047066257E+02  0.258712319849784E+02 -0.158896861986569E+02
%  0.100666767762908E+02 -0.120497187481252E+02 -0.382027652086336E+01
% -0.133850662482332E+02  0.220193087640786E+02  0.142914310815333E+02
% -0.949145802950529E+01 -0.605903244741026E+01 -0.951628229449251E+01
% -0.777644899879352E+01  0.170520156420477E+02 -0.542359790078177E+01
%  0.473284202134742E+01  0.115985370182311E+02 -0.857152504100353E+01
% -0.226544169273250E+01 -0.320923295762815E+01 -0.163726505625256E+01
% -0.124650832261964E+01  0.106535704591821E+02 -0.361508704658158E+00
%  0.379781597703098E+01  0.148470848867563E+00  0.109407585633207E+02
%  0.231865990084975E+01  0.197597980201129E+01  0.104206990210130E+01
% -0.726989153907218E+01  0.161057779258771E+02  0.444472908124567E+02
% -0.403169773273991E+01  0.987728941413235E+01 -0.872329229862263E+00
% -0.712419531016750E+01 -0.859318125619718E+01  0.300121018667376E+01
% -0.102282852293164E+02  0.955452303054945E+01  0.400343718210431E+00
