% T    256  0.715122828077254E+01  0.715122828077254E+01  0.715122828077254E+01
   0.171147888204019E+01 -0.175472991826313E+01  0.223957721038194E+01
   0.174414741272467E+01 -0.330086943107495E+00 -0.213541090555195E+01
   0.120378453158869E+01 -0.168952860757145E+01 -0.932205000789018E+00
   0.157930790468806E+01 -0.309576173304829E+01  0.576687768843086E+00
   0.129229814135184E+01  0.177529707908858E+01 -0.248410290890213E+01
   0.195234227037135E-01  0.158327767812782E+01 -0.394767316291699E+00
   0.184194277848811E+01  0.445653181297123E+00  0.187376066804058E+01
  -0.165903298288457E+01 -0.103535209023991E+00  0.143993212550733E+01
   0.792445049202718E+00  0.465362261330766E+00 -0.242530822720009E+01
  -0.349137207087873E+01 -0.173515571638067E+01 -0.264913687777586E+01
   0.326564089593000E+01  0.477896822377268E+00  0.345583599661947E+01
  -0.294733584782120E+01 -0.221353877013376E+01  0.213940443790851E+01
  -0.243796628032896E+01  0.270727831453337E+01  0.276175087959249E+01
  -0.100332302903678E+01 -0.851415961169359E+00 -0.313789912252745E+01
   0.273673843117265E+01  0.248880587769492E+01 -0.228991501014350E+01
   0.271715396851955E+01  0.793202056716868E+00  0.105594226643382E+01
   0.312528265196503E+01  0.288920163387719E+00 -0.194051942255147E+01
   0.173773386652586E+01 -0.267808218179212E+01 -0.700490009636608E+00
  -0.148540413635602E+01 -0.139398586925388E+01 -0.188066884184420E+01
   0.141572352430568E+01  0.340872033037320E+01  0.325823121895519E+01
  -0.153741092950381E+01 -0.200221183627998E+01  0.112062522143413E+01
  -0.722560621188397E-02  0.111658362880126E+01  0.285241304520562E+01
   0.181495881079493E+01 -0.239819374256199E+01 -0.304150681526035E+01
   0.292683563529908E-01 -0.638119074545376E+00  0.165002679826016E+01
  -0.116364076018018E+01  0.130657111518616E+01  0.620906305556213E+00
   0.294847903833523E+01  0.282709918607751E+01  0.173635489757248E+01
   0.346286691604947E+01 -0.923307968951549E+00 -0.334455296769643E+01
   0.202107361578692E+00 -0.803389633069452E+00 -0.193099829793316E-01
   0.240247773415113E+01 -0.256501428101586E+01  0.196106513489356E+01
  -0.297149645883421E+01 -0.272295912135849E+01 -0.149611333751823E+01
  -0.527896486361216E+00  0.165167916660152E+01 -0.353587333016578E+01
   0.275761958049033E+01  0.153966254328641E+01 -0.155590947635470E+01
  -0.115479633950566E+01  0.323257960064801E+01 -0.187278427923077E+01
   0.151787830225961E+01  0.342393996419811E+00 -0.313863233897446E+01
  -0.711371404728830E+00  0.262388826523889E+01  0.207245322798926E+01
  -0.146547841920246E+01 -0.308256553624622E+01 -0.373924941600996E+00
  -0.108000671415993E+01 -0.259008285374758E+01  0.174664156044828E+01
   0.333826546265591E+01 -0.273770516900180E+00  0.281122165863569E+01
   0.725258609660297E+00  0.112543112233632E+01 -0.136884933775992E+01
  -0.352417459313016E+01  0.132836743782869E+01  0.269777230106061E+01
   0.118133471874456E+00 -0.271937539300854E+01  0.278683138188898E+01
  -0.221728835896592E+01 -0.103887311992497E+01 -0.288800684994488E+01
  -0.334502236166137E+01 -0.137329569103278E+01  0.300146723843011E+01
   0.106159778627486E+01  0.186387157535355E+01 -0.366903799472652E+00
  -0.367889591935956E+00 -0.182472809829096E+01  0.179448453543614E+01
  -0.218240388679133E+01  0.992476193751030E+00  0.134642454327587E+01
   0.225898610405341E+01  0.353666893096901E+01  0.124497690365439E+01
  -0.166352418930279E+01 -0.191484007582631E+01 -0.990296404794534E-02
  -0.932146908654749E+00 -0.334976616291111E+01 -0.269822176418157E+01
   0.339166221711287E+01 -0.202692348029497E+01 -0.111477877940596E+01
  -0.479201185566937E+00  0.169907568797544E+01  0.212189846035656E+01
   0.344561304939342E+01 -0.342953376762083E+01  0.147549731147999E+01
  -0.306642065770229E+01 -0.129039118558752E+01 -0.595212876990798E+00
   0.328762935015522E+00  0.212379604119855E+01 -0.195232863953106E+01
   0.790570976321542E+00  0.311825691899485E+01 -0.289211984894269E+01
   0.621024682528638E+00 -0.487263160485744E+00  0.297312172732651E+01
  -0.237768961261694E+01 -0.332335642674178E+01 -0.959942076037367E+00
  -0.112246591226443E+01  0.354055500745946E+01  0.166214232643885E+01
   0.246358935578410E+01 -0.120214851514961E+00  0.316892389740644E+01
  -0.106780793079802E+00 -0.201180245455364E+00 -0.228801729811617E+01
   0.804226820071148E+00  0.319125347589863E+01 -0.991925054962329E+00
  -0.330599550865593E+01 -0.239450768488275E+01 -0.215845168399337E-01
  -0.305199367721469E+01  0.125703695893394E+01 -0.232309979300130E+01
  -0.568648296076827E+00 -0.220799521330692E+01  0.387256806438762E+00
  -0.326160324891335E+01  0.319394721975760E+01 -0.192183882455610E+01
   0.277882662863910E+01  0.996223237977712E+00 -0.251440817125344E+01
  -0.864528894047501E+00 -0.261291005709725E+01 -0.181361096110819E+01
   0.993739074516649E+00 -0.213738655207417E+01 -0.235734198132635E+01
   0.667587301645660E+00  0.227340107835426E+01  0.530639927106114E+00
  -0.328393080024853E+01  0.317569597319148E+01  0.339360162200029E+01
   0.302259632438285E+01 -0.213195789756827E+01  0.261470475428766E+01
   0.105997178825447E+01 -0.517557079688223E+00 -0.674784763169019E+00
  -0.115348902188740E+01 -0.199819106297526E+01 -0.284440673640786E+01
  -0.157938906467987E+01  0.291697194324372E+01 -0.772018658730481E+00
  -0.161902304804246E+01  0.330149646798930E+01  0.262728565736438E+01
   0.356917928445108E+01 -0.109670405981310E+01  0.201228689065488E+01
  -0.178779248859866E+01 -0.112999787819760E+00 -0.295755208144211E+01
   0.267986679311506E+01  0.313525988702782E+01 -0.623278854360264E+00
  -0.119119310150353E+01 -0.116201560958547E+01  0.629839880094220E+00
   0.183761499950785E+01  0.228145677770028E+01  0.359957241522998E+00
   0.326539709335962E+01  0.167495941610556E+01 -0.521980931533198E+00
  -0.240237935770234E+01  0.710388907213153E+00  0.246019744082753E+01
   0.223262927411392E+01  0.104615596010311E+00  0.622954189609573E-01
   0.140842392380860E+01  0.352637838941691E+01 -0.192281141553340E+01
  -0.247137759914232E+01  0.235275942108114E+01 -0.309838535879703E+01
  -0.301208097263003E+01 -0.338939770149562E+01  0.783685444363305E+00
  -0.201531290967992E+01 -0.329964526688493E+01 -0.276024865282674E+01
  -0.235173066015074E+01  0.237024016144607E+01  0.168948151221540E+00
  -0.115168614926670E+01  0.222192836208731E+01 -0.188807029076169E-02
  -0.287001516166853E+01  0.167392397480913E+01  0.338581749070846E+01
  -0.214970196147078E+01  0.196269003344474E+01 -0.208937475251142E+01
   0.700228765494866E-01 -0.147729881642325E+01  0.924973025710208E+00
  -0.324681365991640E+01  0.945362339362365E+00  0.706612490360461E+00
   0.311201105114406E+01  0.162524188888240E+01  0.177741366209234E+01
  -0.346588360758412E+01  0.195942184881791E+01 -0.174036071700722E+01
   0.188624383564042E+01 -0.987117223504566E+00 -0.224459130065747E+00
  -0.652894595230585E+00 -0.100413120599488E+01 -0.131349671528295E+01
   0.254080436566933E+01 -0.314805170797323E+01  0.318734835528880E+01
  -0.198450996457971E+01  0.322609083933029E+00 -0.113564915539419E+01
   0.172435151708464E+01  0.140602239017680E+01 -0.115086534453879E+01
   0.135828934141373E+01  0.153905751008704E+01  0.106239419398856E+01
  -0.165823964929695E+01  0.161203799227040E+01 -0.303600946111250E+01
  -0.488139504792289E+00  0.227850911634516E+01  0.652336379768086E+00
   0.228185667901703E+01 -0.627840275307451E+00 -0.121468740523787E+01
  -0.251950706288456E+01 -0.226114654118354E+01 -0.682344496994039E+00
  -0.239740192345154E+01  0.301317839494660E+01  0.174581252944204E+01
  -0.472718557127853E+00  0.137646036332817E+01 -0.127625588991277E+01
  -0.340422190558310E+01  0.355455334433427E+01 -0.339712020231492E+00
   0.130854086685753E+00  0.248231964022812E+01  0.148782243678445E+01
  -0.143590263223001E+01  0.265988799785907E+01 -0.268749360304105E+01
  -0.223519808514649E+01  0.343703052745962E+01  0.222220802535758E-01
  -0.885710576834726E+00 -0.102362428628415E+00  0.230886768978133E+01
  -0.228611651105345E+01 -0.134832404698736E+01  0.281061782915308E+01
   0.158129177519219E+01  0.343147828837375E+01 -0.348280155918327E+00
   0.219132562695065E+00  0.137559511125659E+01  0.852556655142753E+00
  -0.979486746297917E+00 -0.991050594832541E-02 -0.563065298590844E+00
  -0.152217246198215E+00 -0.305594233892789E+01  0.182811702069549E+01
   0.192406736126145E+01  0.250493947302287E+01  0.182836131564288E+01
  -0.451648432832921E+00 -0.140584037143610E+00  0.328303674234185E+01
   0.454604341652757E+00 -0.296380280699506E+00 -0.313087796621921E+01
   0.671429903839080E+00 -0.208971097923386E+01  0.207056618498372E+01
  -0.202543650634184E+01 -0.296989736069359E+01  0.151142610653578E+01
   0.318926822419240E+01 -0.984243909629483E+00 -0.140921108694056E+01
  -0.349436074327050E+01  0.211961466196670E+01  0.520347438171125E+00
   0.139833848864351E+01 -0.203072328726868E+01  0.201636268301334E+00
  -0.304173342657749E+01  0.193442437659077E+01  0.200166432418048E+01
  -0.273421540969305E+01 -0.293387151740929E+00  0.264634088175368E+01
   0.574344468321816E+00  0.411413562244947E+00 -0.336022311843584E+00
   0.145679443492813E+01 -0.136050985292302E+01 -0.307895745953778E+01
  -0.113203952217126E+01  0.730731147595826E+00 -0.300289264491112E+01
  -0.248589704735822E+01  0.296249204974233E+00 -0.234983726927620E+01
  -0.304452279417206E+01 -0.295658545409040E+01 -0.249658043892470E+01
  -0.803616360637177E+00 -0.110628737536934E+01 -0.324072927436172E+00
   0.314025145058813E+01  0.294323840728417E+01  0.279404602538247E+00
   0.116604922773299E+01  0.284994209552325E+01  0.114384311607652E+01
   0.206049395115490E+01 -0.270070758374627E+01 -0.176120103442243E+01
   0.106472465340876E+01  0.704374897331574E+00  0.307370337445559E+01
  -0.146115547657589E+01  0.194770668852335E+01 -0.119050359007160E+01
   0.213273992161260E+01  0.460855757027096E+00 -0.986951451405102E+00
  -0.254469772248208E+01 -0.310649640207730E+01  0.281253267736328E+01
  -0.289511483937244E+01 -0.210629195940869E+01 -0.353949384824555E+01
   0.431167724078475E+00 -0.265816500231649E+01  0.996679605984490E+00
   0.119210862461495E+01  0.226289782419558E+01 -0.138127462055596E+01
   0.750886596075347E-01 -0.168607133896717E+01 -0.180604421503208E+01
  -0.209563655052580E+01  0.232203866415924E+00 -0.120602823231724E+00
   0.727144502931163E-02 -0.239653608015853E+01 -0.661649174765119E+00
   0.314271315670855E+00 -0.131782705627914E+01 -0.283927186709950E+01
   0.179135450485097E+01  0.890254428608303E+00 -0.209682459389471E+01
   0.187826898086520E+01  0.350424872500347E+01  0.226814949397213E+01
  -0.720637604474626E+00  0.310430896255311E+01  0.346563937853084E+01
   0.549834047457603E+00  0.122042224004641E+01  0.187336462962142E+01
  -0.356489114955927E+01 -0.306941618851573E+01  0.250746214084738E+01
  -0.906785418771351E+00  0.334773770900095E+01  0.112976918787129E+00
   0.157703726108465E+01 -0.278757896942884E+01  0.271331254102298E+01
  -0.273400162989790E+00  0.267933044104894E+01 -0.278508790869639E+01
   0.316394355701633E+01 -0.147075690318463E+01  0.660496546136512E+00
   0.321793295224639E+01  0.344461890702187E+01 -0.257491105642848E+01
   0.695492349353632E+00  0.352298970288335E+01  0.238627516910140E+01
  -0.204296562501028E+01 -0.286103501910060E+01  0.456100657794307E+00
   0.344246214622878E+01  0.249275252041171E+01  0.272953092509500E+01
  -0.171763453631770E+01 -0.624044566624580E+00  0.324996275190675E+01
   0.153825094976716E+01 -0.948289203976927E+00  0.310576754591059E+01
   0.264875012369776E+01 -0.120318235499323E+00  0.211899700497910E+01
  -0.102384768520448E-01 -0.241372293438044E+01 -0.270287203597017E+01
   0.279282705866759E+01 -0.106652565017309E+01  0.274444414610476E+01
   0.120746838816986E+01  0.220822823606733E+00 -0.134144994822728E+01
   0.179788539083371E+01 -0.132761059877156E+01  0.108530758902005E+01
   0.254360231410504E+01  0.934092351454759E+00  0.253904607280006E+01
   0.197108896756732E+00 -0.147444806017688E+01 -0.830581749167602E+00
   0.178492941709129E+01 -0.801093075420044E-01  0.101457211270395E+01
  -0.233915477459173E+01  0.735358479787046E+00 -0.339949027241455E+01
   0.867735159460475E+00 -0.287509922947987E+01 -0.197835620604946E+00
  -0.508021763448223E-01  0.625218469705438E+00 -0.308116816162700E+01
   0.136171037381630E+01  0.789613840525068E+00  0.658953701152089E-01
  -0.131424897559747E+01  0.259970174351969E+01  0.134497051357025E+01
  -0.873458754005849E+00 -0.302935796761069E+01  0.270994976844872E+01
  -0.488476667979042E+00 -0.985857532121912E+00  0.243830010913905E+01
  -0.285447624497905E+01 -0.146376826585061E+01  0.692552999528535E+00
   0.337398827546071E+01 -0.769474860378868E-01  0.883538391533951E+00
   0.182874525003021E+01  0.245317930367209E+01 -0.346151566281479E+01
  -0.334679697861265E+01  0.182022677102111E+00  0.194625016131083E+01
  -0.169762409385622E+01  0.127876800880236E+01 -0.275527793741100E+00
  -0.266610845283892E+01 -0.523606923684038E+00  0.126839108167096E+01
  -0.320272744102218E+00  0.356472977152655E+01  0.930809452372671E+00
  -0.156884277257441E+01  0.226232080087059E+01  0.255110821811637E+01
   0.210724018832471E+01  0.237792219680108E+01 -0.849112376871753E+00
  -0.214843268746211E+01  0.298675914149726E+01 -0.161235044658958E+01
  -0.205544218177638E+01 -0.102119286278099E+01 -0.462729423794644E+00
   0.111918731095084E+01 -0.650733795556647E+00  0.559533246965680E+00
   0.350993068079041E+01 -0.298937557986993E+01 -0.354573461114377E+01
   0.844845674276656E-01  0.285831207114326E+01 -0.215951781001858E+00
   0.176109091470241E+01  0.267138530082926E+01 -0.234955591198303E+01
  -0.115748361912835E+01 -0.300481850100553E+01  0.784876413746483E+00
   0.704800433472791E+00  0.202752913465291E+00  0.931611388193907E+00
  -0.443944380548818E+00  0.410637008010473E+00  0.130283829542220E+01
  -0.352732921940004E+01  0.489255392406852E+00 -0.162154422598265E+00
   0.263841556465675E+01  0.341645429864133E+01 -0.166656039573907E+01
  -0.348336326887629E+01 -0.242578341751406E+01  0.102221905933536E+01
   0.298342895330533E+01 -0.201694137601479E+01 -0.329159110156301E+01
  -0.502873919216686E+00 -0.336767538339711E+01 -0.667283723823839E+00
   0.313501642512660E+00 -0.267019598439285E+01 -0.173185757445119E+01
   0.212281409416060E+01 -0.169792486839378E+01 -0.130258790047349E+01
   0.267782299533003E+01 -0.154802497395650E+01  0.152308969571367E+01
   0.245499417833643E+01 -0.110497454127066E+01 -0.344032469603804E+01
  -0.553325846800710E+00 -0.111262964267537E+01 -0.235867853523215E+01
  -0.202114957246093E+01  0.189811140549940E+01  0.167793558359202E+01
  -0.327801710224433E+01 -0.491185471370853E+00  0.242610305787939E+00
  -0.599531476067370E-01  0.343358470394672E+01 -0.212681096217372E+01
  -0.123182105442661E+01 -0.232039597039427E+00 -0.197122348963447E+01
   0.291077382513810E+01 -0.595505712186369E+00 -0.413528287695052E+00
   0.289918164189893E+01 -0.505506376814201E-01 -0.287601833699767E+01
   0.137991574008155E+01 -0.603775606169641E+00  0.196993345288679E+01
   0.262583026669762E+01 -0.671217790507346E+00  0.844476183906182E+00
  -0.289537763051471E+01  0.249217090421838E+01 -0.886957876269879E+00
   0.753628701030190E+00  0.155442794862727E+01 -0.349793729541814E+01
   0.314009555850899E+00 -0.142485520001471E+01  0.315279327502716E+01
   0.142974198462273E+01 -0.279243183126090E+01  0.164041708700317E+01
  -0.244784568738203E+01 -0.204332524893513E+01 -0.237382994000192E+01
   0.321321064948594E+01  0.173407368691472E+01 -0.345763673717266E+01
   0.272335693866572E+01  0.209700022123828E+01  0.961502746397255E+00
  -0.122710890497882E+01  0.715744888515724E+00  0.302378935104886E+01
   0.193191394873055E+00  0.242109324981365E+01  0.352651246538060E+01
  -0.930006618612145E+00  0.188957960215649E+01 -0.215057143752697E+01
  -0.413702473335099E+00  0.322919092360720E+00 -0.136559339267669E+01
   0.211390796222995E+01  0.124990011437620E+01 -0.323824141840394E+01
  -0.276455094551383E+01 -0.131383374669836E+01 -0.177403390871126E+01
   0.240667996237964E+01  0.129257773611885E+01  0.976293520106328E-01
   0.256323062103461E+01 -0.323820588671950E+01 -0.640025791945811E-02
   0.325962904754297E+00  0.238707196961676E+01  0.249177982334440E+01
  -0.135158144984227E+01  0.120806589441150E+01  0.207738423213122E+01
   0.118928663410189E+01 -0.123561701470477E+01 -0.197859255939875E+01
   0.356839932458979E+01  0.245950749713102E+01 -0.289850915251784E+01
   0.153823530463580E+01  0.160781014464538E+01  0.260186625861080E+01
  -0.324734519864246E+01 -0.238410122965135E+00 -0.950406429302058E+00
   0.295298813005304E+01 -0.299983909332758E+01 -0.102213778721015E+01
  -0.395102264895711E+00  0.965948003215759E+00 -0.224001657844092E+01
   0.858672885151565E+00 -0.217048844488308E+01 -0.346638420510373E+01
   0.274390969850236E+01 -0.266720789247990E+01 -0.256837971927567E+01
  -0.203105016764131E+01 -0.252344749948184E+01 -0.148127446690651E+01
  -0.152641566913286E+01 -0.123502623499748E+01  0.205052908304604E+01
  -0.168294246033063E+01  0.822225298799332E+00 -0.213105581572546E+01
  -0.275053680633764E+01  0.140355772229281E+01 -0.927949148298208E+00
  -0.615839258098867E+00 -0.191910453773186E+01  0.311151093957393E+01
   0.207932027217462E+01 -0.348461940235809E+01 -0.288139712702409E+01
  -0.637355404942045E+00  0.254705730247306E+01 -0.100816630441018E+01
  -0.165259445439128E+01 -0.312001026336523E+01  0.340309700164351E+01
  -0.334070277181370E+01 -0.651824064720373E+00 -0.242779307190911E+01
  -0.582540574195798E+00  0.824515804822604E+00 -0.134001743903717E-01
  -0.126301194784444E+01 -0.140320771292368E+00  0.527856044950382E+00
   0.212184158885995E+01 -0.196997898338471E+01  0.324922906295688E+01
   0.255717422639267E+01 -0.238425359640502E+01  0.862097628245801E+00
   0.743581914989382E+00  0.356290726234781E+01  0.427853724118060E+00
  -0.526234434400475E-01 -0.328017161452586E+01 -0.346733343332106E+01
  -0.180721425998026E+01 -0.238074027134619E+01  0.279074573118900E+01
  -0.287206569073647E+01 -0.109793700951758E+00 -0.319236327281412E+01
  -0.980184662846222E+00 -0.198919987161767E+01 -0.952439385203378E+00
% -0.107090976732794E+01 -0.131583539970663E+01  0.377303973407143E+00
%  0.121168521661444E+00  0.489436188538903E+00  0.430898228635197E+00
%  0.201068990754458E+00  0.547568805240557E+00 -0.111141003422884E+01
% -0.308777973422040E+00  0.624537960244946E+00 -0.107702569915685E+01
%  0.702987517907199E+00 -0.112612055397840E+01  0.554113970872451E+00
% -0.163681107837350E+01 -0.164654144473677E+01 -0.839056203549071E+00
%  0.109605722548691E+01  0.575398157709205E+00 -0.363454419820015E+00
% -0.860167348483593E+00  0.928973243735730E+00  0.177596175601726E+01
%  0.125644239664171E+01  0.515809975609769E+00 -0.272263923863778E+00
%  0.769964538743682E+00 -0.640743044688091E+00 -0.151378570741621E+01
%  0.113414030078797E+01 -0.479967303026181E+00  0.445043737297173E+00
% -0.113247342986360E+00 -0.111272553490136E+00  0.570419232665494E+00
% -0.881122057213199E+00  0.753463452707622E-01  0.195793196827523E+01
% -0.835924035413835E+00  0.137644942959000E+01 -0.144194762427617E+01
%  0.156117770725827E+00 -0.158304503882253E+01  0.961164048830902E+00
%  0.794965088045231E+00 -0.948892115178400E+00 -0.438838911273782E+00
%  0.101439100338357E+01 -0.468868911172796E+00  0.138251428445732E+00
% -0.512440716983865E+00 -0.488154130203289E+00  0.106373407114629E+00
% -0.371249334533839E+00  0.157612963760617E+01 -0.111072249584856E+01
%  0.863407312678800E+00  0.147419203416734E+01 -0.161693023542360E+01
%  0.154476663835668E+01  0.104893749304398E+01  0.116330291738002E+01
%  0.244448943530442E+00  0.531551354349993E+00  0.216339097235470E+00
% -0.125595335340882E+01 -0.513887754496851E+00  0.196334200477272E+01
% -0.381509241772170E+00 -0.145699039879099E+01 -0.311676406509505E+00
% -0.211691417694127E+01 -0.968089361718627E+00  0.130355058339679E+00
% -0.115358244934378E+01  0.167800969318966E+00  0.410236035991470E+00
%  0.114777369434910E+01 -0.894450977101689E+00 -0.131133868510462E+01
%  0.106576619395247E+01 -0.564083744646154E+00 -0.515557535559659E+00
%  0.879673799928709E+00 -0.385049392959051E+00  0.162432778483021E+01
% -0.959609257011194E+00  0.145577770474108E+01 -0.580482048217265E-01
%  0.174669667958165E+01 -0.174713172606232E+01 -0.347246210318788E+00
%  0.105491023198100E+01  0.154580520252113E+01 -0.160940673460564E+01
% -0.306010051401167E+00  0.825799938919892E+00 -0.571216731040275E+00
% -0.377525018013255E+00  0.146550484152201E+01  0.101462245465455E+01
%  0.533813608419130E+00  0.597894255136579E+00 -0.114858606655041E+01
% -0.302698927887750E+00  0.496108053426572E+00 -0.895159210274167E+00
%  0.128837454654826E+01 -0.154271884576214E+01 -0.909354065916826E-01
%  0.831736355707681E+00  0.578094217283800E+00 -0.147935104238635E+01
% -0.106432937276348E+01  0.513312844402250E+00  0.634821706976185E+00
% -0.362255377523632E+00 -0.119881989475479E+01  0.906820219358715E+00
%  0.553839823708646E+00 -0.645989876491083E+00  0.118590226404426E+01
%  0.410770920271413E+00  0.175373340842800E+00  0.218135236111451E+01
% -0.494348277322534E+00  0.487041453945892E+00 -0.759775228577575E+00
%  0.265170853849572E+00 -0.916563924902111E+00  0.109139820481266E+01
% -0.879137786982918E+00 -0.211463389382126E+00 -0.301332298057784E+00
% -0.484138217145026E+00 -0.880120754353902E+00 -0.722001669486786E+00
%  0.834991914282769E+00 -0.889460314124899E+00 -0.551459135181198E+00
% -0.133882074337410E+01 -0.131047132414780E-01  0.184749405661794E+01
%  0.695935813813485E-01  0.155150803296051E+01 -0.262510200198000E-01
% -0.138970910810406E+01  0.730134585819434E+00 -0.440427924977930E+00
% -0.120282636979995E+00  0.815079453527274E+00 -0.124888850564025E+01
%  0.146349037870588E+00 -0.143458596717012E+01 -0.423423359427686E+00
%  0.136531479417774E-01  0.179860562065575E+01 -0.160952661726077E+00
%  0.150333657596649E+01 -0.161638009699252E+01 -0.481613492014952E+00
% -0.122123598895672E+01 -0.478366990483396E+00  0.226276841535688E+00
%  0.626521966694122E+00 -0.609595263647617E+00  0.625334032060551E+00
% -0.205871594541879E+00  0.984849088997900E+00 -0.612587644098004E+00
% -0.105595541791264E+01  0.160328432403778E+01 -0.151191609644906E+01
% -0.119441960730020E+01 -0.122691110618238E+01 -0.889679012853915E+00
%  0.340944604556729E+00 -0.145483377837072E+01 -0.141955410108554E+01
% -0.282769840850332E+00 -0.356179115227069E+00 -0.407525969547856E+00
% -0.957884128357059E+00 -0.113810046503895E-02 -0.902993649957810E+00
% -0.100169284898628E+01 -0.875956751843390E+00 -0.113518631725497E+01
% -0.575009351326600E+00  0.174621160087622E+01  0.219615258590313E+01
%  0.578141219330806E+00 -0.382853953057975E+00 -0.172614900004959E+01
% -0.101150411660795E+01 -0.786620957183966E+00  0.740173417428560E+00
% -0.365564409958128E+00  0.965999839470118E+00 -0.479406644250861E+00
%  0.187171998294729E+01  0.158085182818948E+01 -0.593264512968728E-01
%  0.129700292095597E+00  0.140602538247017E+00 -0.349971140016965E+00
% -0.104689212315973E+01 -0.280138320075682E+01 -0.103093070905208E+01
%  0.410634086338005E+00 -0.209831260775146E+01  0.155741755824341E+00
%  0.105642709740590E+01  0.138991004207185E+00  0.219282456751995E+00
% -0.112664024338173E+01  0.864177064251872E+00 -0.139681243138443E+00
% -0.295895435870298E+00  0.280518526803947E+01  0.697525570806024E+00
% -0.351172699141911E+00  0.121715632993558E+01 -0.880667913981473E-01
%  0.120123646064778E+01  0.948204228092846E+00  0.149776488070389E+01
%  0.130289446052608E+01  0.340945279364497E+00  0.141842750390231E+01
% -0.702185351469044E+00 -0.450926804442664E-01  0.492717788541500E+00
% -0.883033993000655E+00 -0.640720595130901E+00  0.584014776019863E+00
%  0.112315028759788E+01  0.124097818387491E+01 -0.164156333612845E+01
% -0.149173255375701E+01  0.872519702264743E+00 -0.512142877954572E+00
% -0.127568080655051E+00  0.245197189017272E+01 -0.467439397236677E+00
%  0.140406332951862E+00  0.121340890706351E+01  0.414301508957925E+00
% -0.740480946805053E+00  0.277458386961297E+00 -0.156756766293371E+00
% -0.703272073015550E-01  0.961839876152114E+00  0.107412473538857E+01
%  0.174055118680959E+01 -0.295759687868789E+00 -0.116429352980633E+01
%  0.802149421604330E+00 -0.236047032268423E+01  0.894171192208171E+00
%  0.178920244535345E+00  0.660144573240621E+00 -0.825200910449203E+00
% -0.128315244382248E+01 -0.137146855697032E+00  0.476977797346582E+00
%  0.111829783478070E+01 -0.114519458338225E+01 -0.147635098221657E+01
% -0.476660507434170E-02  0.132150809112926E+00  0.244835040018494E+00
%  0.402730769598260E+00  0.132893403802565E+01 -0.229519017974939E+00
%  0.455055682625755E+00  0.181947987794301E+01  0.127336299052934E+01
% -0.197912254657117E+01  0.210459518262473E+00 -0.919318727889915E+00
% -0.132915398517034E+01  0.164630318086374E+01 -0.461827184075019E+00
%  0.107257341599547E+01  0.154354152778478E+00 -0.963526948589861E+00
%  0.120320951546377E+01 -0.805875250914270E-01 -0.745507156329534E+00
% -0.178631325693459E+00 -0.434887318511069E+00  0.166474708747066E+01
% -0.453106192459345E+00 -0.124109191050796E+01  0.236617719107765E+00
% -0.480807595273579E+00 -0.792719047252621E+00  0.934737938880427E+00
%  0.772835649680535E+00  0.637869591834082E+00  0.672770479139105E+00
%  0.606966055931234E+00 -0.686392310098994E+00  0.182148111979544E+01
%  0.209315731623743E+00  0.144281236558941E+01 -0.289601876965620E+01
% -0.109740903738565E+01  0.187856824623229E+01  0.835974888491633E-02
%  0.782917284090195E+00  0.395404939725719E+00 -0.765577479862431E+00
%  0.369135525608875E+00 -0.820821094356489E+00 -0.588282054135689E+00
%  0.193653115703136E-01 -0.170818299938424E+01  0.115236963865261E+00
% -0.506812362948106E+00 -0.107382719047107E+00 -0.149066461955750E+01
%  0.210179011855159E+01 -0.195220534890453E+01  0.347250645765846E+01
% -0.340173139724645E+00  0.146892730661673E+01  0.140002575302217E+01
%  0.333484155551882E+00  0.253987219282483E-01 -0.122040488424739E+01
% -0.972267244405367E+00  0.106454830097771E+01  0.351457742782550E+00
% -0.568174670734513E+00  0.144650395969640E+01 -0.332017200056590E+00
%  0.214614487003060E+01 -0.236077822603270E-01 -0.108930774238403E+00
% -0.112699863838323E+01 -0.123235311085536E+01  0.144665685903893E+01
%  0.719487319205590E+00  0.181171026600794E+01  0.276309454484472E+00
%  0.253887681953605E-01  0.199799545773447E+01 -0.148187438186475E+01
% -0.862247734216044E+00 -0.567195072886847E+00 -0.213574145723234E+00
%  0.212270440934621E+01 -0.188839236812701E+00 -0.167591901013842E+00
%  0.646017817946805E+00 -0.461892277796205E+00  0.262199525242024E+01
%  0.238562308360386E+00  0.263882583086208E+00 -0.999480397930454E+00
% -0.665388671191324E+00  0.294922976298822E+00 -0.112671937029206E+01
% -0.160931145140419E+01 -0.657159406519767E+00  0.911706370201893E+00
% -0.110463027207795E+01 -0.149454513540094E+01  0.110780177827883E+01
%  0.542347008622695E+00  0.315432558685721E-01 -0.102206139564511E-01
% -0.330063694046914E+00 -0.112343665691292E+01 -0.682635334657894E+00
%  0.203901118379238E+01 -0.148774711363989E+01  0.593380162891590E-02
% -0.108364242811564E+01 -0.218850126000349E+00  0.252438425877922E+00
%  0.815581761810654E+00  0.155114125469680E+01  0.959502109230637E+00
%  0.574418102606534E+00  0.386392794927090E+00  0.231210473266478E+00
%  0.263867047630497E+00 -0.896255186784497E-01 -0.695042153619673E+00
%  0.455694664388396E+00 -0.553779093206973E+00 -0.446239531372840E+00
% -0.137650168171482E+01 -0.200372742624913E+01 -0.705161024975748E+00
%  0.404089263857065E+00  0.608083757299113E-01 -0.326710846223844E+00
%  0.265214529071988E+00 -0.777433802036091E+00 -0.661255287250055E+00
%  0.194967292524496E+01  0.374975772309554E+00  0.285140294152295E+01
% -0.162151976490836E+01 -0.494864036989712E+00  0.115965667689829E+01
%  0.825492183545338E+00 -0.225665700837637E+00  0.965168773775365E+00
% -0.867258224819085E+00 -0.832475760082529E+00 -0.181006159784039E+01
% -0.676366628493080E+00  0.253071490992972E+01 -0.270594870794146E+01
% -0.559626796396442E+00 -0.961520630761404E+00  0.167145624399233E+01
% -0.130071025213394E+00 -0.112696203859134E+01 -0.959441878620961E+00
%  0.229103984731713E-01  0.281759160274577E+00 -0.641857115929175E+00
% -0.838548015456998E-01  0.882271767335706E+00  0.702349975845221E-01
%  0.926606761067298E+00 -0.913613282227536E+00  0.141051456507235E+01
%  0.871675063606909E+00 -0.195538547941795E+00  0.287549890357741E+00
% -0.108008865433382E+01 -0.115362992802191E+01 -0.837920351263441E+00
%  0.126949989579069E+01  0.412445076497378E-01  0.162612412648597E+00
% -0.851677985709607E+00  0.193929940420395E+00 -0.120033295382141E+01
% -0.329729591871479E+00 -0.404759189918642E+00  0.812250409684758E-01
%  0.112559589169381E+00 -0.224006829202603E+01 -0.232179381710025E+01
%  0.123072290399614E+01  0.195998345140522E+01  0.975924443359387E-01
% -0.711467784075657E+00 -0.579015945246970E-01 -0.505557501218591E+00
% -0.786212352249185E-01 -0.134298368275897E+01 -0.134469621411623E+01
% -0.240314641349596E+00  0.418418185971135E+00  0.160315188331057E+01
%  0.927084440615300E+00  0.567696785788185E+00 -0.171193427427876E+01
%  0.477815164872418E+00 -0.444410112959883E+00 -0.420251133920961E+00
% -0.166146341420895E+01 -0.112781766804806E+01  0.174122860636887E+01
% -0.773912933134242E+00  0.794909787706754E+00 -0.488143556085184E+00
% -0.150999028472984E+01  0.524671097529172E+00 -0.199498072344122E+00
% -0.209159547674012E+01  0.678729474211288E+00  0.195666944732204E+00
% -0.914384552716927E+00 -0.249651021061427E+01 -0.125573820836254E+01
% -0.338118123579683E+00  0.123614685538112E+00  0.142420197874131E+01
%  0.232500845814123E+01  0.169672141944196E+01  0.630168915197496E+00
% -0.672561357618028E+00  0.813294504834555E-01  0.129272165720551E+01
%  0.927285370902549E+00 -0.348272036422788E-02 -0.218893629718971E+00
% -0.417532442471139E+00  0.141074512125900E+01  0.244062835629573E+00
%  0.560330729808089E+00 -0.117387832902557E+01  0.587265394061940E+00
%  0.714208704029230E+00  0.301268612742248E+00  0.101991055733752E+01
% -0.204559025289340E+00 -0.119727480786674E+01  0.282495909679985E+00
%  0.556053962435564E+00  0.365163922605952E+00  0.215161731963012E+00
% -0.211967860252975E+00  0.150128577550641E+01  0.750964727101433E+00
% -0.645986400143263E+00  0.121485309121852E+01 -0.414734930038506E+00
% -0.968979039954383E+00 -0.203493539512537E+00  0.118780729680077E+01
%  0.698100639697570E-01 -0.142841284280219E+01 -0.286377242607717E-01
% -0.946897947422147E-01 -0.187535537984018E+00 -0.659120255279922E-01
% -0.686012750989413E+00 -0.917294619651058E+00  0.111272904103985E+01
%  0.903488703602226E+00 -0.644996496682990E+00 -0.688004252993373E+00
%  0.438087420118498E+00  0.359807455653592E-01 -0.199757114197789E+01
%  0.147079388437542E+00  0.244756680718000E+00 -0.274306908343064E-01
% -0.794855848577006E+00 -0.105607158276849E+01 -0.199779194063246E+01
%  0.720036440329003E+00  0.524335309997372E+00  0.185050203997829E+01
%  0.282417770039068E+01 -0.207399752997141E+00  0.202396990505955E+01
% -0.759486094152203E+00  0.116710235482771E+01  0.352199374917470E+00
% -0.709337198770795E+00 -0.309989558250639E+00  0.116342316053271E+01
%  0.136406606338746E+01  0.164220525657091E+00 -0.339764689460180E+00
% -0.221701371117561E+00 -0.140391161699505E+01 -0.127027347503669E+01
% -0.278281497366972E+00 -0.988444633518439E+00 -0.210686733583458E+01
%  0.681893808528104E+00 -0.522713187623002E+00 -0.150028199992790E+01
% -0.224469463154651E+00  0.604964641824706E+00 -0.649372435397037E+00
% -0.867731124265778E+00  0.394713924035455E+00  0.819905255035666E+00
% -0.716518517234190E+00  0.466228486615339E-01 -0.144754648094257E+00
% -0.210824747941622E-01  0.500516161908900E+00 -0.109746167647370E+01
%  0.654247924871440E+00  0.103147400663804E+00  0.908203191781244E+00
% -0.558850550210087E+00 -0.594266102359833E-01 -0.490086781142353E+00
% -0.768666273025731E+00 -0.104063004271275E+01 -0.112226581607880E-02
%  0.907096871619073E-01 -0.732646883978552E+00  0.640682505125791E+00
% -0.817906907867851E-01  0.390171305629284E+00  0.183909381032930E+00
% -0.667887031083700E+00  0.145824788458752E+00  0.126358245494366E+00
% -0.590147352805056E-02 -0.702600005756377E+00 -0.536358623697061E+00
%  0.332466621023774E+00 -0.131312100276321E+01  0.194159913706019E+01
% -0.330527518340885E+01 -0.159937770123239E+00 -0.175589794375349E+01
% -0.203056695727848E+00 -0.167468427390864E+01 -0.987435357067673E+00
%  0.869437100744087E+00  0.240656194678555E+01  0.129974272636083E+01
%  0.146498734788151E+00  0.649252498924209E+00  0.118211390232709E+01
% -0.842386511952872E+00  0.178805221809696E+01  0.647793047426206E+00
%  0.740064845010631E+00 -0.788727971741175E+00  0.685749732318550E+00
% -0.376204253425044E+00  0.129470993184632E+01 -0.123192975082854E+00
% -0.108926853409995E+01  0.529558328484065E+00  0.182597245390871E+00
% -0.301523617048789E+00  0.991984223482939E+00 -0.182510631495316E+01
%  0.602853853271008E-01 -0.517422052459412E+00  0.901552095866903E+00
% -0.110391177364786E+01 -0.305372455046565E+00  0.907793856203157E-01
% -0.811381473150449E+00 -0.222062438160417E+00  0.119751265917857E+01
%  0.121420350738055E+01  0.825182907588350E+00  0.217313672308421E+00
% -0.932564653047336E-01 -0.859322699757813E+00 -0.700916617350580E+00
% -0.846621520715644E+00  0.863271389664796E+00  0.530949642447045E+00
% -0.291610883713344E+00  0.958458070136158E+00  0.417156104563786E-01
%  0.326227274439429E+00  0.617127944062032E+00 -0.833863532120907E+00
% -0.101144039630321E+01  0.474862704434677E+00  0.321391197745133E+00
%  0.164257949125596E+01 -0.544599485774959E-02  0.964521351808232E+00
% -0.243518457062605E+00 -0.535906624136906E+00 -0.713580496106831E+00
%  0.178426906830358E+01 -0.228240931793184E+01  0.682503633725091E+00
%  0.534185739759493E+00 -0.170401670771921E+01 -0.581377184571124E+00
%  0.126555098258214E+01 -0.204972816069249E+01  0.128663802550792E+01
% -0.531587042720416E+00 -0.133424488711181E+01  0.500382299012300E+00
%  0.361641717096586E-01 -0.419838078649712E+00 -0.314820258309699E+00
% -0.138794876389256E+01 -0.976023765400104E+00 -0.808797924565427E+00
% -0.112213385990464E+01  0.102748585464127E+01 -0.704906164938209E+00
%  0.773596990486449E+00  0.151293741438382E+01  0.370005359781957E-01
%  0.180498288609371E+00  0.218520938132570E+01 -0.348875732885954E+00
% -0.743280225872711E-01 -0.131002826678616E+01  0.850178676784917E+00
%  0.891177849492237E+00  0.805193018015917E+00  0.103578454922852E-01
%  0.116816956256096E+01  0.223423125757358E+01 -0.570470297975370E+00
%  0.151839742231155E+00 -0.102660241296022E+01 -0.126413611982138E+00
%  0.242402414395799E+00 -0.467828857431965E+00 -0.555502514459418E+00
% -0.112357420466800E+01  0.160294892600148E+01 -0.176224737576746E+01
%  0.482390034415993E+00  0.161827432053355E+01  0.718465223118369E+00
% -0.211431532831842E+01 -0.410257288970187E+00  0.916956811952771E+00
%  0.307161692692061E+00  0.473103355413362E+00  0.106009741245146E+01
%  0.610475877798150E+00  0.120171557022519E+01  0.347862829466917E+00
% -0.105154879950908E+01  0.975362535397202E+00 -0.683750367638785E+00
%  0.235854506302600E+00 -0.145292781766264E+00 -0.955646394422387E+00
%  0.404087551946639E+00  0.878552409963355E-01  0.167289655323914E+01
%  0.128046142724949E+01  0.353975414811748E-02 -0.386470243613085E-01
% -0.968998761554417E+00  0.533418844424385E+00  0.249152926669718E+01
%  0.117336418729039E+00 -0.835934826880030E+00 -0.127641202932680E+01
%  0.799240355242316E+00 -0.181664562178237E+00  0.197194958865134E+00
% -0.550386258782034E+00 -0.162335050749562E+01 -0.303273061610605E+00
%  0.170663190578471E+01 -0.155311436722854E+01  0.142251079186302E+01
%  0.141415041218257E+01 -0.354822471568334E-01  0.977223419116331E+00
%  0.159062430990955E+01  0.816616783404155E+00 -0.294201775710263E+00
%  0.742821264829743E+00 -0.146234948245817E+01 -0.197327688163604E+01
% -0.554739964462560E+00  0.158834411845798E+01 -0.572391176395416E+00
% -0.152620780279182E+01 -0.150462816780492E+01  0.573597980687023E+00
% -0.422930730250140E-01 -0.263448360943152E-02  0.129998905079719E+01
%  0.206740912721316E+00 -0.769279064472417E+00 -0.510873750547472E+00
%  0.278076469521492E+01  0.413950556985496E+01 -0.157542684650701E+01
%  0.228543533458305E+01  0.816403979023908E+01 -0.530559420844522E+01
% -0.157406808986800E+02 -0.203529172091686E+01  0.113124932267416E+02
%  0.308649888828286E+02  0.193187319025767E+02  0.626289433868738E+01
% -0.900509015280360E+01 -0.128635020551606E+02 -0.297509718842811E+01
%  0.908276616263882E+01  0.122092804719452E+02  0.993306603911563E+01
% -0.159310618163740E+02  0.203766369406334E+02  0.101141147117626E+02
% -0.723636297384356E+01  0.277275627220309E+01  0.266627200378147E+02
% -0.596930288559846E+01  0.546330739549712E+01  0.182675044295787E+02
%  0.278549169918071E+02  0.620416053235965E+01  0.284144461940128E+02
%  0.109439838779295E+02  0.349056181863305E+02  0.122227761207557E+02
% -0.155203607123710E+00  0.204743631948284E+01  0.237517890237421E+01
% -0.387300548605394E+02 -0.242118039455944E+01  0.145777101806658E+02
% -0.291340136466640E+02  0.175920670533143E+02 -0.557509452782131E+02
%  0.161681725713598E+02 -0.865041159249751E+01  0.108245368215389E+02
% -0.211288373391713E+01 -0.536419449937482E+00  0.171724964612673E+01
%  0.169703726034857E+02 -0.242557922065489E+02  0.397081703534605E+02
%  0.151900904607676E+02  0.383029710783401E+01 -0.523265421508941E+01
% -0.802586407473759E+01 -0.495129254099342E+01 -0.216364232391808E+01
% -0.682744962622796E+00  0.644435046877316E+00  0.563673955016030E+01
% -0.214712197462624E+02  0.125800010019870E+02 -0.198613224916355E+02
%  0.684075233671877E+01 -0.859281174122985E+01  0.584948026569694E+01
% -0.473861737692604E+00 -0.113033034928180E+02  0.153404355469417E+02
%  0.110954236599469E+02  0.967893816517409E+01 -0.160005298305790E+02
% -0.122304007518797E+02  0.145680580627640E+02  0.334064556753078E+02
%  0.299473476638779E+01 -0.561072498045329E+01  0.469560044610383E+01
% -0.503719468266909E+01  0.158939884946741E+02  0.550323596672388E+01
% -0.716415823933560E+00  0.642223777196786E+01  0.671020126379132E+01
% -0.493448366620910E+01 -0.137598166295113E+02 -0.120708766488973E+02
% -0.666156230945794E+02  0.212519151241963E+01 -0.103779882237713E+02
% -0.904090343478250E+01 -0.436323987936097E+01  0.790502486867649E+01
% -0.130987129139394E+02 -0.427586078768669E+01  0.328106710440941E+01
%  0.818326277164354E+01 -0.112005083291918E+01  0.220272582686849E+02
%  0.102957693045174E+02 -0.636077366162346E+01 -0.648012559920437E+01
%  0.258690795907085E+02  0.584111651598513E+02  0.513218277876691E+02
% -0.437845740425491E+01  0.156127046286683E+02 -0.146274978315823E+02
%  0.120564600144290E+02 -0.219670273111982E+01  0.330235194865947E+02
%  0.930970989998613E+02 -0.784535337931622E+00 -0.770574003941161E+01
% -0.151748974763160E+02  0.135905920577724E+02 -0.193744353985444E+01
% -0.168998243150797E+02 -0.162774537652241E+02 -0.376508002268600E+01
%  0.139568511037972E+02  0.991957848998194E+01  0.557306685644113E+01
% -0.756016957475628E+01 -0.138008949393381E+02  0.214073591703048E+01
%  0.599373013389520E+01 -0.115788740944437E+02 -0.220811438775648E+02
%  0.697069447444196E+01 -0.311860204657859E+01 -0.322313432084173E+01
% -0.119751312588099E+01 -0.391017526613752E+01  0.743365392281716E+01
% -0.642815802126428E+01 -0.357349835068386E+02 -0.127541489786391E+02
%  0.182239315235463E+01  0.107327675861706E+01 -0.185948622968538E+01
%  0.375470053555973E+01 -0.770137594301762E+01 -0.646642455669759E+00
%  0.712438223280725E+01  0.745181081952035E+01 -0.155525619182247E+02
%  0.394349680386785E+01  0.372952229653309E+01  0.110141016551089E+01
%  0.282958414859811E+02 -0.352764397888495E+02 -0.456226102568079E+01
% -0.242798038849775E+02  0.469460195051974E+01  0.203972680471768E+02
% -0.105750887166536E+02 -0.218222096503411E+01  0.135767500542734E+00
% -0.113242840322759E+02 -0.247494672588132E+01 -0.523008443061650E+01
%  0.111033069339615E+01 -0.979935263264628E+00  0.469760382116952E+00
% -0.430493034483291E+01  0.272861129092429E+02 -0.112161124171685E+02
%  0.506414705623979E+01 -0.286448096438193E+02  0.191410063825940E+02
% -0.858319045011399E-01  0.290677397046039E+01  0.111208732688578E+02
% -0.594872049199989E+02  0.568852556603353E+01  0.247856910104138E+02
% -0.446176005256617E+01  0.155172215246475E+02  0.134344005512862E+02
% -0.988498403948696E+01  0.236248358093711E+01 -0.612365356446004E+01
% -0.760044612145713E+01 -0.149949376632160E+01 -0.256623894777012E+00
%  0.961354216996352E+01 -0.146273529335945E+02 -0.158503712703066E+02
% -0.684949004378558E+00  0.415205592512594E+01 -0.373945374056260E+01
%  0.288263530822989E+02 -0.120935517508966E+02  0.298114014571655E+02
%  0.392099400897848E+01  0.259004318348215E+02 -0.148705943909617E+02
%  0.271727377069597E+01 -0.218384423731244E+01 -0.596707449856047E+01
% -0.368341745693257E+00 -0.176850902182896E+02 -0.942968993596466E+01
% -0.169927263132893E+02 -0.117264965362747E+02 -0.210929878902670E+02
%  0.757009367371315E+01  0.226825925260638E+01  0.605623330963629E+01
%  0.161030005732673E+02  0.115243575197446E+02  0.169383896213253E+02
% -0.588723294198320E+01 -0.161921353094603E+02  0.100290871584251E+02
%  0.193989580007233E+01  0.731789673200013E+00  0.244043652964832E+01
% -0.207391197017302E+01  0.134216972844732E+02  0.208575087855010E+02
%  0.120854746315861E+02  0.152233746540000E+02 -0.754798866879124E+01
%  0.398885950681644E+01  0.495381555532525E+01 -0.109279572531478E+02
%  0.177822550791263E+02  0.642131917872167E+01 -0.577720298433450E+01
%  0.188895204920181E+02  0.115850796977766E+02 -0.133947464589228E+02
%  0.331036377682348E+01 -0.366686900256356E+01  0.960085728443191E+01
% -0.361187234317292E+01  0.258193148175335E+01 -0.376256040585832E+01
%  0.221201186067750E+01  0.151880702048236E+01 -0.842809123432704E+00
%  0.191875905173724E+01  0.739354697677844E+01 -0.680484615571188E+00
%  0.229957695883093E+01  0.950797956466066E+00 -0.718226338858390E+00
% -0.536991721876763E+01  0.135613412139021E+02  0.704112491081079E+01
%  0.260895248580822E+01  0.109634271754881E+02  0.741881120436341E+01
%  0.266097251961516E+02 -0.506833025620536E-01 -0.271475131279437E+02
% -0.377985657311059E+01 -0.194115914150205E+01  0.788999063848467E+01
%  0.128775385139870E+01 -0.441905088003202E+01 -0.250643096100956E+01
% -0.543662917856037E+02 -0.208624378509252E+01 -0.581645141453112E+02
%  0.897712388079700E+01  0.453708478576465E+00  0.352591648228631E+01
%  0.341961727663864E+00 -0.185337624514630E+01  0.135375016724393E+01
%  0.631122000984749E+01  0.335370833487913E+01 -0.120746316798551E+02
%  0.239256999997172E+01  0.723468318186886E+01  0.163741235893771E+02
% -0.990326261683360E+00 -0.798454235123326E+01  0.100834909816700E+02
%  0.212196064890502E+01  0.243645873291744E+02  0.108136875561525E+02
%  0.497547294120903E+01 -0.523852628521297E+01  0.620815165507786E+01
%  0.284287568234589E+01  0.123338101252359E+02 -0.138090508446512E+02
% -0.693455804638541E+01  0.366274993183025E+01 -0.255191826817112E+01
%  0.334100689531061E+01  0.201704913731518E+01 -0.162792174607037E+02
%  0.586941206273274E+01 -0.207833393002274E+01  0.601516790795199E+01
% -0.646606630803705E+00 -0.214781486531317E+00 -0.620510540514852E+00
% -0.446454374971975E+01  0.787890457361203E+01  0.178596136890787E-02
%  0.540848360327486E+02  0.446908135872734E+01  0.477283471240153E+02
% -0.370214249683808E+02  0.136091716978973E+02 -0.605801483732406E+01
% -0.462418541243946E+01  0.184958434985529E+02  0.356028223095293E+02
%  0.444940812263153E+01  0.221043759857649E+01 -0.541412323944105E+01
% -0.576304427266916E+01  0.924650323931187E+01 -0.908989509072256E+00
%  0.536597064514444E+01  0.653036551834937E+01 -0.477451495312925E+01
%  0.998584164949094E+01  0.278983508577932E+00 -0.159915000520247E+02
% -0.537208288391585E+01  0.609816915610688E+00 -0.121454944948634E+02
% -0.893869228569527E+01 -0.341598786950447E+02 -0.113074884144096E+02
% -0.181010044405625E+02  0.332803431254303E+02 -0.124206374157469E+02
% -0.105934467535171E+02 -0.134210744905602E+02 -0.415781878259327E+01
%  0.111777143964571E+02 -0.305735480932786E+01  0.696649434684099E+01
% -0.662851619360728E+01 -0.671685419391686E+01 -0.315732018269435E+01
% -0.109233675890858E+02 -0.843987036321515E+01  0.514950697630193E+01
%  0.742330001270659E+01 -0.241743898685789E+01  0.188496687807557E+01
% -0.251172973880786E+00 -0.689950076100740E+01 -0.105029453550003E+01
%  0.226710034494013E+01 -0.143059921939479E+00  0.744343600892097E+01
%  0.136022093248843E+02 -0.608781487795854E+01 -0.152029637414540E+02
% -0.981071532998467E+00 -0.112895473377989E+01 -0.626440820474660E+00
% -0.113290138871664E+02 -0.513297924685523E+01  0.683902665966584E+01
%  0.274067992335875E+02 -0.890922420010975E+01 -0.894029480000918E+01
%  0.242553602580738E+02 -0.213019495256991E+02 -0.557312367048681E+00
%  0.321421650138204E+01  0.557662784820567E+01  0.163381358249340E+01
%  0.784518968383373E+01  0.945097631171740E+01 -0.290929923831339E+01
%  0.653010169801271E+01 -0.129284240070746E+02  0.939894421269053E+01
% -0.423528500080395E+02 -0.157866734362735E+02 -0.205439091764895E+02
% -0.348139014579628E+01  0.140840883769257E+01  0.920065782478320E+01
%  0.117555032386096E+02 -0.103253693098864E+02 -0.120501214822182E+02
% -0.309882507695654E+02 -0.459252252380567E+01  0.210841796076486E+02
% -0.661420920939842E+01 -0.359505204014324E+01 -0.150747127616304E+02
% -0.194742106470560E+01 -0.317235432332041E+01  0.107943746330520E+02
% -0.121492572160321E+02  0.138570073971029E+02  0.122171718566038E+02
%  0.182834317026792E+02  0.220307712539008E+02  0.210929102679343E+02
% -0.445388403389803E+01 -0.371176573396180E+01  0.170270060572892E+01
% -0.976622964918536E+00 -0.537373129699039E+01 -0.400777159619457E+01
% -0.113153345294675E+02 -0.121886685513228E+02 -0.168151463180859E+01
%  0.186350444271747E+02 -0.378865402336075E+01  0.554815464560752E+01
% -0.825100333285651E+01 -0.104921427024578E+02 -0.130461958493669E+01
%  0.311384637550076E+01 -0.599233036250527E+01  0.435147960536372E+01
%  0.174902665109017E+01  0.260474489285044E+01 -0.290474454133863E+01
% -0.897831711895343E+00  0.707555941627816E+01 -0.713229778243937E+01
%  0.530079453217679E+01 -0.189845573122759E+00 -0.120119885275953E+02
% -0.251667463531037E+01 -0.327146408604852E+01  0.143029115465882E+02
% -0.112592033721155E+02 -0.463415658133107E+02  0.776137284692599E+01
%  0.176132413609371E+02 -0.970394883733877E+01 -0.829244414794931E+01
% -0.183238824483887E+01 -0.746047873945692E+01  0.368703093941858E+00
%  0.627933642375805E+01 -0.104401284491678E+02 -0.769081279149091E+01
% -0.117871503358733E+02 -0.520143949644491E+01 -0.555026875576856E+01
%  0.190431965490514E+01  0.180373943574408E+01  0.324689768653949E+01
% -0.729265498758153E+01 -0.236720173192384E+01  0.284171564453869E-02
% -0.161379722379975E+02 -0.344319950255005E+02  0.192435148960147E+02
% -0.824278546405945E+01  0.184829954668119E+02  0.112733269777384E+02
% -0.175498797203196E+02 -0.577600065671163E+01  0.165308656332599E+02
%  0.341733512124343E+02 -0.223368971698192E+02 -0.319424237530900E+02
% -0.275112059829955E+02  0.173283488857270E+02 -0.345465407919882E+02
%  0.125061490831954E+01  0.161480010300123E+01 -0.174216433892170E+01
% -0.503925671875973E+02  0.454881223152459E+02  0.392783770758402E+00
% -0.177499517259925E+01 -0.104829637081613E+02 -0.614704827609455E+01
%  0.604435144589860E+01  0.129543632591727E+02 -0.197350732491576E+01
%  0.126060202077511E+02 -0.406804158697994E+01 -0.857558750966522E+01
% -0.360512063661377E+01 -0.753271669774971E+01 -0.261258995546873E+02
% -0.782599377829143E+01  0.211633772063050E+01 -0.774407586607904E+01
% -0.305254956243819E+02 -0.395041371811930E+02 -0.140721311028292E+02
% -0.509718858782432E+01  0.185057261331284E+01 -0.187431335965771E+02
% -0.189456709362761E+02  0.655945304297182E+00 -0.683838725365702E+01
%  0.471721274725734E+01  0.120895142781957E-01  0.452700521513860E+01
%  0.244533607557554E+01  0.517572577590924E+02  0.821400984337638E+01
%  0.114066547045859E+02  0.112409968051668E+02  0.320478777495318E+01
%  0.107754219888435E+02  0.157687728448380E+02 -0.360512066868685E+01
% -0.113507863888183E+02  0.324480654326736E+02 -0.309575345443197E+02
%  0.107537714407673E+02 -0.505005626830775E+01 -0.420943979946018E+02
%  0.390188298766795E+02  0.211824275316647E+02  0.207020816609902E+02
% -0.388599529840047E+02 -0.139292801790700E+02 -0.575061061469868E+02
% -0.289052591157861E+00 -0.429883392591332E+01 -0.323037137777610E+01
%  0.427643524762880E+01 -0.359872871825783E+02  0.295025570529660E+02
% -0.580407388532968E+00 -0.315932174063328E+01 -0.373206643930401E+01
% -0.192187553990551E+02  0.827485294188813E+02  0.818913032700573E+02
% -0.166992848350743E+01 -0.249421604448249E+01  0.332918174027222E+01
% -0.596721974613736E+01  0.592170171843613E+01 -0.107198755717186E+02
% -0.456443966443438E+01 -0.669746511105679E+00 -0.114324897629700E+02
% -0.588939740558831E+01  0.163293978670247E+01  0.116338885455255E+01
%  0.219238320206602E+02 -0.110862112989603E+02  0.336845541619022E+01
%  0.199844046280074E+02 -0.223007664703323E+02  0.281650852800480E+01
% -0.164573143494942E+02 -0.261239465636697E+02 -0.312893378818372E+01
% -0.161143226468026E+02 -0.388536498203416E+01 -0.155785865503948E+02
%  0.816377748399545E+01  0.660591172476915E+01 -0.240886568233022E+00
% -0.121155552140713E+02 -0.297335406493332E+02 -0.223517871800405E+02
%  0.348788475618531E+01  0.808697368305301E+01  0.832461211020764E+01
% -0.265589493590700E+01 -0.771492779421556E+00  0.358721907225426E+01
% -0.137712294450847E+02  0.653049454615387E+01 -0.486411609249199E+01
%  0.339846892569287E+02 -0.147707871300294E+01  0.696934984601008E+01
% -0.882948575857827E+01  0.171381782459401E+02  0.504838865850997E+01
% -0.989879763164260E+00  0.935293625064300E+00 -0.864372052167182E+00
% -0.847960214040216E+01 -0.396573926940112E+01 -0.130556178557230E+02
% -0.997107899322873E+01 -0.820055367505379E+01 -0.115899151047978E+02
% -0.110501886516530E+01  0.437859413291485E+01  0.969325544986824E+01
% -0.109844184086782E+02 -0.875462901457119E+00 -0.423268252496823E+02
%  0.221910590039415E+02  0.826317444022423E+01 -0.315082494465347E+02
%  0.139040596125163E+01 -0.231465010022179E+02  0.135709868897105E+02
%  0.266349752493121E+02 -0.131116403699999E+01 -0.888196962972697E+01
%  0.453176097730761E+01 -0.497549756876432E+01  0.416623880522757E+02
% -0.123014010654443E+02  0.133699112139147E+02  0.172725181854683E+02
%  0.342159838732940E+01 -0.226462595335946E+02  0.501153818048813E+02
% -0.498500446044524E+01  0.335505196366326E+02  0.316721305319185E+01
%  0.619505368475458E+02 -0.566495076480731E+02 -0.798409057961777E+02
%  0.574041539551552E+01  0.119670262828854E+02  0.106097908549388E+02
%  0.133518809165670E+01 -0.999146541423185E-01 -0.126997443056022E+01
%  0.168003689901396E+02  0.331931469203920E+00  0.164095740472071E+02
% -0.811556283788831E+01 -0.142556660638943E+02 -0.974662306676205E+01
%  0.162282138915439E+01 -0.185165720471673E+01 -0.398911452099674E+00
% -0.495592818145068E+02 -0.573298576757092E+01 -0.146010823122067E+01
%  0.842400811811113E+00  0.532977536605480E+01  0.454026564549385E+00
%  0.385599106877258E+01 -0.684594632920632E+01  0.418967331407323E+01
% -0.168422423255630E+01 -0.135649358992008E+02  0.131325339937325E+01
% -0.822494745159291E+01 -0.303019537671309E+01 -0.646355752590917E+01
%  0.105801976371524E+02 -0.168170334920319E+02 -0.177933531058610E+02
% -0.145559150592570E+02 -0.273021658080960E+02 -0.185773654582269E+02
% -0.182357430705004E+02  0.350517691619641E+01 -0.920349967999674E+01
%  0.112136164827767E+01 -0.208127870786499E+01  0.641719965222711E+01
%  0.108874446805013E+02  0.920854802660467E+01 -0.140750451989782E+02
% -0.184359489480759E+00  0.166967038664277E+01 -0.810445521289820E+00
%  0.676511262923131E+01 -0.510616456124923E+01 -0.519372841701468E+01
% -0.117522256506920E+02  0.833972296718219E+01 -0.128161108681319E+02
% -0.795187206446086E+01  0.155240766441476E+02  0.190571288493500E+02
% -0.281490138244450E+01  0.177208791679195E+00 -0.613653785096911E+00
% -0.363115301858899E+01  0.193531923623113E+02  0.181517019180773E+02
%  0.485920351993628E+01 -0.313245827645111E+01  0.436270260923838E+01
% -0.138757110427510E+02 -0.167733667849915E+02 -0.144188010332523E+01
%  0.157094948609767E+00  0.179914917358898E+02  0.117815268154588E+02
%  0.259526135490446E+02  0.213656635588922E+02  0.123602379355226E+02
% -0.789036578994919E+00 -0.921104259504259E-01 -0.727086143908297E+00
%  0.336777773281961E+00 -0.172682893039212E+01 -0.216372464772426E+00
%  0.280696465502679E+01  0.654617187168115E+01  0.810496396726206E+01
% -0.830687033223339E+01  0.784216414831805E+01  0.267248119420861E+02
% -0.519536131616817E+01 -0.650533525518805E+01 -0.323820933128742E+01
%  0.781329620596912E+01 -0.157487253721963E+02  0.128422770732630E+02
%  0.788567217187839E+02  0.138113833137231E+02 -0.395956794655488E+02
%  0.535374579395155E+01  0.238988126658800E+00 -0.393973154541479E+01
%  0.220513539221538E+02  0.213548904797554E+02  0.152210553475594E+02
%  0.125257696543399E+01 -0.191992168821524E+01 -0.105096365265716E+01
% -0.899121412571626E+01 -0.522388543416762E+01 -0.134696622726863E+01
% -0.994518862575959E+00 -0.433014123433962E+01  0.538817044844426E+00
%  0.196311326772609E+02  0.233363563373022E+01 -0.148923078536102E+01
%  0.849985480577533E+01 -0.274821896604669E+02  0.352234111117183E+02
%  0.756632029283047E+00  0.445116907242386E+01  0.220498775553414E+02
%  0.142279003549550E+02 -0.190758253856523E+02 -0.138194582843293E+02
%  0.126734239285486E+02  0.142890830777718E+02 -0.265201823611735E+02
% -0.444961917589253E+01  0.498693716686790E+00 -0.255786462284970E+02
% -0.571286984000329E+01 -0.756362143624593E+01 -0.384240919037155E+01
% -0.387158899370221E+02 -0.577806476853155E+02  0.270045398770981E+02
%  0.588973711771325E+01  0.413564669393956E+01  0.857792115180615E+01
%  0.326363718695203E+01  0.396810469696574E+02 -0.289283692246286E+02
% -0.156883802946120E+02 -0.186280379958409E+02 -0.231565648366005E+02
% -0.378973996501302E+01 -0.595058608685188E+00  0.366007368287901E+01
