% T    256  0.715122828077254E+01  0.715122828077254E+01  0.715122828077254E+01
  -0.120416990706153E+01  0.221882743737680E+01 -0.299242264991621E+01
  -0.812773673569866E-01  0.387427242667869E+00 -0.290253820745105E+01
  -0.532168202159074E+00  0.322753674040473E+00  0.718102468008691E-01
  -0.690020902451924E+00  0.181656485084066E+01 -0.168511625202951E+01
  -0.553851594911831E+00  0.101916612943204E+01 -0.988326635783027E+00
  -0.171277664144237E+01 -0.359587752422789E+00  0.265575123064826E+01
   0.273466070147860E+01  0.199424720548110E+01  0.275468095657208E+01
   0.144384822702844E+01 -0.113807439394703E+01  0.177626143956385E+00
   0.961081621876326E+00  0.169710502801737E+01  0.257318501740943E+00
  -0.888824401624531E+00  0.295843744966087E+01  0.224634410683992E+00
   0.219137353133259E+01 -0.103869017869876E+01 -0.165378908742535E+01
   0.211209786724200E+01 -0.163848955556487E+00 -0.514412674975380E+00
   0.113022508944333E+01  0.277790173362980E+01  0.149174011538560E+00
  -0.120472307851061E+01 -0.211718408152726E+01  0.188243795493840E+01
  -0.164546998150086E+00 -0.298704916140797E+01  0.154317351384538E+01
   0.347597285388992E+01  0.249845471401994E+00  0.118884591566213E+01
  -0.277462121401965E+01  0.159216930172840E+01  0.294126734324418E+01
  -0.197309038958616E+01  0.211681833284081E+01 -0.147267765436222E+01
  -0.886576955704999E+00 -0.849814793513254E+00  0.180282775153931E+01
  -0.216062441293422E+01 -0.513054658948166E+00 -0.328534684017904E+01
   0.744569224846903E+00  0.179915325570431E+01 -0.304533706559622E+01
   0.104154798533884E+00  0.340352085736908E+01  0.209840417305630E+01
   0.109277261463001E+01  0.289018961008152E+01 -0.319974530667149E+01
  -0.164485106673472E+01 -0.165487832390028E+01 -0.343920552365950E+01
   0.568347040242220E+00 -0.168158002684554E+01 -0.294349522008907E+01
  -0.874046249637103E-02  0.168024856991697E+01  0.149443961057322E+01
  -0.292433337252904E+01 -0.583062033206450E+00 -0.183027018144379E+01
  -0.233023404259940E+01  0.306497505950738E+01  0.134149240744463E+01
  -0.111176899397009E+01  0.960124175058701E+00 -0.202969627490185E+01
  -0.283331969789943E+01  0.117252220276458E+01  0.169838005592701E+01
  -0.270978256137106E+01 -0.137768430825680E+01 -0.117028197546802E+01
  -0.192835411559682E+01  0.228207181717663E+01  0.424409521253859E+00
   0.428409149898041E-01 -0.799773840638113E+00  0.212088894713247E+01
  -0.357648681316758E+01  0.399020910640210E+00 -0.355538639881830E+01
   0.940754582843773E+00 -0.183307601256070E+01  0.288669925935602E+01
  -0.101704540060385E+01  0.315702599316320E+01 -0.167213127669307E+01
   0.339942030323887E+01  0.125339784184534E+01  0.896806426534336E+00
  -0.146482908767691E+01  0.118424283710390E+01 -0.168332973011618E-01
   0.261307702237586E+01 -0.341807786745169E-01 -0.160227249304530E+01
   0.271620047021071E+01 -0.318806556782716E+01 -0.101885667591063E+01
  -0.182630246776933E+01 -0.257533573710473E+01 -0.234620026569831E+01
  -0.493129033550337E+00  0.354837380487444E+01 -0.709902217637913E+00
   0.188019444886981E+01  0.287608002599465E+01 -0.900835901498807E+00
  -0.134822860556444E+01 -0.152622331833970E+01  0.188858154891776E+00
   0.768614536235550E-01 -0.988551023988705E+00 -0.496252306508685E+00
  -0.193141260048470E+01  0.115678242822901E+01 -0.305517288945053E+01
   0.307868221975834E+01 -0.231031846070665E+01  0.268059761142705E+01
   0.179028212384996E+01 -0.243444835581453E+01 -0.160659859721495E+01
   0.281421917842729E+01  0.663659917692933E+00 -0.480726408196889E+00
   0.163652066967588E+01  0.177501045974491E+01 -0.234854643855797E+01
  -0.282631403669236E+01 -0.414076452121614E+00  0.748761313518235E+00
   0.893528718535268E+00 -0.288096028201754E+01  0.419638819700507E-01
   0.231986649308013E+01 -0.609744554844286E+00  0.348982836106151E+01
   0.152371438167306E+01 -0.202679731087703E+01 -0.569242210626153E+00
   0.816386954379357E+00  0.349366175959204E+01 -0.223376051755597E+01
  -0.280243535489711E+01 -0.322895949693604E+01 -0.134629682563004E+01
  -0.235351264727016E+01  0.476431232624547E+00  0.355882967405094E+01
  -0.107607337651326E+01 -0.345288354854813E+01  0.220513672366678E+01
  -0.123304272826896E+00  0.193275206866414E+01  0.266782591978795E+01
   0.773099390103111E+00  0.226620472234197E+00 -0.224808589705079E+01
  -0.288094540831712E+01 -0.281838814306242E+01 -0.239245570736770E+01
  -0.260682582059167E+01 -0.318689725148980E+01 -0.338055316535384E+01
   0.352567770345237E+01  0.286096518885337E+01  0.275803072940564E+01
  -0.159319059657809E+01 -0.285909241525607E+00 -0.231359548239455E+01
  -0.177959021944663E+01 -0.167135796748874E+01  0.271013636727780E+01
  -0.354257306917894E+01  0.274662635930799E-01 -0.551959308669554E-01
  -0.443376496737170E-01  0.259871370360426E+01 -0.213267179514098E+01
   0.239868985534410E+01  0.950829068069944E+00 -0.258234239619194E+01
   0.358957823295356E+00  0.125341694394071E+01 -0.516825557802850E+00
   0.104564738348432E+01  0.284921757674404E+01  0.286353134024843E+01
   0.349113132670181E+01 -0.235307370130766E+01 -0.271214852579768E+01
  -0.598688882690726E-01 -0.236637438589625E+01 -0.232404798059065E+01
  -0.175424812777852E+01 -0.324071098808975E+01 -0.132451504223570E+01
  -0.186824420815826E+01 -0.517703764875432E+00 -0.883316561515236E+00
   0.351980822067059E+01 -0.964473404227325E+00  0.175246477778671E+00
   0.328128246216599E+01 -0.999788551920409E+00 -0.212736796552500E+01
   0.220571239983280E+01  0.233119445780074E+01 -0.304861268557866E+01
   0.191722192114634E+00 -0.261908330179800E+01 -0.842028365023798E+00
   0.105007742219737E+00  0.976161654145028E+00  0.728224471089952E+00
   0.292648680274669E+01  0.904557264813157E+00 -0.154851938914130E+01
  -0.573556160032959E+00  0.130392977213203E+00 -0.159503115402897E+01
  -0.290653400352986E+01  0.161412046570331E+01  0.280713109932968E+00
  -0.946906808714184E+00  0.176863396560765E+01  0.184745485827810E+01
  -0.875900859687038E+00  0.301981850740794E+00  0.297667183742762E+01
   0.656207487929856E+00 -0.159631727154968E+01 -0.117327035972800E+01
   0.101739799349199E+01 -0.576276930598439E+00  0.256027316953871E+01
  -0.209510745671597E+01  0.123141239077567E+01 -0.213040774009811E+01
   0.351699213703416E+00  0.340737374851949E+00 -0.981688573156466E+00
  -0.260952711014452E+01 -0.189506071848211E+01 -0.321741330794910E+01
   0.702317057881422E+00 -0.344849539495949E+01  0.882268691121418E+00
  -0.344556825945030E+01 -0.173759726960824E+01 -0.427322162350477E+00
   0.513378950383763E+00  0.248920618972453E+01  0.206964505804993E+01
   0.309376777839261E+00 -0.103222894781790E+01  0.308106256741363E+01
  -0.870341312883503E+00 -0.203264582494538E+01  0.944414943977623E+00
  -0.927220217253386E+00 -0.465429428404119E+00 -0.506310504197121E+00
  -0.171767994486419E+01  0.267765109150674E+01  0.248494826964447E+01
   0.175730726994596E+01  0.102268289992643E+01  0.107285388153234E+01
  -0.577891606032409E+00 -0.170971517315473E+01 -0.339527498005095E+01
  -0.308814969038189E+01  0.767321287018706E+00 -0.152957615608646E+01
   0.132628008626993E+01  0.160440585645422E+01 -0.121475316717480E+01
   0.329624001739558E+01 -0.712257560861173E+00  0.159978991542619E+01
   0.238719086325311E+01  0.122469258671275E+01  0.356779430296546E+01
   0.304680540190153E+01  0.190733494666439E+01 -0.313599666667508E+01
  -0.158729837471032E+00 -0.142476522208872E+01 -0.231624793330810E+01
  -0.257170244797655E+01  0.150180436592291E+01 -0.755552953494082E+00
   0.208500635051092E+01 -0.272427905315551E+01  0.274490738897299E+01
   0.328593392707638E+01 -0.346965803855129E+01  0.206272913379884E+00
   0.122482840861438E+01  0.247602701565530E+01 -0.171947835596327E+01
   0.131845929849321E+00  0.100942902438685E+01  0.356363766493213E+01
   0.391281671058244E+00  0.145375728772567E+00  0.288590825581414E+01
   0.179399850507970E+01  0.188495088818771E+01 -0.386188296900066E+00
  -0.344710176341117E+01  0.221875800732390E+01  0.102340591722423E+01
  -0.155862521717967E+00  0.297954183765383E+01  0.113001894234802E+01
   0.293937723044516E+01 -0.162547815385188E+01  0.176336083669764E+01
   0.313258148156818E+01  0.165312335237808E+00  0.252250414941564E+01
  -0.752842409811588E+00 -0.297751988225946E+01 -0.321788937713619E+01
  -0.239125782511623E+01  0.222866165778952E+01 -0.244344322134870E+01
   0.211822355285262E+01 -0.167812844569646E+01  0.255938603540304E+01
   0.221150969454743E+01  0.287840169171976E+01  0.301816289063275E+01
   0.195063377294140E+01  0.188989350469903E+01  0.205364399159307E+01
   0.179040416240211E+00  0.353494151765169E+01  0.796800760159764E-02
  -0.633769878264030E+00 -0.356297178240600E+01  0.314314605133323E+01
   0.282686999456756E+01  0.322485596298409E-01  0.516507899730998E+00
  -0.323403826776100E+00 -0.175599004300706E+01 -0.127666655844405E+01
  -0.205526816372630E+01  0.229788171862984E+01  0.332145967697311E+01
  -0.914515452089429E+00  0.979774144730934E+00  0.945140957009337E+00
   0.254374846913612E+01 -0.272121694870543E+01 -0.300926705028118E+01
   0.803165987659282E+00 -0.111238739617729E+01  0.148814312526324E+01
  -0.164636214850407E+01  0.100955847380644E+01  0.268618447492493E+01
   0.293350589355780E+01  0.255450259315893E+01  0.185302698506336E+01
  -0.306248550218787E+01 -0.260452948373937E+01  0.497983541379136E+00
   0.319659642350944E+01  0.307499395219742E+01 -0.930554924074331E+00
  -0.871463113983787E+00  0.216697131653423E+01  0.754146869476511E+00
   0.351969340496638E+01 -0.646917786118067E+00 -0.964289831384682E+00
   0.292596948976604E+01 -0.100138255810844E+01  0.262211501703792E+01
  -0.184968264041850E+01  0.124111030894681E+01  0.100623208176882E+01
   0.212460840890845E+00  0.474170078747406E-01  0.135794950937425E+01
   0.529394114428067E+00 -0.178891849915742E+01  0.441933311779991E-01
  -0.284668392296781E+01 -0.308877044997207E+01  0.130184541774830E+01
  -0.167030755750011E+01 -0.319547958679965E+01  0.107216430865009E+01
   0.126364733157665E+01 -0.135406223953334E+01 -0.197126698913368E+01
  -0.689721296686814E+00 -0.276707132152971E+01 -0.135214980889659E+01
   0.346200238593337E+01  0.175910157680602E+01 -0.103088802080909E+01
   0.133562937368715E+01  0.760712248759720E+00 -0.288210004046476E+01
   0.174872960321938E+00  0.250679498733289E+01  0.315676850530994E+00
  -0.189289226320084E+01  0.197010892815346E+01  0.173112591091296E+01
  -0.212139275018334E+01 -0.329659934216357E+01  0.221155630554660E+01
   0.246880982330710E+01 -0.279337997380222E+01  0.484869246243004E-02
   0.583897544488332E+00 -0.231468014449530E+01  0.101272410822796E+01
  -0.180395658519866E+01  0.762734627149033E+00 -0.875776708552197E+00
   0.192678368928878E+01 -0.326542174363892E+01  0.103617245177929E+01
  -0.908098640810661E+00  0.124342597398872E+01  0.332971650576759E+01
   0.134414542572544E+01 -0.886658980920842E+00 -0.822382916104814E+00
   0.155294069966185E+01 -0.247333899387793E+01 -0.316853515199012E+01
   0.180435417085835E+01  0.681979270012505E+00 -0.143012590933082E+01
   0.882097789252577E+00 -0.258425113205579E+00  0.872955389794273E-01
  -0.153911128854849E+01 -0.177574049140866E+01 -0.104994883566915E+01
  -0.170011143241032E+01 -0.199275283814954E+00  0.634563099213839E-01
   0.241716893308266E+01 -0.790674031016136E+00  0.123711681513711E+01
   0.108581242927407E+01 -0.340403756019823E+01  0.337529128429342E+01
   0.242652745468635E+01  0.343727087868941E+01  0.180000405331002E+01
  -0.312221864555497E+01  0.132024352053430E+01 -0.303552443319236E+01
   0.284708314567308E+01 -0.190675523479521E+01  0.554632840169021E+00
  -0.284387219512959E+01  0.245882215778390E+01  0.208792814716893E+01
  -0.102740982111976E+01  0.218646904814036E+01 -0.609665787594166E+00
   0.689168422848538E+00  0.339834705923168E+01 -0.124977481039553E+01
   0.344647917092320E+01  0.151340414581624E+01  0.217641348029927E+01
   0.492795705271416E-01  0.227757994209552E+01 -0.884645711629871E+00
  -0.354938175199719E+01  0.328878120774187E+01  0.148943650102983E+01
   0.334068333092940E-01 -0.683105895749829E+00  0.487151419487829E+00
  -0.397990728641895E+00  0.351467785348344E+01 -0.246908109720392E+01
   0.281667615341028E+01  0.268840764050985E+01 -0.227481505748347E+01
   0.265239471568040E+00 -0.247980545081472E+01 -0.336693519172589E+01
   0.339759326471660E+01  0.157241560753183E+01 -0.226836788060186E+01
  -0.973838482388204E+00 -0.780982953376758E+00  0.330736280379769E+01
   0.244458804992486E+01 -0.125535829369804E+01 -0.129664759218364E+00
  -0.304558354906130E+01  0.297030074742766E+01 -0.204029359346718E+01
  -0.161981313284682E+01 -0.100880005326766E+01  0.109141264807940E+01
   0.295952466295426E+01  0.343730839642731E+01 -0.334412214636108E+01
  -0.126441510495018E+01  0.293587095927187E+01  0.155197058883697E+01
   0.949476770700533E+00  0.205467872505239E+01  0.126919078325196E+01
  -0.858027988365488E+00 -0.869186600464100E+00 -0.159932015347848E+01
   0.284517447237511E+01 -0.262764602561723E+00 -0.276871546266602E+01
   0.159743243493713E+01 -0.691946238382992E-01  0.122443823762954E+01
  -0.207818707725038E+01  0.313028213251656E+01 -0.185152310338991E+01
   0.196181324699185E+01  0.267051592064600E+00  0.323968358570787E+01
  -0.230911621248001E+01 -0.108646038253372E+01  0.451139465442537E-01
   0.156112752028852E+01 -0.279271071403353E+00 -0.281641372619558E+01
   0.419078482249194E+00 -0.281694903885014E+01  0.276902145407737E+01
  -0.314962744042005E+01 -0.422951973449068E+00  0.320535208897563E+01
  -0.367966899585407E+00  0.161960179610378E+01 -0.258702362850369E+01
  -0.210084278754467E+01  0.307827163996894E+00  0.149477319044045E+01
  -0.328654328934567E+01 -0.216009968768693E+01 -0.162643152291199E+01
  -0.237245083369388E+01  0.559001051831527E+00  0.293490194051033E+00
   0.215824789687925E+01 -0.250065944795166E+01  0.175754435943254E+01
  -0.170872773664800E+01 -0.352683861142484E+01  0.321431515613399E+01
  -0.196212826277022E+01 -0.218749533742594E+01  0.654471051182837E+00
   0.154542382171412E+01  0.285342879232605E+01  0.159195552956201E+01
   0.195826770375330E+01 -0.324446645978406E+01 -0.214956663827881E+01
   0.184828483835311E+01  0.355718932524419E+01 -0.402742030828099E-01
  -0.281493480009203E+01  0.179338261348019E+00  0.212163698898208E+01
  -0.251201811342054E+01  0.312676907728032E+01  0.322017083604056E+01
  -0.245712217203082E+01 -0.280815781018608E+01 -0.335581246206249E+00
  -0.311669826804698E+01 -0.677805464664948E+00 -0.291262595434719E+01
   0.263746776297700E+01 -0.193913304825415E+01 -0.775799070678203E+00
  -0.356749279553201E+01 -0.285650206720205E+01 -0.597251544752242E+00
   0.346275761880901E+01  0.627441536241409E+00 -0.251967275781528E+01
  -0.126083988062439E+01 -0.284815147848458E+01 -0.206717231043646E+00
  -0.307766711800652E+01 -0.334246198482287E+01  0.233474981163643E+01
   0.339151676771981E+01  0.135769538534136E+01  0.321340967916958E+01
   0.185807881043598E+01  0.704826052141091E+00  0.453469433171897E-01
   0.284326194896563E+01 -0.148802026693986E+01 -0.332096246264701E+01
  -0.324113316606561E+01 -0.142257656753335E+01  0.323509701099669E+01
  -0.320082509735881E+01 -0.243276349268462E+01  0.331812179065185E+01
   0.432771280599239E+00 -0.672420819879894E+00 -0.269758052469807E+01
   0.180184264755194E+01 -0.232055965701389E+01  0.655731868422593E+00
  -0.766178272515807E+00 -0.259347572409357E+01  0.284738770300643E+01
   0.193380351908087E+01 -0.350213051170070E+01 -0.317671958945809E+01
  -0.523606899127962E+00  0.156366192801976E+01  0.613453653093187E-01
  -0.320736642719651E+01 -0.216263168948702E+01  0.186555130183545E+01
   0.261346945128835E+01  0.249865476559658E+01 -0.184246580023715E+00
  -0.491664169450216E-01 -0.185676731012352E+01  0.201606312963604E+01
   0.316572194529912E+01 -0.329898275109068E+01 -0.218410593772324E+01
   0.761147479396089E+00 -0.264170497641482E+01 -0.180525627086971E+01
   0.880707983213664E+00  0.113951966862365E+01  0.204790429805095E+01
  -0.246814034629057E+01 -0.150587645996141E+01 -0.221946066698409E+01
   0.906884433893885E+00 -0.237121887840022E+01  0.196279284178951E+01
  -0.253762730892460E+01  0.260040673343770E+00 -0.252466655554397E+01
  -0.258547583709703E+01  0.271194492188741E+00 -0.678206184900930E+00
   0.113681028029500E+01  0.113459382671478E+01  0.320942952381602E+01
   0.302191820376637E+00 -0.667646872441817E+00 -0.151645009273001E+01
   0.232261979420946E+01  0.194235150065563E+01 -0.158156198192741E+01
  -0.279600934652162E+01  0.329088339246428E+01  0.233849950818499E+00
  -0.222585136682302E+01 -0.249521035723718E+01  0.309573572661262E+01
  -0.236767089681945E+01 -0.164251498755907E+01  0.164295204371628E+01
   0.285955782199478E+00  0.114930366622775E+01 -0.164192442294970E+01
   0.145177761094264E+01  0.308593673333255E+00  0.217210591065091E+01
   0.175308143970298E+01  0.200233694736085E+01  0.307629928313479E+01
   0.306482283238370E+01 -0.334447064406287E+01  0.258046198637719E+01
  -0.170869579356973E+01  0.337997005460107E+01 -0.300955090323221E+00
   0.171102383988413E+00  0.308334315512845E+01 -0.353623844006935E+01
  -0.110605470007910E+01  0.250676918628908E+00 -0.322319934684997E+01
  -0.192079656824509E+01  0.350586682621164E+01 -0.275644330489232E+01
   0.280554744384368E+01 -0.203406210593209E+01 -0.185053537599828E+01
   0.330502474216843E+01 -0.291603990256983E+01  0.152349414816028E+01
  -0.887322963822061E+00  0.252814742405670E+01  0.311470661332722E+01
   0.174739767114177E+01 -0.154142000344299E+01  0.136518829911354E+01
  -0.324214135945679E+01 -0.147838681873977E+01  0.995138798752512E+00
   0.142724008142789E+01 -0.118136782100969E+01 -0.344866726306734E+01
   0.206449099007168E+01 -0.190020754061934E+01 -0.261693017138324E+01
  -0.231698947031448E+00 -0.261851658438355E+01  0.241101124250694E+00
  -0.269878847962918E+00  0.814928388155929E+00  0.203119869262741E+01
  -0.113793218069468E+01 -0.181580602362865E+01 -0.210398103341260E+01
   0.249740371728331E+01  0.160231929209221E+01  0.512929666320125E+00
   0.213186181603280E+01 -0.443363414609990E+00  0.228312461438475E+01
  -0.335395433359813E+01  0.271166358030978E+01 -0.333736065716434E+01
% -0.601982126794703E-01 -0.823067908385454E+00 -0.575403745410232E+00
%  0.172991252666521E+01 -0.123777360225302E+01 -0.234726471512713E+01
% -0.383684036605229E+00 -0.124436952478002E+01  0.225586736411687E+00
%  0.123263404165923E+01 -0.362989448723441E+00 -0.924866954738625E+00
% -0.194377207203762E+00  0.211108202348242E+00  0.733713300370864E+00
% -0.860533669207757E+00  0.410180297400242E+00  0.600728807118735E+00
% -0.803529120115368E+00 -0.712420841408454E+00  0.559522573618885E+00
% -0.270696603752706E+00  0.101063228009450E+00 -0.824354354585185E+00
% -0.197141554142695E+01  0.169632373926436E+01 -0.539539695062103E+00
%  0.141145408142116E+01 -0.398381347377034E-01  0.335585760480172E+00
% -0.162386471262521E+01 -0.579205354388607E-01  0.304006748695614E+01
% -0.178155907997137E+01  0.613860544414772E+00  0.107598573827483E+01
%  0.143329571657716E+01 -0.666523268330943E+00  0.585231188812033E+00
% -0.373931526844222E+00  0.102540116716733E+01  0.790186124979000E+00
%  0.179023886198703E+01  0.843377068458061E-01 -0.604084301608201E+00
% -0.430355317756056E+00 -0.283683605776865E+00 -0.273559893924121E+00
% -0.207954640757405E+00 -0.115394073751636E+01  0.168002276264293E+00
%  0.139218406077186E+00 -0.746588722581829E+00  0.203157614263760E+00
% -0.378126657555987E+00 -0.778555390047499E+00  0.107626952611742E+00
% -0.375338993009427E+00 -0.415112354179987E+00 -0.325430778627038E-01
%  0.688911078421797E-01  0.828353087797349E+00 -0.244135866927440E+00
%  0.166772456766641E+01 -0.219414327510748E+01  0.629358478756681E+00
%  0.108277543180745E+01  0.731354572590680E+00  0.132997590071260E+01
% -0.797263209169053E+00 -0.271338918749352E+00  0.909314754543371E+00
% -0.231681224452332E+00  0.892810619711495E+00  0.881923100377882E+00
% -0.950173996261389E-01  0.203061573822137E+00 -0.102673810388709E+01
% -0.215819531293906E+01 -0.487690860619666E+00 -0.194354111597497E+01
% -0.145631349395947E+01 -0.815478102455237E+00 -0.423473440096722E+00
% -0.391339400176232E+00  0.148920941160504E+01 -0.237000438394170E+01
%  0.953302378743972E+00  0.179002925745128E+00 -0.170250137639795E-01
% -0.319039204756381E+01  0.195847179026630E+01  0.689710379754938E+00
% -0.437608904056361E+00 -0.825723163619228E+00 -0.733955828593716E-01
% -0.209140204784939E+00  0.127101802384930E+01  0.146652366754208E+01
% -0.230800059146734E+01  0.139763675972172E+01  0.178952939444733E+00
%  0.125103479016885E+01  0.159493051971205E+01 -0.660681847751104E+00
%  0.115425763666762E+01 -0.210354951250158E+01 -0.104406875847304E+01
% -0.339763309212757E-01 -0.172319530916350E+01  0.144182020135085E+01
% -0.780990672451312E+00 -0.119826119219728E+01 -0.793721328870931E+00
% -0.709956641971485E+00 -0.881666932042146E+00 -0.102187263361181E+01
%  0.228589810476813E+01 -0.607520600362744E+00 -0.348417861958943E+00
% -0.460372321243417E+00  0.128127569733196E+00 -0.627144173829236E+00
%  0.374445460650565E-01  0.619851294454563E-01 -0.132282665317319E+01
% -0.728366574762587E-01 -0.202225692827642E+01 -0.247671538891796E+01
%  0.161212116718088E+01  0.278865301185934E+01 -0.153206970764964E+01
%  0.709979043699865E+00  0.148291662498224E+01 -0.109025650038188E+01
% -0.676733575861259E+00  0.438942182838051E+00 -0.318417340044219E+00
% -0.630870133430223E+00  0.206345161712095E+01 -0.652624524124328E+00
%  0.105126013762939E+01  0.207575285537506E+01  0.718209397337250E+00
% -0.405136955217597E+00 -0.369817201996904E+00  0.111811639775715E+01
% -0.175444867615918E+01  0.136987703433346E+00 -0.582761241600549E+00
%  0.112612091691139E+01  0.117692825161371E+01  0.896863151703587E+00
% -0.100040058284772E+01  0.117127252026049E+01  0.220636840158898E+01
% -0.348933690863594E+00 -0.206131016748835E+01  0.951984658660633E+00
% -0.725996716476046E+00 -0.103451202761888E+01  0.112158192590491E+01
%  0.138905306615719E-01  0.713393102553356E+00 -0.165702097346397E+01
%  0.994304315310505E-01  0.725123830324184E-01  0.199669707941153E+01
% -0.983723704636640E-02  0.471235098716615E+00  0.103189123290940E+01
%  0.137737653237962E+01 -0.223957816449253E+01 -0.180656247275060E+01
% -0.106610813194372E+01  0.340487811331573E+01 -0.203100743415759E+01
% -0.434575350279740E+00  0.574487173014491E-01  0.172935141883752E+01
%  0.607399882850863E+00  0.637268547127404E+00 -0.155717975527784E+01
%  0.389548759229540E+00  0.106717137054162E+01 -0.909185471119496E+00
% -0.957929595086543E+00 -0.676348664703677E+00 -0.547986465478832E+00
% -0.203349362300785E+01  0.324179760266403E-01 -0.982230831627621E+00
%  0.491869137570021E+00  0.194225168481143E+00  0.665544611798579E-01
% -0.140395202020151E-01 -0.553816762992389E+00  0.105625421390811E+01
% -0.202327568813400E+00 -0.804525140148606E+00 -0.116230286016173E+01
% -0.457735273922838E-01 -0.147347901194971E+00  0.119053921770679E+01
%  0.100237905550549E+01  0.174886136492355E+01 -0.721012172485374E+00
%  0.896997909568365E+00  0.108656758535070E+00  0.109442786994998E+01
% -0.240677373888120E+01 -0.174744309173226E+00 -0.122999004890397E+01
% -0.210955649919940E+00  0.653927760155692E+00 -0.513335613112887E+00
%  0.264994738240292E+01  0.559798396709085E+00  0.599355934678849E+00
% -0.147057507563100E+01 -0.140866466308556E+00 -0.847725037347845E+00
% -0.362531540799407E+00  0.148832723471119E+01 -0.491087683641204E+00
% -0.299845315889364E+00  0.121670738437780E+01 -0.168129601956889E+00
% -0.654642202457441E-02 -0.107585535282414E+01  0.650527220067840E+00
% -0.210941137363054E+00 -0.696154803083088E+00  0.501929947768845E-01
%  0.103769210470673E+01  0.460208758819306E+00 -0.237153380532911E+00
%  0.163161030969202E+00  0.140699607756976E+01 -0.623951245785356E+00
%  0.112022728749295E+01  0.574990139209542E+00  0.683186555584602E+00
%  0.156044366152201E+01  0.139420292677413E+01  0.856845405859972E+00
% -0.237928361067906E+01 -0.431643248958399E+00 -0.115673360192745E+01
%  0.373177278295474E+00  0.301351313255777E+00 -0.439286731806898E+00
% -0.109602861014727E+01  0.693133555132698E+00 -0.262521678963478E+00
%  0.570625439991815E+00 -0.435156142492909E+00 -0.343420566374282E-01
% -0.171068965655865E+01  0.947704693185394E-01  0.872618099836082E+00
%  0.119401965084587E+00  0.779910127959573E+00  0.214117013491287E+01
%  0.215683474622113E+01  0.197385093245293E+00 -0.307846266935675E+00
%  0.308730552480787E+00  0.195202095236810E+00 -0.135544126292320E+00
%  0.162631446236211E+01  0.178015739588818E+01  0.215780242917095E+00
%  0.102000859962697E+01  0.233834355921950E+00  0.820785949125075E-01
% -0.175612039260272E-01 -0.118179567380381E+01 -0.176978957253596E+01
% -0.194569524478894E+01  0.707159794285225E+00 -0.862160618115807E-01
% -0.289683703086573E+01  0.110029470124445E+01  0.343155162406457E+00
%  0.165393704492496E+00  0.832835781641693E+00 -0.376516384497696E+00
%  0.705726457321474E-01 -0.489860495821515E+00  0.484497604024505E+00
%  0.303861650840327E+00 -0.159822452851946E+01  0.260292470632744E+00
% -0.585599613637467E+00  0.395053235368173E+00 -0.457950216682814E-01
%  0.598817945851136E+00 -0.342535895361136E+00  0.628668244439730E+00
%  0.184115681004760E+01  0.600742448836875E+00 -0.110455882882237E+01
%  0.516341263417547E+00  0.135029460613794E+01 -0.666180683701288E+00
%  0.235630337613572E+01  0.573848839787352E+00 -0.671536290944644E+00
% -0.230006011424241E+01  0.718810294404652E+00 -0.736955619549417E+00
% -0.507371205597809E+00  0.807522161692353E+00  0.291009937323392E+01
%  0.341364714119234E+00  0.578001368172605E+00  0.126180912793267E+00
% -0.259784430295736E+00 -0.124919083046266E+01  0.904179210384982E+00
% -0.201466129241253E+01 -0.670723032377576E+00 -0.323473222057910E-01
%  0.980999790997789E+00 -0.100572348464451E+01 -0.122602835220692E+01
%  0.186541282225912E+01  0.337535335892048E+00  0.160953062332888E+01
% -0.674290144025881E+00 -0.638168050399025E+00  0.618945642990236E+00
%  0.224422000315401E+01 -0.302533054056847E+01  0.123414687574579E+00
%  0.223484329479528E+00 -0.126490633005726E+01 -0.434333405395501E+00
% -0.131781238966371E+00 -0.129630005341530E+01  0.129003823536616E+01
% -0.144088769483507E+01 -0.744790649175038E+00 -0.111457202087099E+01
%  0.103949428247101E+01  0.249774761193264E+00  0.799234244878855E+00
% -0.197424002950069E+00  0.585454079221213E+00  0.321823365251587E+00
%  0.424863858390403E+00  0.420888127319863E+00  0.118125125663786E+01
% -0.320130368281748E+00 -0.186915704610642E+01 -0.374902078269832E+00
% -0.242388140479255E+00  0.848298363047341E+00  0.875107262610485E+00
% -0.712037607952000E+00  0.394018011040894E+00  0.749333794013396E+00
%  0.197947632785447E+01  0.755540898638393E+00  0.120772312866463E+01
%  0.603613881949782E+00  0.260877920565014E+01 -0.887667659269286E+00
%  0.558874811213110E+00 -0.188681248742754E+01 -0.710731349206369E+00
%  0.145976543043055E+00  0.819753717035463E+00 -0.199212965914478E+01
%  0.909501322432359E+00  0.550234801179256E+00 -0.173578680141842E+00
% -0.134610449149859E+01 -0.128543665636769E+01 -0.147053209426312E+01
%  0.716804079860456E-01  0.151681351243671E+01 -0.290565449311354E+00
%  0.204154746303515E+00 -0.443113337894477E+00 -0.595016398187524E+00
% -0.106463462429375E+01  0.839347341687736E+00  0.102629480915951E+00
%  0.599189935833301E+00  0.156847907240011E+00  0.287919936604596E+00
% -0.930555168491303E+00 -0.119882882185448E+01 -0.892662740598417E+00
%  0.102276141393150E+01  0.432228484952452E+00 -0.136278927662371E+01
%  0.687202858433337E+00 -0.152421811660401E+01  0.648217648320827E+00
%  0.893127510112055E+00  0.655761820688428E+00 -0.539469326086803E+00
% -0.664212542081942E+00 -0.170822710363503E+01 -0.192572509627450E+01
%  0.140638962165156E+01 -0.147547155196669E+01  0.466189316206733E-01
% -0.189880473553494E+01 -0.195456815820750E+01  0.222662874731197E+00
%  0.123933183634880E+01  0.344175525743015E+00 -0.237127688031755E+01
%  0.734208230193098E+00 -0.478122178199414E+00 -0.160352858826041E+01
% -0.134247463208205E+01 -0.189956043188549E+01 -0.311168545853678E+00
%  0.830160547635633E+00  0.657781905996683E+00 -0.355024456917442E+00
% -0.184159887630346E+01  0.174762475361637E+01 -0.128537080497311E+01
%  0.164669995720280E+00  0.263970602901349E+00  0.475992129231024E+00
%  0.109446675444390E+01 -0.118015758917042E+01 -0.119732348525230E+01
%  0.442263904623666E+00 -0.484641947490064E+00  0.636378677387711E+00
%  0.131183804400792E+01  0.715852573959081E+00 -0.472688276518893E+00
%  0.123514845198543E+00 -0.555015807963557E+00 -0.627934798554599E+00
% -0.768525788882069E+00  0.658812352966221E+00  0.244337496189876E+01
%  0.118577404324960E+00  0.565582276910678E+00  0.513941704766831E+00
%  0.115776624551609E+01 -0.417340602570809E+00  0.871346402297505E+00
%  0.758734496543264E+00 -0.772638047589483E+00  0.871178054000693E+00
%  0.385229480058050E+00 -0.477454259202346E+00 -0.272019480502891E+00
%  0.157685386467208E+01 -0.662148169706883E+00  0.584290880924531E+00
% -0.226922822897534E+00 -0.202847583453022E+01 -0.129908083004129E+01
% -0.169979654308478E+00 -0.180940110135973E+00  0.439040582854386E+00
% -0.552590236595738E+00  0.133507669806172E+01  0.896397611235656E+00
%  0.895788039020202E+00 -0.612657941053017E+00  0.378022931025646E+00
%  0.128756065587186E+00  0.715772432623680E+00  0.203355286513886E+00
%  0.766185250809287E+00  0.485576375105005E+00  0.107858510758394E+01
% -0.826777913590920E+00  0.106494533395774E+00  0.166593981073934E+01
% -0.926636629823744E+00 -0.500650792012665E+00  0.112202630033489E+00
%  0.203325151772556E+00 -0.794221123107315E+00  0.153272970897733E+01
% -0.369805611867648E+00  0.185973112977818E+00 -0.118678744167946E+01
% -0.246041167999688E+00 -0.153947044567372E+01 -0.540884210855050E+00
%  0.342689571776192E+00 -0.385765784241021E+00  0.488392828130725E+00
% -0.487692518677706E+00  0.159402072817626E+00  0.719440868142268E+00
%  0.416420984009553E+00 -0.849914864590257E+00  0.603707264420591E+00
% -0.105939242270310E+01 -0.594766898409857E+00 -0.840769923290817E+00
% -0.104843044704282E+01  0.221798211954533E+00  0.120609495996848E+01
% -0.276142420736559E+00  0.480602114428253E+00 -0.196830904173648E+01
%  0.367113480131691E+00 -0.608407704655991E+00  0.293534465838148E+01
% -0.492936999173345E+00  0.136560278154575E+01  0.254620668606179E+00
%  0.124052013528650E+01  0.120862230053479E+01  0.693969882124709E+00
% -0.130527058952553E+01 -0.370003753122989E+00 -0.828976356533186E+00
% -0.860378117536588E+00  0.672802746978703E-01  0.667405807475053E+00
% -0.305747304318786E+01 -0.212559874099468E+01  0.309910538721331E+00
%  0.191466406795128E+00 -0.590145812391780E+00 -0.116533909633410E+01
%  0.108261204975514E+01 -0.941736919240297E+00 -0.557904133941168E+00
% -0.105113505710326E+00 -0.242358556611817E+01  0.485273207839099E+00
%  0.190915435704474E+01 -0.974061511753704E+00  0.340428499867626E+00
% -0.645452164428157E+00 -0.176450065711472E+00  0.251568038688768E+01
% -0.188728124851548E+01  0.544022301588306E+00  0.122245744540360E+01
% -0.109080324770856E+01  0.118724802689835E+01 -0.518040549827411E+00
% -0.636330448425227E-01 -0.113856033801669E+01  0.120101110403094E+00
% -0.122761490673865E-02  0.403860428278236E+00  0.103739335476281E+00
% -0.160910116228452E+01  0.218230224040861E+01 -0.592467463446104E-01
%  0.163133100682312E+00  0.212207517319493E+01  0.295526122164824E+00
%  0.660164450462384E-01 -0.543492602760338E+00  0.828137234021329E+00
%  0.432371868571376E+00  0.879488037153530E+00  0.107794286035585E+01
% -0.175075592167570E+01 -0.266893669457047E+01  0.521792554947567E+00
% -0.481081376464599E+00 -0.187983709366084E+01  0.401569291110223E-01
%  0.970121595343141E+00  0.101875027572678E+01  0.632928593911946E+00
%  0.109998849286363E+01  0.544775792405835E-01  0.215230012706449E+01
%  0.394156636986330E+00  0.222250040327416E+01 -0.523810772573713E+00
%  0.346479663149410E+00 -0.208451474708349E+01 -0.188457637093120E+01
% -0.112667015920211E+01  0.170191310920748E+00  0.647900470654532E+00
% -0.266013556983524E+01  0.861493167950657E+00 -0.647706529772314E+00
%  0.177997415760961E+01 -0.781661098226202E+00 -0.463189044367511E+00
%  0.155540411056679E+01  0.144520791097755E+01  0.649119948423865E+00
%  0.127595801944454E+00 -0.122197827976152E+01  0.604108777759654E+00
% -0.140732514420212E+00 -0.829824174093816E+00  0.287484907405611E+00
% -0.170939301096533E+01 -0.673088053420713E+00 -0.122001597142353E+01
%  0.862325580089721E+00  0.135375574600906E+01  0.107650471381283E+01
% -0.970814532364290E+00  0.160595359635207E+01  0.230433549234769E-01
%  0.155648026018656E+01 -0.375865903526106E+00 -0.203105756748753E+00
%  0.119148689536891E+01  0.638839310267680E+00  0.605896685835941E+00
% -0.665396541905618E-03 -0.102345719603726E+01 -0.982718344494195E+00
% -0.901072213734080E+00 -0.115497702216113E+01  0.118480514721705E+00
%  0.171812631415797E+01 -0.216346449597167E+01  0.122398909093556E+01
%  0.788678257628453E+00 -0.298775928445549E+00 -0.220800513640566E+01
% -0.703425679665943E+00  0.258651160291331E+01 -0.101979835000938E+01
%  0.196818778744823E+01  0.108969351990251E+01  0.538874504158832E+00
% -0.341826033944213E+00  0.763662057256609E+00  0.861736370032353E+00
% -0.149912072046605E+01  0.165727661772352E+01 -0.692371157399072E+00
%  0.215841136164217E+00 -0.207913995217748E+01  0.702154733732832E+00
% -0.219866008993397E+00 -0.771041754505728E+00 -0.362151998402697E+00
% -0.501072068338700E-01  0.631713924735802E+00  0.285257255666382E+00
% -0.105312392522743E+01 -0.124976358429043E+01  0.148425539452632E+01
% -0.174695380945622E+01  0.272360482422561E-01  0.159048375466630E+01
% -0.110411128199468E-01  0.143736421030602E+01  0.272331928128075E+01
%  0.820947496349352E+00  0.615171483433574E+00 -0.261116497198070E+00
%  0.112754328765843E+01 -0.149713111219614E+01  0.214898018448983E+01
%  0.422040599548573E+00 -0.903976482933127E+00  0.108397061025980E+01
%  0.565411657518453E+00  0.684859619197833E-01  0.105352735636124E+00
% -0.194477304998928E+00  0.579817313723122E+00  0.599717566778948E+00
%  0.392963838393628E-01  0.865084012083124E+00 -0.114074289694119E+01
% -0.230163308781201E+01  0.923275894362033E+00 -0.207533741664420E+01
%  0.233551961544220E+01 -0.119736459841048E+01 -0.147197488272035E+01
% -0.108582820113458E+01 -0.134624748681835E+01 -0.135276004060128E+01
%  0.730552678599374E+00 -0.138989072136378E+01 -0.197932509091486E+01
% -0.314067687828935E+00  0.113000253777062E+00  0.519588574637795E+00
%  0.691334882230394E+00  0.173589351290997E+01 -0.487968838948366E+00
%  0.671191574575673E+00  0.185979899984280E+01 -0.208318617745699E+01
%  0.136425708399664E+00  0.156880984809160E+01  0.103416003403070E+01
% -0.123764768165195E+00 -0.168415118258916E+01  0.135187193764045E+01
% -0.124600119435431E+01  0.119556498883317E+00 -0.200661636240034E+00
% -0.174254391150247E+00 -0.194726334984678E+01 -0.652919103095516E+00
%  0.265973985904312E+01  0.707447726225039E+00  0.105698117123237E+01
% -0.682602549569144E+00 -0.159335386720029E+01  0.501659618827161E+00
%  0.326080373073302E+00  0.748690951222219E+00 -0.257471114487322E-01
%  0.641034346993533E+00  0.980629490383225E+00 -0.750135058914271E+00
% -0.837610153256334E-01 -0.655210217340898E+00  0.625155083795326E+00
% -0.707801247680225E+00  0.893236624510231E-01  0.330466249603163E+00
% -0.549194562171094E+00 -0.694453853058487E-01  0.366639620224065E+00
%  0.212309087294214E+00  0.962554044793415E+00 -0.377658090789614E+00
%  0.114036893662316E+01  0.145272783528177E+01 -0.157400871817893E+01
%  0.592270370889569E+00  0.869664481148248E+00 -0.111554305262816E+01
%  0.507721854502045E+00 -0.219879355698684E+00 -0.653666206137586E-01
%  0.101512516771550E+01  0.827213420804634E+00  0.169077780525045E+00
%  0.222309335621278E+00 -0.196066280696279E+00 -0.524924651010962E+00
% -0.344841787352088E-01  0.108201861515957E+00 -0.105535417229840E+01
%  0.159577201435147E+00 -0.987201293666858E+00  0.136438940770643E+01
%  0.191086098838240E+00  0.993747366715946E-01 -0.576936504990339E+00
% -0.831354133399913E+00 -0.493590113565651E+00  0.229124381604352E-02
%  0.314779112319235E+00  0.394520356152454E-01 -0.119109989510120E+01
% -0.436092762456217E+01 -0.107404797561515E+01  0.990163767742881E-02
% -0.124485187126678E+02 -0.370692879295085E+02  0.435826228326577E+02
%  0.237324556504751E+01  0.893169084458347E+01  0.170388396569116E+01
% -0.672431830450650E+01  0.275295781010187E+02  0.394361846885858E+02
% -0.140994136546591E+02 -0.115500955862828E+01  0.961977705486062E+01
% -0.622701889189896E+01  0.225219502094286E+01 -0.240610844872137E+01
%  0.332672536130326E+01  0.911356172432893E+01  0.671624408496035E+01
% -0.598067248646789E+00 -0.117410784588330E+02  0.171452438208562E+02
% -0.265113223728079E+01 -0.558030572539707E+01  0.304092525901786E+01
%  0.645825073781498E+01  0.445399324682108E+02 -0.276450990369741E+02
%  0.124147692470602E+02 -0.196829486648201E+01  0.507900096518163E+01
%  0.224699352711551E+01 -0.846895786723839E+01 -0.297990582414399E+01
%  0.169236108542261E+02  0.581179029306285E+01 -0.286146686771928E+01
% -0.718691949466897E+01 -0.363525368382716E+01  0.208044778315577E+02
% -0.104034363847322E+02  0.294029068847940E+02 -0.197374143305254E+02
%  0.390582766819024E+02  0.771051499263498E+01  0.356585908697158E+02
%  0.544305815327655E+01 -0.147324543958496E+01 -0.528222753401575E+01
%  0.756241948001763E+01 -0.288265209897037E+01  0.775896272126618E+01
% -0.222258716817036E+02 -0.269968482052221E+01 -0.100152171622893E-01
%  0.134294807485136E+02 -0.722337496818689E+01 -0.345241726923726E+01
%  0.444833657291209E+00 -0.590578796767737E+00 -0.303242769389941E+00
% -0.278543536704424E+00 -0.388399104066205E+01  0.267840028266660E+02
%  0.256242272557349E+02 -0.176699436571626E+02  0.199474781879432E+02
%  0.120989042922252E+02  0.480132178973926E+01  0.166749838278970E+02
%  0.403940997612897E+02  0.306047163898075E+02  0.466673122538956E+01
%  0.115710575320573E+02  0.100162734341256E+02 -0.580510879783233E+01
%  0.394741050574681E+01  0.126313000530937E+02 -0.164419855905077E+01
% -0.210089055270115E+01  0.510161936682457E+00 -0.120489771833387E+01
%  0.448499058562953E+01 -0.174020298323004E+02 -0.702507699112915E+01
%  0.823909200620956E+01  0.422317529823013E+01 -0.786810179216838E+01
%  0.611495680869511E+01  0.753154580286140E+00  0.120358626405757E+02
%  0.945378149429024E+00 -0.437846498699460E+00  0.128026118445574E+01
%  0.175147394069416E+02  0.160299152963116E+02  0.389117048856745E+01
% -0.668185116734598E+01  0.785264391189574E+01  0.810493498005031E+01
%  0.809836280391825E+01 -0.460901834477999E+01  0.378985494270169E+01
%  0.369661375737305E+01 -0.406664098421308E+01  0.586781317552740E+01
%  0.398246050302922E+01 -0.128517714408106E+02  0.241205050580128E+01
% -0.823398501280728E+01  0.235471227756174E+01  0.106162824551153E+02
% -0.298475681398392E+01 -0.268128400396408E+02 -0.228759311172470E+01
% -0.250604196284364E+02  0.132761973752894E+02 -0.105672284523028E+02
% -0.334799762156635E+01 -0.526567396802060E+01 -0.209311053467470E+01
% -0.227076545980992E+02 -0.360769940465820E+01 -0.199146697110844E+02
% -0.131287637793445E+01 -0.383051344214600E+00 -0.445092802019602E+01
%  0.113398044985269E+02  0.152635001741510E+02 -0.256236223734869E+02
% -0.248922097244850E+01  0.335996666543586E+01 -0.123550959455003E+02
%  0.335920822235533E+02  0.281670112108358E+02 -0.415406769034132E+02
%  0.206374830026765E+01  0.158820262134853E+02 -0.436688625940698E+01
%  0.106250567024478E+01  0.288610779790534E+02  0.174887026182171E+02
%  0.277694325048725E+01  0.340939986628256E+01 -0.742736479996279E+00
% -0.402887071594613E+01 -0.174628952127074E+02 -0.116590584411698E+02
% -0.466800490569876E+00  0.290765013320132E+01  0.208654643712178E+01
%  0.148827984651250E+02  0.200498288981547E+02 -0.966383481026370E+01
%  0.120212386453939E+02 -0.265174071500933E+02  0.250094505347158E+01
% -0.669205009769040E+00  0.103566527020230E+01  0.347249730547475E+01
%  0.323470199510881E+01 -0.949097922539193E+00 -0.287969210557785E+02
% -0.100503415399444E+02 -0.373289616359396E+00 -0.209716630517644E+01
% -0.231837794933980E+02 -0.243962312910736E+02 -0.315095992375216E+02
%  0.621878858901357E+01  0.105821928124632E+02 -0.133306208972352E+00
% -0.330922874837288E+01 -0.136720753187919E+02  0.288154248909944E+01
% -0.120749145298804E+02 -0.539477132307027E+01  0.255314358065533E+02
%  0.362217151348816E+02 -0.253909660119175E+02  0.148590565947527E+02
% -0.116467027995518E+02  0.120065231120165E+02  0.128422444751457E+02
%  0.433026977780284E+00 -0.428756028408140E+01  0.169556921123518E+00
%  0.191542708216058E+01  0.431931228869741E+00  0.160873220042087E+01
%  0.550126473985837E+01  0.175398000570962E+02 -0.254350951538174E+02
%  0.403016097365596E+02  0.147609430244527E+02 -0.259959490929599E+02
%  0.746777932019152E+01 -0.770810115773287E+01  0.530267370972773E+01
%  0.227279351695424E+01 -0.138850770928390E+01  0.134518304347233E+02
%  0.634108031793290E+01  0.135542821573504E+02  0.766575450891274E+01
%  0.737694539734009E+01 -0.473977540385819E+01  0.224255133037299E+01
% -0.311347132207820E+02  0.291166750502267E+02 -0.162062664330715E+02
% -0.151666763943278E+02 -0.575179271840572E+02 -0.626108978526260E+01
%  0.183919349117472E+02  0.241906443084741E+02  0.160343757852543E+02
% -0.182720447252567E+02 -0.114781420753797E+02 -0.270659888238973E+02
% -0.122162587766952E+02  0.985350584415120E+01  0.114278731495749E+02
% -0.325647458593762E+01 -0.780395553147141E+01  0.428260566164266E+01
% -0.594389714948057E+02  0.295469623670619E+02 -0.968069900802164E+01
%  0.139432123423543E+02 -0.109948258740515E+01  0.116612885319212E+02
%  0.149188119357264E+02 -0.445619242957483E+01 -0.786189671769257E+01
%  0.631297518510122E+01  0.268678002222534E+02 -0.315896830947449E+00
%  0.618367002343701E+01  0.315458713799851E+01 -0.844644119171617E+00
%  0.558399340805098E+01 -0.258403120082205E+01  0.183600137306740E+01
%  0.170539676661813E+02 -0.558554012101212E+01  0.117186187152590E+02
%  0.160828212154890E+02 -0.191248363936260E+02 -0.407110512043131E+02
%  0.158495706849548E+02 -0.189251551619533E+02  0.976168542880312E+01
%  0.359146666396612E+02 -0.935730492990677E+01 -0.189441840871942E+02
% -0.276922005141658E+02  0.369369385497912E+01  0.669145894221689E+02
%  0.562568297415812E+00 -0.236215810645427E+02  0.284650178017303E+00
% -0.193663235237192E+01  0.753928775287246E+00  0.222534942533839E+02
%  0.470016649087584E+01 -0.634058632633118E+01  0.223043580114335E+02
%  0.261809095177865E+01 -0.205961432897120E+02 -0.130019139743425E+02
%  0.626895027846839E+00 -0.118971591474739E+02 -0.613446753417015E+01
% -0.246545780690586E+02 -0.923835095897921E+01  0.353273959113550E+02
%  0.149033040607143E+02 -0.495881566222343E+01 -0.101327556387432E+02
%  0.352423701326587E+02 -0.127463835583943E+02 -0.146024479372989E+02
%  0.306650262371279E+01  0.244046442472514E+02 -0.256140499767398E+02
% -0.519498492516029E+01  0.303256749234162E+01  0.743727400049451E+01
%  0.100919385809879E+02 -0.473084326846458E+01  0.311780931638893E+01
% -0.294999532811573E+00  0.233470164422658E+01 -0.429032078328354E+01
% -0.185055917520103E+02 -0.190822376436139E+02 -0.120638044215263E+02
%  0.598908689414945E+02  0.248211824178153E+02  0.177068756126329E+02
% -0.105048631600647E+02 -0.233717013354058E+00 -0.110500012982543E+02
%  0.462622280175597E+02 -0.808543222841890E+01 -0.157086234144349E+02
% -0.278958532130715E+02  0.618911751485782E+02  0.217093054548689E+02
% -0.280060406677946E+01 -0.141781109257183E+01 -0.148408471126921E+01
% -0.669504739910784E+01 -0.139679369776046E+02  0.213084869529278E+02
%  0.708419639945629E+00 -0.632947756949678E+01  0.742572820965141E+01
% -0.930159794802842E+01  0.271585999211191E+02 -0.222024884547872E+01
%  0.978795084760157E+01  0.390370266103458E+02 -0.409135863061876E+02
% -0.131692229203639E+02  0.154325498030293E+02  0.383993624910624E+01
%  0.957405030264197E+01  0.109047234297543E+01  0.186278976474540E+02
%  0.523959695898184E+01  0.183003440089768E+02  0.860305893460183E+01
% -0.907117411471219E+01  0.996690068230425E+01  0.182185085042828E+02
% -0.109102154392634E+02 -0.327901354114655E+02 -0.322069023661042E+01
%  0.101242711943688E+01 -0.252049258342270E+01  0.982619773166919E+00
% -0.680573503739139E+01  0.239513129181960E+02  0.176878719899757E+02
%  0.370801634579249E+00 -0.213638542278257E+01 -0.141643887191181E+02
% -0.767172247825993E+01  0.403540399022394E+01 -0.260487975143848E+01
%  0.115383229943422E+02  0.336409029534139E+02  0.986331467948626E+00
% -0.588158489368729E+01 -0.893465942364694E+00 -0.150628018824583E+02
%  0.602478327684095E+01 -0.117329061146344E+02  0.107474077085872E+02
%  0.119429898761378E+02 -0.268328907857947E+02 -0.144085146567401E+02
% -0.709529590947483E+02 -0.126344513772953E+02 -0.115409676609020E+02
% -0.227493927566025E+02 -0.249520970442565E+00 -0.186268542195117E+01
%  0.202978179379354E+02 -0.612565503389640E+02  0.400374302891930E+02
%  0.299345087927685E+02 -0.735387310854651E+01  0.259640443824450E+01
%  0.264965516451283E+02  0.211404637639842E+01 -0.357647014442119E-01
% -0.122125206226729E+01  0.296481503439847E+00 -0.559737146751753E+01
% -0.209664388065201E+02 -0.164072899979152E+01 -0.146997213705868E+02
%  0.482002565287676E+01 -0.192636946103394E+02  0.156527960166319E+01
% -0.186898743618603E+02  0.263115527646695E+02 -0.324188801383021E+02
%  0.915454701517488E+01 -0.141820696134205E+02 -0.159270202278362E-01
% -0.918014944264641E+01 -0.307404632083263E+02  0.579502092863207E+02
% -0.150985723413881E+01 -0.208112170876748E+01  0.733645421454539E+00
%  0.191076837941648E+02  0.203784235056240E+00  0.130825377491474E+02
% -0.377233287475836E+02  0.846608929667156E+01 -0.637672803362142E+01
%  0.251728648227145E+01 -0.183558614469793E+01  0.881509053191797E+00
%  0.392269624456730E+01 -0.387495470928947E+01 -0.233156597472116E+01
%  0.295223083119700E+02 -0.198215787217684E+02  0.322942014126297E+02
% -0.658277358899350E-01 -0.102510572283132E+01  0.239621273363891E+01
% -0.797456325659569E+01 -0.205083703956798E+01 -0.157440602824130E+02
% -0.162838348205643E+02 -0.147634648758935E+01 -0.123230843681485E+02
% -0.141956498452237E+01 -0.133966753283413E+01 -0.216658093655165E+01
%  0.114557291807732E+02  0.213942190333239E+02 -0.176178364710547E+02
% -0.151260515100237E+02 -0.256115122439519E+02 -0.155418669518416E+02
% -0.404877302542741E+02  0.125838771367422E+02 -0.324318512579538E+01
%  0.369028185898379E+02  0.843427911879352E+00 -0.814705147255903E+01
%  0.140303339518464E+02  0.141491469070540E+02 -0.728419774695976E+01
% -0.571217301892127E+01  0.143228978304330E+01 -0.196990155994667E+02
%  0.543869202705235E+02  0.213533297971482E+02 -0.304073542469904E+02
% -0.952938930735570E+01 -0.876062828707900E+01 -0.122109887920770E+02
%  0.118555550701843E+02  0.288020306904393E+02  0.230115806280413E+02
%  0.132698688511654E+01  0.520546386346092E+01 -0.100668666328754E+02
% -0.512835184846040E+02 -0.326943354560000E+02 -0.403517923287489E+02
%  0.258356870379758E+01 -0.287501544603800E+01 -0.153976759597540E+01
%  0.668346861082323E+01  0.133632164530004E+02 -0.841680840270952E+01
%  0.133283410525734E+01  0.151104612024042E+01  0.113815881424230E+01
% -0.801109221539813E+01  0.104580000803734E+02  0.307785045457287E+02
% -0.355163655345804E+02  0.688940116721469E+01 -0.258614312972569E+02
% -0.490974436035549E+01  0.224956746776659E+02 -0.327978989435038E+01
%  0.427444836449872E+01  0.104986367956889E+02  0.116970679255510E+02
%  0.219053422823982E+02  0.390637689618329E+01 -0.170367866854977E+02
%  0.936177557925226E+01 -0.561195805749228E+01  0.120679382228492E+02
% -0.222170469944000E+01 -0.209202829357586E+01  0.237797133048563E+01
% -0.659334324801082E+01  0.429533834703943E+01 -0.559948827658625E+01
% -0.567968969052355E+01 -0.192831669342115E+01  0.277863146601127E+02
%  0.341794750143522E+01  0.173058008562165E+01 -0.129989041792875E+02
%  0.707103932934939E+00 -0.152971007413555E+00 -0.214058850799540E+00
%  0.899059979064272E+01 -0.287710213544899E+02 -0.177248367283171E+01
% -0.115685652638732E+02 -0.218307520812260E+01  0.178851454335777E+02
%  0.426015407656762E+01  0.945497670187942E+01 -0.325783485966567E+01
%  0.768471590817903E+01  0.358354425963891E+01  0.464432331571038E+01
% -0.160586583171185E+02 -0.469510650456808E+02 -0.252139146399585E+02
% -0.299590518297247E+01  0.310716288969476E+02  0.438926081546007E+02
%  0.197273109041849E+01 -0.676065359373013E+00  0.271999092522198E+01
% -0.857339118448380E+01  0.445427271897746E+02  0.206893482376047E+02
% -0.298455108219186E+02  0.293031341301893E+01 -0.381283013428907E+01
% -0.119627050021597E+02 -0.135675657214239E+01 -0.839678088883888E+01
%  0.501512040510870E+01 -0.294774162309691E+01 -0.192475031321408E+01
%  0.316898282420025E+01 -0.131108430949624E+02 -0.169649789582560E+02
%  0.102425911075851E+02 -0.124140074954099E+02 -0.169863498314089E+02
% -0.453562664765411E+01 -0.674028028314098E+01  0.232789861561595E+01
% -0.153077842347268E+01  0.497465179959236E+01 -0.144144062602050E+01
% -0.162773168800425E+01 -0.719330519153363E+01 -0.126058271529966E+02
%  0.599340176816076E+01 -0.217184605237183E+02  0.149801108275066E+02
% -0.159805595400118E+02  0.290869735249783E+02 -0.971574988980233E+01
% -0.918431376703204E+01 -0.369390074667502E+01 -0.242642949167839E+01
%  0.549940213076737E+01 -0.703274764904102E+01 -0.986531843132016E+00
% -0.124410219514813E+02 -0.512440510001100E+01 -0.172471688440568E+00
%  0.117806121533693E+02  0.820490290606540E+01 -0.161465727792853E+02
%  0.158873983905737E+02 -0.127019126280104E+02 -0.351066875610783E+02
%  0.365968932596081E+02  0.346707859823445E+01 -0.344185795969692E+02
% -0.161986841741697E+01 -0.263619176556781E+01  0.193418276885772E+01
% -0.644328204857639E+01  0.115350774888075E+02  0.132151448852129E+02
%  0.576501703596306E+01  0.647300182710372E+01 -0.144593727516107E+02
%  0.547099926743029E+02  0.324056710377627E+02 -0.348350602953454E+00
% -0.138129267468115E+02 -0.108264949154904E+02  0.840778642376174E+01
% -0.107591297921592E+00  0.588092931441675E+01  0.294516440984956E+01
%  0.584138735350657E+01 -0.206652654212397E+02 -0.107050288798910E+02
% -0.842654080752756E+01 -0.876428770588377E+01 -0.253681429698057E+00
% -0.408538794548371E+02 -0.113931542903723E+02  0.365063450231097E+02
% -0.807128449659562E+02 -0.312663305933330E+00 -0.232106249912897E+02
%  0.788221086687454E+01 -0.323973598442249E+01 -0.641421589979640E+01
% -0.113894047585288E+02 -0.348251000293548E+01  0.742266552596364E+01
%  0.997982690326648E+01 -0.378339144600698E+02 -0.306560988835409E+02
%  0.147633152352513E+02  0.119272851561506E+02  0.129538430227502E+01
% -0.200646987062549E+01 -0.415599890949268E+02  0.434557902965434E+01
%  0.555585133103877E+01  0.131327963466488E+02  0.111394683217459E+00
% -0.337483496168916E+02 -0.156857092296788E+01  0.954058148051204E+01
%  0.726910463836963E+01 -0.109822424495391E+02  0.224610071252060E+01
% -0.364080527105349E+01  0.586108690135952E+01  0.113946983076658E+01
%  0.494705983850170E+01 -0.473061251292801E+01  0.802350738189654E+00
% -0.104025776958346E+02 -0.710673888758602E+00 -0.517897483267409E+01
% -0.367880499375677E+02 -0.253056150701499E+02 -0.660522309295576E+01
%  0.675270091513920E+01  0.128736246878547E+02 -0.523735730001715E+01
% -0.120250762709500E+02  0.132878583027878E+02 -0.687320321862360E+01
% -0.102245360679738E+01  0.175012744874826E+02 -0.356419366061869E+01
% -0.106433016603407E+02 -0.233818806702321E+02 -0.478315787329589E+01
%  0.311509754901780E+02 -0.168182329689723E+02 -0.180595513473883E+02
% -0.116179343128553E+02 -0.686787763744533E+01  0.108700925416975E+02
%  0.823760375598041E+01  0.565388723641629E+01  0.413464812683812E+01
% -0.330089454708645E+01 -0.658635976089246E+01 -0.609051925162587E+00
% -0.587374757076620E+00  0.445174861237819E+00  0.418906592228326E+00
%  0.113301325124009E+02 -0.245832474490095E+01  0.101356548906040E+02
% -0.123272198567465E+02  0.174213889484295E+02 -0.303738629147200E+01
%  0.187503817499944E+01 -0.260310802210280E+01 -0.207520427338697E+01
%  0.174906550898843E+02 -0.230543510170722E+00  0.573333440703493E+01
% -0.493297815957549E+01  0.266506149145890E+01  0.206269289212046E+00
% -0.588651553848088E+02 -0.367389489517494E+02  0.607714672574422E+01
%  0.315600906158836E+01 -0.560997339807245E+01 -0.230340596719356E+01
% -0.298866071977962E+01  0.648481556398425E+01 -0.819033811718766E+01
%  0.843213463185573E+01  0.356655928497460E-01  0.883983509101786E+01
%  0.241260548482512E+01  0.372592946854264E+01  0.340263439649140E+01
%  0.203955533340014E+02 -0.126345972748485E+02 -0.817424550069277E+01
%  0.204039011266055E+02  0.699110668272151E+01 -0.339774463777658E+01
%  0.176219464794053E+01  0.938448221030790E+01 -0.117429006771089E+02
% -0.157309869648790E+01  0.917112608924020E+01  0.121678612466123E+02
% -0.250954599315271E+02 -0.194430986282883E+02  0.166498212705092E+02
% -0.116778627838233E+02 -0.522240223464894E+01  0.345764758006955E+01
% -0.114323453929893E+02 -0.930806055271565E+01 -0.487457934643001E+01
% -0.179579131968817E+02  0.221452556120601E+01 -0.525283301945098E+01
% -0.165741728605640E+02 -0.769906531654545E+00  0.323460154639137E+02
%  0.121347549381195E+02  0.493649310789927E+01 -0.191439793831968E+02
%  0.140415770431544E+01 -0.126099872908377E+01 -0.178553348538697E+01
% -0.284483735765129E+02  0.228512729415867E+02  0.203421301734855E+01
%  0.494962516191451E-01 -0.420063593801549E+00  0.660995533048623E+01
% -0.250321154991517E+01 -0.116601569437035E+02  0.736380315875408E+01
%  0.394712895597641E-01 -0.524206366886944E+01  0.359455958628519E+01
% -0.363697876550900E+01 -0.493019189619656E+01 -0.945683734631383E+00
%  0.229840040703325E+02  0.517728557121487E+02  0.416907857691566E+02
%  0.238702667987102E+01 -0.804206882811513E+00 -0.369768323675497E+00
% -0.214928642519836E+01 -0.465080125414706E+01  0.620023344832709E+01
%  0.305065258152116E+01  0.137995089845406E+01  0.128826452042605E+01
% -0.903579463291573E+01  0.360972722468926E+01 -0.776755652437102E+01
%  0.910574110539257E+00 -0.668769806669347E+01 -0.186377537592428E+01
%  0.250378168384614E+01 -0.324740137978675E+01  0.428623536321711E+01
