% T    256  0.715122828077254E+01  0.715122828077254E+01  0.715122828077254E+01
  -0.167853831665199E+01 -0.211868542332769E+01  0.343882552384247E+01
   0.174693363736152E+01 -0.319130013887977E+01 -0.317640486368699E+01
  -0.183708404558850E+00 -0.235275935007352E+01 -0.336163606452447E+01
  -0.104764592768173E+01 -0.819216634642890E+00 -0.172973866282247E+01
  -0.288066001991876E+01 -0.223064719419657E+01  0.116397557235736E+00
  -0.294414665985163E+01  0.252705299857025E+01  0.228700069232799E+01
  -0.117774127194420E+01 -0.367539509147751E+00 -0.267032661234667E+01
  -0.320546656149778E+01  0.246366654804842E+00  0.970340257463371E+00
   0.233509214998312E+00  0.165198029597392E+01 -0.724463889813444E+00
  -0.111865255771647E+01  0.342679571159032E+00  0.108629553414287E+01
   0.868015259809985E+00 -0.618501650884169E+00  0.150557227441634E+01
  -0.308742782292310E+01  0.377831267524151E+00  0.321868447766289E+01
   0.833262990802116E+00  0.134778627239546E+01  0.374013866449222E+00
   0.331540566578976E+01  0.574777238364624E+00  0.251655690352407E+00
   0.228883561460933E+01 -0.247317249939572E+01 -0.813515652859314E+00
   0.521171472949269E+00  0.172973589201399E+01  0.314409669659033E+01
  -0.225610436672162E+00  0.176909102489633E+00  0.254459818460693E+01
  -0.160503060230928E+01 -0.299753369788003E+01 -0.239640859746710E+01
   0.188741245887343E+01 -0.126801699802359E+01  0.101166865459258E+01
   0.967221215788554E+00 -0.252139903676513E+01 -0.324824162438592E+01
  -0.254205295251744E+01  0.258437113294812E+01 -0.844209261470495E+00
  -0.399857986647598E+00  0.633448346753933E+00  0.396782901106501E+00
   0.164093892204787E+01  0.107448893832371E+01  0.267751241846431E+01
   0.109506249011440E+01 -0.196188449209008E+01 -0.140340439230698E+01
   0.101757450675956E+01  0.233803658903166E+01 -0.115752500201845E+01
   0.139926047874233E+01  0.248470319979200E+00 -0.842824374508849E+00
   0.256728402007403E+01 -0.444265162645404E+00 -0.168881327864525E+01
  -0.114880743330512E+01 -0.221964334447370E+01 -0.498170250308649E+00
   0.300554648200489E+01 -0.307832617454604E+01  0.212658768194070E+01
   0.313490772007308E+01 -0.192820127546712E+01 -0.295815722098379E+01
  -0.281327873717034E+01  0.313718434131452E+01  0.122900554197100E+01
  -0.292412172317150E+01  0.389637191929331E-01  0.231091244803161E+01
  -0.301693257618634E+01  0.141986084973733E+01  0.913597370491637E+00
  -0.155609736823442E+00  0.437277797922493E+00  0.150632042053178E+01
  -0.972921279704014E+00 -0.301005652638776E+01 -0.339560576933541E+01
  -0.319847368228063E+00 -0.247974998336783E+01 -0.145104165452890E+01
  -0.217614165579632E+00 -0.178273391227090E+01  0.131135577573061E+00
   0.182922211713910E+01 -0.285010367499286E+01  0.264489649985303E+01
   0.229779236510028E+01  0.419394707656439E+00  0.114605584858709E+01
  -0.863476507766498E-01 -0.293301677311743E+01 -0.334965995118557E+00
  -0.333954502611671E+01 -0.237328976370283E+01 -0.102928724252202E+01
  -0.177716259291697E+01 -0.101882094575065E+01  0.681430428087674E+00
   0.308748575607599E+01  0.173345199473413E+01  0.122713213757809E+01
  -0.820230936108019E+00  0.122388145301569E+00  0.336925364350528E+01
  -0.294198140267485E+01 -0.313068178165113E+01 -0.420860881259851E+00
  -0.777830294474463E+00  0.221818717505722E+01 -0.124216161687546E+01
   0.189546782114549E+00 -0.204020613508617E+01 -0.239742526618509E+01
  -0.102031748923116E+01 -0.111535523461395E+01 -0.304418989526771E+00
   0.178802083684751E+00 -0.345483411251542E+01 -0.316893622679482E+01
  -0.227811481205991E+01 -0.176150417718987E+01  0.264674260380671E+01
  -0.228926090389696E+01  0.140468132880026E+01  0.261028339405244E+01
   0.183691270023627E+01  0.153899078104162E+01  0.938588373160890E+00
  -0.282021034693053E+01 -0.148852105513914E+00 -0.157830188517302E+01
  -0.174328971820890E+00 -0.242135118094425E+00 -0.208695592254144E+01
  -0.222347662106863E+01 -0.199495184508831E+01 -0.263795309023296E+01
  -0.220409295560169E+01 -0.111421633965529E+01 -0.136859988467974E+01
   0.211049438011198E+01  0.157595691287861E+01 -0.224618688117066E+01
   0.606821829286115E+00 -0.145301693997319E+01  0.327085934218016E+01
  -0.238340136819243E+01  0.203190160690150E+01  0.154349935607211E+01
   0.173183512311839E+01 -0.185645984622934E+01 -0.282688793992802E+01
   0.128310465061101E+01  0.232584802983114E+01 -0.236026125084992E+01
  -0.199828160906774E+01 -0.100109452559540E+01 -0.247909743427414E+01
   0.337534717213220E+00  0.209482149834176E+01 -0.185747384839066E+01
  -0.193402523204842E+00 -0.323099206980811E+01  0.297342836179448E+01
  -0.193248062412320E+01 -0.365132233124584E+00 -0.343960109438073E+01
   0.333371676466984E+01 -0.135729901308450E+01 -0.142767888069569E+01
  -0.312639790503430E+01  0.129020418386721E+01 -0.284984867509942E+01
  -0.304731564693602E+01 -0.662340955299892E-01 -0.301524836627471E+01
   0.191526727132578E+01  0.272874213766487E+01 -0.333435447996551E+01
   0.196980109791384E+01  0.244898840101947E+01 -0.480593473399688E+00
   0.184510785195167E+01  0.239229661036973E+00 -0.192571229089280E+01
  -0.341431951232209E+01 -0.276429920045203E+01  0.893530062322019E+00
   0.290985901583178E+01  0.296469867339192E+01 -0.322298623812431E+01
  -0.347713535582412E+01  0.317905189973120E+01 -0.149397922618082E+01
   0.563170965030147E+00  0.312415281986907E+00  0.729848327144326E+00
  -0.276269972015553E+01 -0.290755093457212E+01 -0.313618865137324E+01
  -0.467088660305761E+00 -0.536259312491327E+00  0.123948907667603E+01
   0.286359537757194E+01 -0.180312665054673E+01  0.874774820347409E+00
   0.340104121719862E+01  0.244185915789171E+01  0.325794424829612E+01
  -0.250674345265368E+01  0.219478676628261E+01  0.326844233610152E+01
   0.175000543042889E+01  0.284169319777979E+01 -0.173716877583873E+01
   0.265364913315939E+01 -0.107682163907565E+00 -0.386452513400388E+00
   0.342206377573467E+01 -0.841778155658234E+00  0.150805849247083E+01
   0.326582407010114E+01 -0.180266515344530E+01 -0.235638043595203E+00
  -0.133898573597783E+01  0.671030105959447E+00 -0.271226826621041E+01
   0.357545794046594E+01 -0.638980295800904E+00 -0.220194842593749E+01
  -0.252979926857342E+01 -0.563046228165673E+00  0.140235320558320E+01
  -0.395152574629635E+00 -0.295607532347353E+01 -0.236175448759929E+01
  -0.317009510922755E+01  0.331711088404921E+01  0.332470626885942E+01
  -0.121390027028850E+01  0.319577550280314E+01 -0.207001840467954E+01
  -0.176824981702760E+00  0.239665501595030E+01  0.201848247555173E+01
   0.290704024992247E+01  0.337347736666581E+01  0.589866800461252E-01
  -0.316972931041021E+01 -0.318264306953604E+01  0.179037641069730E+01
   0.517782369160925E+00  0.199546891353269E+01  0.133800690553155E+01
   0.276228887619076E+01  0.284459034679517E+00  0.239056469887187E+01
   0.216175331096350E+01 -0.120447113150341E+01 -0.720317728733250E+00
   0.114828396190629E+01 -0.283501297038196E+01 -0.229783565450228E+01
  -0.911164390053764E+00 -0.249323186716571E+01  0.475823827902037E+00
  -0.356926326162098E+01 -0.100378478927540E+01  0.288040061332312E+01
   0.235172864299534E+01  0.237438954703192E+01  0.181519884117695E+01
  -0.187645919257705E+01  0.229538155802327E+01  0.241891800466979E+01
  -0.208506080307135E+01  0.341190047069377E+01 -0.305787825999107E+01
  -0.965791897745144E+00 -0.260646951021453E+01  0.258364337725227E+01
  -0.773174965068512E+00 -0.333951278253717E+00  0.225926918201559E+00
  -0.509034767814741E+00  0.261652137638491E+01  0.309043233871316E+01
   0.128665348589186E+01  0.279074290115627E+01  0.153221745847909E+01
   0.301983684398675E+01  0.845620017820316E+00 -0.261897463244071E+01
  -0.135445173339131E+01  0.345962712250603E+01  0.313375624596553E+01
  -0.289587687461693E+01  0.175172304019363E+01 -0.141396102912508E+01
  -0.243683022156008E+01  0.690593885219516E+00 -0.325831383626116E+01
  -0.357266086631484E+00 -0.780859250720918E+00  0.349909551138855E+01
   0.345138429212587E+01 -0.289921404447150E+01  0.316574485010282E+01
   0.200971294875249E+01  0.245413811123008E+00  0.320531708718115E+01
   0.761729910091961E-01 -0.343089086253118E+01 -0.122560797236351E+01
   0.274751919549004E+01  0.195901197180363E+01  0.149970727627548E+00
  -0.162793895322245E+01  0.141545857437068E+01 -0.424410335273554E+00
   0.135270114782370E+01 -0.302033970020048E+01  0.160059520405926E+01
   0.932106464698026E+00 -0.329945916929739E+01  0.306341884030606E+01
   0.172737040739467E+01 -0.112812323712369E+01 -0.171882887444013E+01
  -0.159705310387252E+01  0.367895658662346E+00 -0.163249439068354E+01
   0.316367800152487E+01  0.190426471794207E+01  0.239582262345395E+01
  -0.288742368342242E+01  0.512637733597537E+00 -0.199404149950804E+00
  -0.232681147515046E+01 -0.319610475017599E+01  0.314061142017966E+01
   0.108523699877198E+01 -0.237553676366148E+01  0.722933416687410E+00
   0.155976795445266E+01 -0.130710800271285E+01  0.211875461194221E+01
   0.183312566598278E+01 -0.288202666116917E+01  0.904284213153049E-01
   0.250460912208684E+01 -0.238190277961355E+01 -0.199411867237238E+01
  -0.517519371426575E+00 -0.303961869472440E+00 -0.810022981597783E+00
   0.136444883958825E+01  0.663242028027037E+00  0.164626406780000E+01
  -0.330078428085776E+01  0.237090812444304E+01  0.243581255129025E+00
   0.288278848586340E+01  0.175652602495671E+01 -0.298637374507434E+01
   0.101310845106446E+00 -0.238618171551247E+01  0.264072155673405E+01
   0.106772169700398E+01  0.160343080417822E+01  0.204550492248380E+01
  -0.235277688120709E+01  0.340771729850339E+01 -0.176167454757651E+01
  -0.402886448407859E-01 -0.143071490304625E+01  0.150668800364123E+01
  -0.201294008806579E+01  0.633845994628744E+00  0.288239568649091E+00
  -0.229884430837983E+01 -0.237491610416766E+01 -0.672747692151705E+00
   0.174328009228250E+01 -0.947243297819066E-01  0.250295078851383E+00
   0.219251842165597E+00  0.536213143057970E+00 -0.100159975290588E+01
   0.781179687730375E+00 -0.959888397467509E+00 -0.276766844840246E+01
  -0.232721027427550E+01  0.921792335121938E+00 -0.980119364713376E+00
   0.198868785073204E+01  0.735178709426770E+00 -0.285276127587162E+01
  -0.326248625314647E+01 -0.159802604315679E+01 -0.225693330113491E+01
   0.118184402362456E+01  0.317087329100162E+01 -0.284886977033844E+00
   0.108295751471505E+01 -0.315681505434568E+01 -0.930010444649677E+00
   0.153287832574123E+01  0.278949233642424E+01  0.251827764876191E+01
   0.181004796214683E+01 -0.175723061593776E+01  0.202984055959589E-01
  -0.354168218485776E+01  0.148384579970295E+01  0.327467787703719E+01
   0.318216083256597E+01  0.296024433172668E+01  0.239207588800923E+01
   0.189254087312610E+01  0.352947412382985E+01  0.831750699554691E+00
  -0.657515571943786E+00  0.141601125823831E+01  0.159550753812014E+01
   0.245994278406350E+01 -0.341846204481428E+00 -0.272428233440928E+01
  -0.778511732365410E+00  0.213595272741831E+01 -0.197985093125826E+00
  -0.966128006626295E+00  0.328803696237251E+01 -0.420580172221053E+00
  -0.124594253561886E+01  0.400968442854096E+00 -0.470774757325166E+00
  -0.888219029971169E+00 -0.148097660759417E+01  0.748044809967931E+00
  -0.216607202975910E+01  0.338169154549504E+01  0.214578783978779E+01
   0.127715778665197E+01 -0.222938030415639E+00  0.256159941270648E+01
  -0.102175986166277E+01  0.300697664512379E+01  0.203676154821580E+01
  -0.327346584420034E+01  0.117051250409715E+01  0.221777625672749E+01
  -0.572862675792477E+00  0.143335979698689E+01  0.342693465804775E+01
   0.824283090326805E+00  0.172511045897080E+00 -0.183370065540467E+01
  -0.143183263389321E+01 -0.269398538661219E+00  0.185705753960890E+01
  -0.157649536324582E+00  0.121212921135041E+01  0.247584444575734E+01
   0.105865895000835E+01  0.246183923240485E+01  0.576635069863327E+00
   0.342507153212123E+01 -0.654070803581864E+00  0.610605960371457E-01
  -0.144662835657236E+00  0.300263101402414E+01  0.158961681864388E+00
   0.699179986808362E+00 -0.123200908621535E+01  0.689975174589354E+00
   0.340873552506636E+01  0.149874218491503E+01 -0.611158678385735E+00
   0.145442756744737E+01  0.165056272646260E+01  0.353418298540548E+01
   0.264224356798369E+01 -0.558707801691812E+00  0.728225242550856E+00
   0.242948210325906E+01 -0.349247350984188E+01  0.315559624126673E+01
  -0.164382586180754E+01  0.128607283464604E+01  0.344517808509732E+01
   0.223875751305127E+01 -0.590671197138311E+00  0.253652163103330E+01
   0.109207922817897E+01  0.121436697064484E+01 -0.228187766730443E+01
  -0.288704872594057E+01 -0.108084080212760E+01 -0.300836839290207E+01
   0.284305573343962E+01 -0.144478746295515E+01  0.224638930919758E+01
   0.199773858690885E+01  0.349738092403248E+01 -0.728130458106715E+00
  -0.216912305291967E+01 -0.311531584165544E+01  0.293770301976248E+00
   0.237839519993870E+01  0.832379052456249E+00 -0.120746947069317E+01
  -0.303727564731248E+01 -0.146145118625613E+01 -0.713101099390737E+00
   0.227301765543218E+01  0.218462645220980E+01  0.301762283153429E+01
   0.206426097455190E+01 -0.325706666582229E+01 -0.172609665657635E+01
  -0.106280469994978E+01 -0.129047889850546E+01  0.166641582571565E+01
  -0.515580600015613E+00  0.230103569109887E+01  0.962610883686034E+00
  -0.206188299490617E+01 -0.139533308002755E+01 -0.271865007806386E+00
   0.202560450069898E+01  0.260031421761765E+01  0.713349137897883E+00
  -0.271794667384400E+01  0.163334349294725E+01 -0.160770021534734E+00
  -0.167690075787204E+01 -0.252393774111616E+01  0.176333684742391E+01
   0.381078263086465E+00 -0.850685384870517E+00  0.237492550950602E+01
   0.272839953061002E+01  0.236403265724609E+01 -0.194814690176612E+01
  -0.240027274244691E+00  0.547312773614535E+00 -0.286725065122629E+01
  -0.142387454321094E+01 -0.950643972760256E+00  0.282649400738683E+01
  -0.267626249925606E+01 -0.579889399396311E+00 -0.443974723294191E-01
  -0.713344151954430E+00  0.350812160514119E+01  0.105536016785942E+01
  -0.322403094535197E+01  0.229870435328486E+01 -0.291361353397973E+01
   0.225874096872930E+01  0.337292571868801E+01  0.190392358640401E+01
  -0.191433453788973E+01 -0.346606245828702E+01 -0.681118444009835E+00
  -0.159321745422644E+01  0.144841098175588E+01 -0.148953901018118E+01
  -0.545557048546225E+00  0.104705058393969E+01 -0.864084936166125E+00
  -0.158385008898423E+01  0.240799094647913E+01  0.747382258388794E+00
   0.333480119029644E+01  0.275530866599495E+01  0.129688233515709E+01
   0.134914496249253E+01 -0.607314311537707E-01 -0.299631709863668E+01
   0.235237024909704E+01 -0.252505329795098E+01  0.158587121527869E+01
  -0.305517610547403E+01  0.331722768748525E+01 -0.261706969733912E+01
  -0.125124408728521E+01 -0.304997927103580E+01 -0.134067201061583E+01
   0.854744448047982E+00 -0.153914336298927E+01 -0.333781201592066E+00
   0.608849400671173E+00 -0.349589091834610E+01  0.428745462562488E+00
  -0.560521906800589E+00 -0.153504561999931E+01  0.256900049695485E+01
  -0.199191708282722E+01 -0.221164351628567E+01  0.955206678376385E+00
   0.434966506651545E+00 -0.460960364688127E-01  0.353784591384454E+01
  -0.165413147368689E+01 -0.470653884497209E+00 -0.686662532959580E+00
   0.269112679369727E+01 -0.139076812341749E+01 -0.226513765454624E+01
  -0.104334306952599E+01 -0.199689367223476E+01 -0.252388728449555E+01
  -0.335854338728255E+01 -0.217039009250515E+01  0.235416312607746E+01
   0.439950548721458E+00 -0.561317861413938E+00 -0.152789799539115E+00
   0.183469419374177E+00 -0.271657777946326E+01  0.936632492642753E+00
   0.896880328269040E+00 -0.206915148170264E+01  0.193525573195584E+01
   0.360690617842994E+00  0.321252910263321E+01  0.144668268511206E+01
   0.189238387702225E+01  0.107488257831943E+01 -0.262651959236342E+00
  -0.295324176702564E+00 -0.115260041051127E+01 -0.270559936904986E+01
   0.586603222026263E+00  0.886557759477535E+00 -0.339238807718582E+01
  -0.184115595397343E+01  0.412969503148351E+00  0.285945969501976E+01
  -0.101927631929319E+01  0.136140691612915E+01  0.400037278050912E+00
  -0.291772322118098E+01 -0.143933328599060E+01  0.183935354303053E+01
  -0.109587553927545E+01 -0.171318341808656E+01 -0.136189545002974E+01
   0.806650458635571E+00  0.257670488493572E+01 -0.338376955914286E+01
  -0.258340205130846E+01 -0.791908784570201E+00  0.285239866313331E+01
   0.902612046123909E-01 -0.130532560562748E+01 -0.138628844231470E+01
  -0.807614507019421E+00  0.263740083710373E+01 -0.287761821478034E+01
   0.346065033057568E+01  0.798758713932263E-01 -0.106621921734245E+01
  -0.199264675218921E+01 -0.217330309841040E+01 -0.167205896961442E+01
  -0.289189132984625E+01 -0.129850814909598E+01  0.723121786592005E+00
   0.125501538246737E+01 -0.711632891537040E+00 -0.102377036106621E+01
   0.682916860519747E+00  0.701914654583939E+00  0.249536316178556E+01
  -0.815072573355609E-01  0.205441316005206E+01 -0.308641968322126E+01
   0.762302268318494E+00  0.312140099279584E+01 -0.182759705110251E+01
  -0.348287086631607E+01  0.310353144895990E+01 -0.395721947781177E+00
  -0.456754149921401E+00  0.144852204772678E+01 -0.222739969483871E+01
  -0.235853686613541E+01  0.886666875719704E+00 -0.223003566441488E+01
   0.189496806261820E+00  0.274718603965685E+01 -0.800745414314712E+00
  -0.232701834449018E+01  0.807248088475597E+00  0.146172406859479E+01
  -0.284692003512504E+01 -0.264775855456906E+01 -0.193409952367982E+01
   0.307954772040747E+01 -0.330961396165711E+01 -0.224818027364149E+01
   0.238131684605343E+01  0.124488539973827E+01  0.193285974574066E+01
  -0.803523965964680E-01 -0.316417874626568E+01  0.191822777394557E+01
  -0.120648158474947E+01 -0.131240056346869E+01 -0.330472139047141E+01
   0.149053319241646E+01  0.123687342717331E+01 -0.124701609025009E+01
   0.186254257659534E+01 -0.106470122113047E+01  0.355835360760909E+01
   0.304071551574170E+01 -0.279495132565222E+01  0.134916516990007E+00
   0.299253942492082E+01 -0.326410327782950E+01 -0.112289407726741E+01
   0.276943118638354E+01 -0.197190968619298E+01  0.324433439758463E+01
   0.289021116509254E+01 -0.347911904839422E+01  0.104500062365787E+01
  -0.329999596174608E+01  0.722290601338746E+00 -0.177404457466855E+01
  -0.183136115394650E+01 -0.350441224944751E+01  0.121861904191347E+01
   0.311159709957994E+01 -0.985956757225099E+00 -0.329654439442582E+01
% -0.927645313805186E+00 -0.147669500615616E+01 -0.450637286735147E+00
% -0.100576410340206E+01 -0.759393398171582E+00 -0.143222931202685E+01
%  0.143411345141007E+01 -0.451466081706978E+00 -0.679565387815837E+00
% -0.514103538677666E+00  0.151547977122394E+01 -0.972191573306183E+00
% -0.593142747328877E+00 -0.105450582662657E+01 -0.569478995754208E-01
%  0.106947525492402E+01 -0.476736578926905E+00  0.874227434231854E+00
% -0.393742433648742E+00 -0.466592557696582E+00  0.108850247137791E+00
%  0.736564179504794E+00 -0.125784225018068E+01 -0.140644562547156E+01
%  0.111181018383778E+01  0.842573936234813E+00  0.172369621883544E+01
% -0.724379943914065E+00 -0.145587830147281E+01 -0.982959520055940E+00
%  0.697915182545300E+00  0.309860694143396E+00  0.282516984503932E+00
% -0.860841246327953E+00  0.549155466737080E+00  0.257816683851052E+01
%  0.381023995870624E+00  0.568682657907247E+00 -0.455604983320559E+00
%  0.138104958626329E+00 -0.997125007626787E+00  0.228908160487670E-01
% -0.371933771555704E+00 -0.698982403405637E+00  0.123879641854620E+01
% -0.783212966879633E+00 -0.221535186205247E+01  0.156604045933932E+01
%  0.970228043470306E+00  0.107492069809796E+01 -0.806433471187670E+00
%  0.720056825461142E+00  0.796682371073115E+00 -0.450400542792336E+00
%  0.628010745085610E+00 -0.236643076822243E+01  0.436751582533253E+00
% -0.961452547211709E+00 -0.194250317180157E+01 -0.121955540670508E+01
% -0.105419514153941E+01 -0.169391501718654E+01 -0.427418237715519E+00
%  0.376562668932697E+00 -0.146545415793931E+00 -0.730878360731131E+00
% -0.674256420038752E+00 -0.375821713086941E+00 -0.149134934492768E+00
%  0.286697940938351E+00  0.959244368022863E+00  0.377189716791765E-02
% -0.859810166907891E+00  0.770085855894027E+00  0.193187591765431E+00
% -0.510469971257437E+00 -0.845718840449242E+00 -0.998079596635393E-01
%  0.198495338793055E+00 -0.688318704131175E+00  0.629098011388430E+00
% -0.556167927583298E+00  0.111587237411447E+01  0.133969047938353E+00
% -0.211327026406095E+01 -0.859853332569446E+00  0.120660081398211E+00
%  0.424141773503353E+00 -0.711554053135227E-01 -0.777712787033122E+00
%  0.503708016173558E+00 -0.748137098791566E+00  0.251024915168579E+00
%  0.166135543896778E+01 -0.216774928810013E+00 -0.629303754833105E+00
%  0.268466145384250E+00  0.164367721769693E+00 -0.213448080840229E+01
%  0.147662650053153E+01 -0.247927713305236E+00  0.798643089152675E+00
% -0.933345231445489E+00  0.140426022866239E+01  0.105020467014639E-01
% -0.961043127243096E+00  0.211567270455772E+01  0.825083279661726E+00
% -0.160891841299382E+01 -0.499228908451315E+00 -0.146622746077178E+01
%  0.139607189207952E+00  0.137627500838256E+01  0.153353885139464E+00
%  0.360705776102771E+00  0.136428288898361E+01  0.492534187818722E+00
%  0.106684500172779E+01  0.719149136399724E+00 -0.635164893782896E+00
%  0.102384341491217E+01 -0.127691125559205E+01  0.849396388259018E+00
% -0.323983533933343E-01 -0.120509123761101E+01  0.540221816956269E-01
%  0.138989796517683E+01 -0.793584184549055E+00  0.384384931536414E+00
%  0.135444363557437E+01  0.466167559013887E+00 -0.335776939597672E+00
%  0.218246183559662E-01 -0.126077716078728E+01 -0.838030347515857E+00
%  0.103867443496882E+01 -0.173611736564602E+01  0.166040266340192E+01
% -0.163465410983833E+00 -0.116849760336226E+01 -0.539250390823292E+00
% -0.212051085170526E+01  0.485788558190569E+00  0.723321743579646E+00
%  0.999547158605071E+00 -0.360710877405270E+00 -0.216065806541976E+01
%  0.195784327049245E+00 -0.209313540161301E+01 -0.952717389037327E+00
%  0.848983143326485E-01 -0.113541991333247E+01 -0.652150465972631E+00
%  0.468068792220645E+00 -0.988895597790154E+00 -0.146353573203390E+01
%  0.148394136236003E+01 -0.473459368537493E-02 -0.162201652822468E+01
% -0.974318451670993E-01  0.223258140823185E-01 -0.547356054164432E+00
%  0.163304542771631E+01  0.101290041498205E+00 -0.216873296174217E+00
% -0.132502739015078E+01  0.565598770155305E+00  0.183079704933380E+01
% -0.117108725370664E+01 -0.834865214244886E+00  0.916034288200787E+00
% -0.165503313803234E+00 -0.687124603404146E+00 -0.206525478948918E+01
%  0.321543605771209E+00  0.153299605760827E+01  0.111602456286791E+01
% -0.108243736937957E+00 -0.646150570673090E+00 -0.156632164609507E+01
% -0.113226918101708E+01 -0.712198514065996E+00  0.106757587676139E+01
% -0.225012373194220E+01  0.403066264352831E+00  0.540969115469612E+00
% -0.809945733679281E+00  0.215753455245470E+00  0.171727326634567E+01
% -0.875028935868995E+00  0.282076748552464E+00  0.440205003209057E+00
% -0.156205750115620E+00  0.349346659415775E+00  0.401165258160877E+00
% -0.511999502574356E+00  0.473376266165771E+00  0.274124795020649E+00
% -0.290896501824754E+00 -0.106361309134171E+01  0.513215008196921E+00
% -0.358046487919614E+00 -0.324645323671262E+01 -0.450240168465731E+00
%  0.158934029463618E+01  0.895406901818663E+00 -0.111143229909882E+01
% -0.173380554334545E+01  0.164313971884862E+01 -0.190424443115795E+01
%  0.289746339762847E+01  0.711267295960746E+00  0.701517406804576E+00
% -0.124918182178737E+01  0.270999431618313E+00 -0.677033209131641E+00
%  0.161518285752069E+00 -0.218053947688418E+00  0.621754711580489E+00
% -0.211179199213905E+01  0.156312068470408E+01  0.128581396265566E+00
% -0.232235071964320E+00  0.134298540032641E+01  0.260435838140303E-01
% -0.278329070490412E+00 -0.358451797204209E+00 -0.102552904875553E+00
% -0.406231680748119E+00  0.399314492842695E+00 -0.105200010323363E+01
%  0.182767386158197E+00  0.249914782964764E+00  0.762385977957987E+00
% -0.145895413548161E+01 -0.633230679786617E+00 -0.805517939924622E+00
%  0.138983703615701E+01 -0.113441239632431E+01 -0.228065090237518E+01
%  0.164838593742063E+01 -0.100597241618890E+01 -0.753622577948335E-01
%  0.406522544506849E+00  0.114513903060919E+01  0.102347897919840E+01
%  0.232434209158281E+00  0.184456487691925E+01  0.361674971457753E+00
% -0.438828055876554E+00  0.576306342926353E+00 -0.413639260116058E+00
% -0.402549424321854E+00 -0.563771579053669E+00  0.576237841129093E-02
%  0.890840229630219E+00  0.922943619858443E+00 -0.409176531171715E+00
%  0.537469677776948E-01  0.110298759256614E+01  0.644698802451545E+00
%  0.142023116332107E+01 -0.158836414607788E+01 -0.958861214788899E+00
% -0.126015222318080E+01  0.361118900195061E+00 -0.120777150310367E+01
%  0.140170147386406E+01  0.527125695856015E-02 -0.611190264299807E-01
% -0.249295334493652E-01  0.598954057427008E+00 -0.224051620354308E+00
% -0.334450145007125E+00  0.139661008822729E+01 -0.388467657237606E-02
%  0.628903600513422E+00 -0.332143707991457E+00 -0.785507676697093E+00
%  0.394952993862122E-01  0.208367332664498E+01  0.642785663757842E+00
% -0.105265502226682E+01  0.918746329897923E+00 -0.339134624813992E+00
% -0.528224301224524E+00 -0.628481705424154E+00  0.137774197222749E+01
% -0.100286657275668E+01 -0.592647120093174E+00 -0.132095419696941E+01
%  0.279111256242626E+00  0.525983145495317E+00  0.994631622358310E-01
% -0.204233850780421E+01  0.317379847797210E+00  0.424231089871788E+00
% -0.720100898828925E+00  0.106458153451319E+01 -0.239822832807245E-01
%  0.538955237219326E+00 -0.877524072364807E-01 -0.785983769674766E+00
% -0.115605852567277E+01  0.294269386208855E+00  0.548896909001636E-01
%  0.533801758768835E+00  0.588982016253034E+00  0.126697941699923E+01
% -0.209100646589055E+01  0.118412971956474E+01  0.202419716614513E+01
% -0.552003268274807E+00  0.798042739166122E+00 -0.912863487509253E+00
%  0.566227005715980E-01  0.292003622297281E+00  0.727040538148109E+00
% -0.354437511560582E+00 -0.192057498767391E+01 -0.140668790047573E+00
% -0.911209056422742E+00  0.348726565857921E+00 -0.279730589162306E+01
%  0.532972959558932E+00 -0.659841447500725E+00  0.247950908083052E+01
% -0.485292399505571E+00  0.146312103127090E+01  0.845219111280311E+00
%  0.100114273583807E+01  0.131347424079114E+01  0.769392447366048E+00
% -0.141108435681957E+00  0.790091130224940E+00 -0.146048295727644E+01
% -0.160633122178525E+01  0.630238085763555E+00 -0.170686134283673E+01
%  0.105400671299207E+01 -0.961218367812860E+00 -0.333420178451234E+00
%  0.871471973348972E+00  0.121185393238252E+00  0.912998589758467E+00
%  0.202739706078354E+00  0.968765054651112E+00  0.900922422587617E+00
% -0.168793723455871E+00  0.504674835460067E+00 -0.192107710616587E+01
% -0.961740145530078E+00 -0.809557062050364E+00 -0.377294744323263E+00
%  0.130150299729861E+00  0.211873209430907E+00  0.654320394518347E+00
%  0.199563588257119E+00 -0.374567240168471E+00 -0.562088598090668E+00
%  0.162617692114479E+01 -0.711846625055458E-01 -0.367057004273792E+00
% -0.524955575253164E+00  0.158799837696835E+01 -0.917642324813011E+00
% -0.424285235400669E+00 -0.633801800529868E+00  0.415756582322476E+00
% -0.138999149312890E+01  0.318404858015187E+00  0.407051617354692E+00
%  0.482878498521386E+00  0.174116695831802E+01 -0.495458823099351E+00
% -0.814576535368384E+00  0.185849899465946E+01 -0.143073583372719E+01
%  0.247897656649803E+01  0.112087053509351E+01 -0.881759296428837E+00
% -0.372782286178418E+00 -0.893161974201273E+00 -0.251211571178592E+00
%  0.838511117133686E+00 -0.353477324989774E+00 -0.117964404600036E+01
%  0.936675370009555E+00 -0.289856957344422E+00  0.224922721303413E+01
%  0.212078177002957E+00 -0.483358742837018E+00 -0.193598002253656E+00
% -0.247331605688928E+01  0.669337646130895E+00 -0.778440997356603E+00
%  0.101099152441591E+01 -0.103914864774947E+01  0.256440197229556E+00
% -0.111518314535772E+01 -0.160154643159025E+01 -0.364121961839694E+00
%  0.697034230512764E+00 -0.102779906512678E+00 -0.973564683646305E+00
% -0.941530465334442E+00 -0.157485878561387E+00  0.802210479662127E+00
% -0.148133329569414E+01  0.620375987953297E-01 -0.888411844890013E+00
% -0.121710281188062E+01 -0.111473258791834E+01  0.861864765081662E+00
% -0.806793453962509E-02 -0.646915945221261E+00  0.161747258213535E+01
% -0.640404868141159E+00 -0.168384836374827E+01 -0.906398009831042E+00
%  0.201242137724770E+01 -0.100639212200753E+01 -0.127213555399612E+01
% -0.166154025561920E-01 -0.735134217053969E-01  0.634666455609571E+00
% -0.474288674901287E+00 -0.125070368729614E+01  0.138538104716342E+01
%  0.542868689810552E+00 -0.144896005300656E+01  0.194653479121530E+01
%  0.239966062521731E+00 -0.260434715701520E-01 -0.103807519429006E+01
% -0.157594526300979E+01 -0.144813722265717E+01 -0.106110182367608E+00
%  0.482357196180455E+00 -0.397508601896789E+00  0.111016686781098E+01
%  0.161358434727379E+01 -0.345126806077766E+00  0.219925186714510E+01
%  0.824805479167278E+00  0.389411634221101E+00 -0.107001140707076E+01
%  0.931981183359283E+00  0.578439136678232E+00  0.763104909241450E+00
%  0.892744738660725E+00 -0.250298746042216E+01  0.628521588975876E+00
%  0.194404203628315E+01 -0.690888556973262E-01 -0.107446838148476E-01
%  0.315252541672168E+00 -0.119577898622511E+01 -0.141234657723927E+01
%  0.478234623849072E+00  0.211719939885779E+01  0.114478671499425E+01
%  0.929418914896785E+00 -0.349202492162659E+00 -0.921773055875086E+00
%  0.114343875309795E+01 -0.111341973965450E+01 -0.209882535341414E+00
% -0.702036209222929E-01  0.793073761765352E+00 -0.919168178332739E+00
% -0.564758094517210E+00 -0.158034426904320E+01  0.463441684543035E+00
%  0.168315383765257E+01 -0.161268135369494E+01 -0.114896507484394E+01
% -0.110459899074590E+01  0.292421391012699E+00  0.421514449187852E+00
% -0.971672535451170E+00 -0.480531877672800E+00 -0.194556966094481E+01
% -0.673357458837390E+00 -0.140762002757819E+01  0.604502565102918E+00
% -0.613833519020668E+00  0.547443295738113E+00 -0.291268385670165E+01
% -0.353201831471790E+00 -0.507244020161795E+00  0.172987697576266E+01
% -0.489332741569254E+00  0.500328751175721E+00  0.366413253848723E+00
% -0.470125627613980E+00 -0.147910774836775E+00  0.344007428766189E+00
%  0.228183985053202E+01  0.181114984465017E+01 -0.535660162773921E+00
% -0.349553413253206E+00 -0.153901942298467E+01  0.462010404798232E+00
% -0.339661704480054E-01 -0.983606158280355E+00  0.262240534669535E+01
%  0.125290164527056E+01 -0.778635513459302E+00  0.109656011617012E+01
% -0.715342772514016E+00  0.845117742194970E-01 -0.244792196448808E+01
% -0.181046976632394E+01  0.109683554082855E+01  0.839158835175516E+00
% -0.441869677966107E+00  0.597907931274174E+00 -0.255692345901657E+00
%  0.920257187030078E+00 -0.492742233995330E+00  0.282603321453963E+00
%  0.157915318946250E+01  0.117862801468913E+01  0.532670146917060E+00
%  0.368323006772443E+00  0.804633657403424E-01  0.128864581868184E+01
% -0.102990091707633E+01  0.777139602173246E-01  0.359439866471025E-01
% -0.131939246401092E+01  0.428886993187372E+00 -0.136721238825687E+01
% -0.188798044771343E+01 -0.395523329514620E+00  0.578310047443860E+00
%  0.431733430229772E+00  0.696861393176706E+00  0.168113366019095E+01
%  0.168916098998844E+01 -0.599095187710315E-01 -0.444261663550307E+00
% -0.218481586636670E+00  0.881247910684489E+00  0.580058378120487E+00
% -0.140518234007215E+01 -0.249653095301902E+00 -0.104440090632288E+01
% -0.851876288770240E+00 -0.745437642630763E+00 -0.112437729254937E+01
%  0.259855170452537E+01  0.285600154064738E+00 -0.273974282286615E+00
%  0.876625170960498E+00 -0.167503120421589E+00  0.156216209742492E+01
% -0.100752082162437E+01  0.209038484701738E+01 -0.673475122668907E+00
%  0.685380597060804E+00 -0.102503062232140E+01  0.208627394127956E+01
%  0.360261925756718E-02 -0.433539761929402E+00 -0.301239946005199E+00
%  0.808252745871891E+00  0.129526677541454E+01  0.535786808968583E+00
%  0.131492553480115E+01  0.716380973804962E+00  0.246000994668091E+00
%  0.206167954504258E+01  0.484239985492632E+00  0.915355139124883E+00
%  0.110336978996825E+01  0.344980769108374E+00 -0.128472416349523E+01
%  0.878272145956948E+00  0.126426041708898E+01  0.104708116966392E+01
% -0.153316021906988E+01  0.933225851801975E+00  0.128435858168714E+01
% -0.665507359987038E+00  0.218468283380789E+01 -0.103904869710337E+01
%  0.440826226067809E+00  0.290096113901870E+00  0.151448074229096E+01
%  0.123610175366844E+01  0.290459475060724E+00 -0.135633915041499E+01
% -0.689380638347121E+00  0.741141178428363E+00  0.829746757588377E+00
% -0.606122242357601E+00 -0.139694282131073E+01 -0.294479072933155E+00
%  0.119126054712099E+01 -0.195329978433145E+01 -0.325356312019353E+00
%  0.276601078917671E+00  0.231677121618580E+00 -0.320317985419294E+00
% -0.427953141628779E-01  0.139335347530094E+01  0.201102070548678E+01
%  0.890854087673331E+00 -0.293491594903931E+01  0.250182514462375E+01
%  0.240834284103051E+00  0.445052998066856E+00  0.526475603435936E+00
% -0.755907094155709E+00  0.711609831976017E+00  0.497300693917266E+00
% -0.192862557971745E+00  0.492217736980670E+00 -0.542323339745455E+00
%  0.118856433953712E+01  0.591094962499217E+00 -0.574316929027795E+00
% -0.341841384145434E+00  0.189506428604901E+01 -0.175739969879273E+01
% -0.331508009086001E+00  0.414070547386064E+00  0.133729315804134E+01
% -0.179238539092534E+01  0.829667320352394E+00 -0.102701098176204E+01
% -0.218378054014796E+00  0.270679810369667E+00 -0.278020021917349E+01
%  0.181040236736056E+01  0.529691521246961E+00  0.980904777731061E+00
%  0.109380974935691E+01 -0.165836460822352E+01 -0.104874066681876E-01
% -0.146336921145124E+01 -0.112439717631423E+00  0.168489182059717E+01
% -0.749067557788431E+00  0.842814208130460E-01 -0.357314188692584E-01
%  0.186459378651895E+00  0.101844088030013E+01  0.153231249812672E+01
%  0.487254498019876E+00  0.157122175917077E+01 -0.132422265207028E+01
%  0.116688299880312E+00  0.120675565647997E+01 -0.163165348823983E-02
%  0.108998015338582E+01 -0.111040216650247E+01  0.118404826354676E+01
% -0.747709198401997E+00  0.124147954281687E+01 -0.991598556039490E-01
%  0.915291370895985E+00 -0.218049154886022E-01 -0.180490867972250E+00
% -0.877698367060970E+00 -0.576503081933807E+00  0.724722537462310E+00
%  0.141126490068584E+01  0.514043616489326E+00  0.483920269973543E+00
% -0.448865499438871E+00  0.232649258123704E+01 -0.381815107346888E+00
% -0.186690553633525E+00  0.208555885696495E+01 -0.177216588963327E+01
% -0.101447712247375E+01  0.146307189741861E+00  0.132195397308928E+01
% -0.224178959970923E+01  0.469010393779347E+00  0.526073499796552E+00
%  0.706529377251840E-01 -0.182519413387616E+01  0.943685952290148E+00
% -0.165277087231312E+01 -0.168073013377615E+00  0.172269942644534E+01
%  0.254040912212918E+00  0.816889440410373E+00 -0.199870344509136E+01
% -0.993639525901430E+00 -0.112783168151044E+01  0.303462441382377E-01
%  0.114532580151404E+01  0.283360318745484E+00 -0.225244811579983E+00
% -0.838033063292198E+00  0.651865226068635E+00 -0.174959064922647E+01
%  0.945572598267279E+00  0.104325460500991E+01  0.106125573233008E+01
%  0.336322833132685E+00 -0.206655422191328E+01  0.478957488908859E+00
%  0.345321612612499E+00 -0.180827416487073E+00  0.366350800333885E+00
% -0.924789990824127E+00 -0.490296911327721E+00 -0.128869342516733E+01
% -0.874044073193065E+00  0.116732364171216E+01  0.341698827231849E+00
% -0.446219434687424E-01 -0.102998007709816E+01  0.256866733859792E+00
% -0.514385392752418E+00 -0.326909962047250E+00 -0.232681141573820E+00
%  0.145302389201973E+01  0.116969272824231E+01 -0.125900579971286E+01
%  0.985568902596536E-01 -0.172258782509211E+01 -0.103781942232103E+01
%  0.465060335597386E+00  0.102190052137698E+01  0.191261943757085E+00
%  0.121358262965805E+00 -0.377659437764971E+00  0.169745828152774E+00
%  0.138162515838736E+00  0.204187112261703E+00  0.202032069175026E+01
% -0.160928420050601E+00  0.202205937110785E-01 -0.555155752196153E+00
%  0.904507750149947E+00  0.477213812007494E+00 -0.482043517889744E+00
%  0.165782557808741E+01 -0.192728507669851E+01 -0.132144694752123E+01
% -0.654428859588664E+00 -0.657168607066389E-01  0.131456965451337E+01
% -0.164200002588023E+01 -0.120629320055910E+00  0.852886749476755E-01
%  0.105144219265539E+01  0.433717171038355E+00  0.555772123346818E+00
% -0.112812374961683E+01  0.108231760007561E+01 -0.859510928628300E+00
%  0.243348960250090E+00 -0.401604601295153E+00  0.185073190691552E+01
% -0.293113288540212E+00  0.216833469811189E+00  0.482361705658792E+00
%  0.166786850045155E+00  0.114696235441874E+00  0.136318609354663E+01
% -0.136744042144907E+01 -0.181151701160542E+02  0.105226318232243E+01
%  0.924404954076956E+01 -0.971486552613406E+01  0.141318505336432E+00
%  0.895939160236614E+01  0.864242790988915E+01 -0.427580445800690E+01
%  0.378282139786326E-02  0.347849506868724E+02 -0.700829129601278E+01
% -0.140456630372106E+02  0.139554864205748E+02  0.222562804551451E+02
% -0.936308871923486E+01  0.345875308127051E+01  0.554214888428838E+01
%  0.135736834280071E+02  0.632178959152573E+00 -0.733409444534644E+01
%  0.138567722954761E+02 -0.759849234603419E+01  0.124794288755715E+02
%  0.190830404268028E+02  0.147515666743933E+02  0.338909723539986E+01
% -0.138501704848661E+02  0.745686844262947E+01 -0.803994709219709E+01
%  0.833776488597158E+01  0.120742600098241E+02 -0.318687359870623E+01
% -0.235936629315408E+02  0.109280603127263E+02 -0.638128991731586E+01
%  0.707786653869356E+00  0.172543087730599E+01  0.200927370911246E+00
% -0.209040514558588E+02  0.684467135366092E+01 -0.116520771596614E+02
%  0.533440389728387E-01  0.253001911108687E+01 -0.195459506943185E+01
% -0.164432836242051E+02  0.696913561258459E+01 -0.156794311776319E+02
%  0.288094685176663E+01 -0.190372421344351E+02 -0.637857858973666E+01
% -0.251040978974974E+01  0.780729050442024E+01 -0.142917860113062E+01
% -0.777167568852196E+01 -0.252981690314804E+01  0.350209950930368E+01
% -0.202423027098214E+02  0.136190204388236E+02 -0.191476312009386E+02
% -0.640742653566083E-01  0.651117213624908E+01  0.400316414141483E+01
%  0.398493152798559E+02 -0.281475628204992E+02 -0.108146724699652E+02
%  0.157069894723837E+02 -0.734300181730410E+01  0.899754685526884E+01
% -0.211456347550596E+01 -0.269034202754430E+01  0.104437316713725E+01
%  0.390994260846089E+02 -0.145076734780398E+02  0.128192066502158E+02
%  0.515813485539133E+01  0.238756185978864E+02  0.663006726479105E+01
%  0.166711738357790E+02 -0.830081617265334E+01  0.182256353149802E+02
% -0.460047931232621E+01 -0.976424837595951E+01  0.834215584187860E+01
%  0.719906526898771E+01 -0.368861002300680E+01  0.174819525057347E+02
%  0.187922831087165E+02 -0.410392972905485E+02  0.102738776347536E+00
%  0.456134418075975E+01 -0.620902461177667E+01 -0.263621641394359E+01
%  0.376278896336039E+01 -0.332788101903604E+01 -0.379429432626409E+02
% -0.718854751983855E+01 -0.112887067931436E+01 -0.640233267509826E+01
%  0.825762048869484E+01  0.859377138524643E+01  0.639942290168952E+01
% -0.244831503209390E+01  0.993329721839635E+01  0.177008421069772E+02
%  0.134213980259156E+01  0.155838904172343E+02  0.108623570869762E+02
%  0.434133314774959E+02 -0.101462585559893E+02 -0.347542478109698E+02
% -0.541289344185221E+01  0.116779329748766E+02 -0.134710349750185E+02
%  0.305949780641356E+01  0.181035140906137E+01 -0.199775705043949E+01
% -0.394657676037173E+01  0.610959894398687E+01  0.132635534687142E+02
% -0.150073816926352E+02 -0.987789487760138E+01 -0.669774302213564E+01
% -0.158943380259283E+02  0.130360463459772E+02  0.298866285108060E+01
% -0.230705479210897E+01 -0.680677459047143E+01 -0.944904572930871E+00
% -0.194594925495298E+02  0.133221578074775E+02  0.158120130961737E+02
% -0.145138269484959E+02 -0.195150232815023E+02 -0.165110940729164E+01
%  0.428158842771995E+01 -0.130825917790744E+01 -0.861950743591674E+01
%  0.809551716070442E+01 -0.195622649451990E+01  0.667158282320819E+01
%  0.133923673888153E+02 -0.545896926345687E+02 -0.699583143712024E+01
%  0.242945644164256E+01  0.117122462463212E+01 -0.416861970441101E+00
%  0.251096693099058E+01 -0.986830167172548E+01 -0.591693537780539E+01
% -0.133856749944741E+02 -0.261826552137661E+02 -0.681502885448039E+01
% -0.198872075015524E+00 -0.116538039345839E+01  0.267552641052736E+01
%  0.248513211368902E+02 -0.170673828542073E+02 -0.100392783298903E+01
% -0.288084426753334E+00 -0.654700699150537E+00  0.221957791939004E+01
% -0.571997104239104E+01 -0.946738299538626E+01 -0.228680407142607E+02
%  0.870753275947051E+00 -0.243878512279816E+01 -0.277322757319326E+01
% -0.405277391007500E+01 -0.148212659632109E+01  0.771814763580807E+01
% -0.202323365969835E+01 -0.185093651318929E+01  0.352315178668399E+01
%  0.542562997125396E+00 -0.419633008996442E+01 -0.107220278677365E+02
%  0.313898013062602E+01  0.196207125844525E+00  0.583290605003806E+01
% -0.352244093416030E+02 -0.451102311534548E+02 -0.559883361237115E+02
%  0.864958685143079E+01  0.766146088462591E+01  0.103488328586102E+02
% -0.154910738534177E+02 -0.611994813959488E+01 -0.109772281429642E+02
% -0.164575184853244E+02 -0.529134231035698E+02  0.269894239972222E+02
% -0.389921443543657E+01  0.629745432813977E+00 -0.339302535717402E+01
% -0.106789636633994E+02  0.164113719264528E+01  0.184259725220428E+02
% -0.200784178733080E+02 -0.324713085444123E+01  0.750940726547194E+01
% -0.141431710098068E+02 -0.993891038129767E+01  0.219357594455862E+02
% -0.178806659567585E+02  0.357626520125331E+01  0.848554517220181E+01
% -0.447331172677793E+00 -0.602201068026038E+01  0.812888626143601E+00
% -0.224223414189553E+01  0.692241170986416E+01 -0.257889977287877E+01
%  0.378126892600269E+01  0.642250279744534E+01 -0.300169527633344E+01
%  0.746458348612475E-02  0.196110322426738E+02  0.249161022452771E+02
%  0.798770207766906E+01 -0.499880627988879E+01 -0.656370566263166E+01
%  0.103968003780127E+02 -0.663214819229353E+01 -0.142978798062697E+01
% -0.949952152660066E+01  0.107723078036537E+02  0.147810593805391E+02
%  0.564729039105816E+00  0.984226351168819E+01 -0.488418002010518E+01
%  0.303181904361157E+01  0.391368187384794E+00 -0.236475806678394E+01
%  0.101324286954489E+02  0.648605721487601E+01 -0.629050676368180E+01
% -0.110603009501419E+02  0.531705093077419E+01  0.124787362646324E+02
%  0.547366166834629E+02  0.413734196481509E+02  0.531338479173155E+02
% -0.129843074954328E+02  0.417499327107686E+01 -0.347193227119673E+01
% -0.170186115107868E+01  0.475627655851005E+01 -0.452579409175408E+01
% -0.119210976678821E+02  0.102171152299272E+01  0.528310548544639E+01
% -0.325934884337576E+01  0.839552700305723E+01 -0.296982687780153E+01
% -0.103102686302725E+02  0.203924915786179E+02 -0.405671500853158E+01
%  0.529690257853415E+01  0.126505447469873E+02  0.168493667431722E+01
% -0.746701747512335E+01 -0.807675974749032E+01 -0.109467911506477E+02
%  0.245384279245102E+01 -0.223563671038323E+01  0.354490952931502E+01
% -0.191725260843151E+01  0.361554768483158E+01  0.727258990326555E+01
%  0.415760192387615E+01 -0.553541323559002E+01  0.704223400954149E+01
% -0.800180406249319E+02 -0.583694537822390E+01  0.282928808297528E+02
%  0.126636821576932E+02 -0.553060686632644E+01  0.159297720539768E+02
% -0.209473483021517E+02  0.587920676554986E+01 -0.252075878765785E+02
%  0.793820008891589E+01  0.125804625132542E+02 -0.437441657494163E+01
%  0.183693365922009E+02  0.148199358948453E+02 -0.192324260767230E+02
%  0.157991708166463E+01 -0.364454260004889E+01  0.196423225914593E+02
% -0.377601396318719E+01 -0.198131559264309E+02  0.121913666459497E+02
% -0.135709127710427E+02 -0.340047977447742E+01 -0.202248738917090E+01
% -0.761492460588811E+00 -0.196816523386910E+02 -0.362619597749348E+01
%  0.219964374569941E+02  0.265744682071755E+02 -0.142026534661401E+01
%  0.885591699341929E+01 -0.395571271630323E+01 -0.278628708720418E+01
% -0.540500696104490E+01  0.126140593704384E+01  0.386840234506317E+01
%  0.289910014636132E+01  0.195731861223031E+02  0.217699879542684E+02
%  0.538973100382042E+00 -0.375641088824832E+00  0.170870452226392E+01
%  0.163481834429906E+02 -0.165541113871698E+01 -0.462548028144725E+01
%  0.914272143766124E+01 -0.273403085504961E+02  0.142274724279262E+02
% -0.546420801536785E+01 -0.184616762031140E+02 -0.182746700084567E+02
% -0.234481939270729E+01 -0.587090822509417E+01 -0.258702793465185E+01
%  0.506580185103751E+02  0.817398531737616E+01 -0.429034824355087E+01
%  0.849339234762749E+01 -0.766699899661337E+01 -0.187140393386651E+02
% -0.138883448169543E+01  0.181498848525584E+01 -0.519988173875160E+00
%  0.169073155675846E+01 -0.403059264996163E+01  0.133360985363054E+02
% -0.294290676346332E+01 -0.776671938747606E+01 -0.110575715635815E+02
%  0.505125817741325E+00 -0.250324732579007E+00  0.388165564000844E+01
%  0.266943612096670E+01  0.117240113651883E+02  0.197326044185418E+01
% -0.166444813327208E+01 -0.596597131874493E+01  0.470702317093612E+00
% -0.283704386654073E+01 -0.149481429140811E+01  0.261244284325985E+01
%  0.349124226875541E+02 -0.315418389339329E+02 -0.608060924991417E+02
%  0.332950747794673E+01 -0.869937910324204E+01  0.306337467397470E+01
% -0.855389101320090E+01 -0.154326037443250E+01 -0.124922370624555E+02
% -0.180094936375482E+02 -0.665222972761376E+01 -0.662861066707991E+01
%  0.924480499175337E+01  0.159407865357010E+01 -0.167834151061056E+02
%  0.267321600207232E+02  0.141754696101551E+02 -0.628627421986740E+01
%  0.510869181863769E+01  0.936513040415405E+01  0.119358477600522E+01
%  0.242672157401965E+00  0.664817519025617E+00 -0.572708927064268E+01
%  0.532798125973539E+01  0.863406775028038E+01 -0.104301348732596E+01
%  0.715973943562112E+01 -0.119125664840164E+01 -0.116856563846622E+02
%  0.487252250706837E+00 -0.515941223286045E+01 -0.348171108691744E+01
% -0.604621278131905E+01 -0.118258816358935E+02  0.278839133319832E+02
%  0.140609913324688E+00  0.306320360519421E+02 -0.161262959192304E+02
%  0.237344539178669E+02  0.500423140291685E+02 -0.117463741516855E+02
%  0.821950408011148E+01  0.961939176052608E+01  0.135476902430267E+02
%  0.273170953043685E+01  0.427342131641029E+01  0.181306876616119E+01
%  0.174127280783799E+02 -0.160924438671983E+02  0.314860825450147E+01
%  0.167759428937505E+02  0.335495932875058E+01  0.125042069808373E+02
%  0.279895781851379E+02  0.301116623715841E+01 -0.221039365111889E+02
% -0.368059283695645E+01  0.956972219409646E+00 -0.726020358701877E+00
%  0.691822736204143E+02 -0.461554414142945E+02 -0.957209041174018E+01
%  0.266871256497157E+00 -0.339990304709182E+01 -0.708791642375834E+00
% -0.141028330800645E+02 -0.147426291847409E+02 -0.994774286773343E+01
%  0.227787046961338E+00  0.546037328516221E+01 -0.129024147867844E+02
%  0.647591594546831E+01 -0.382959571135370E+02  0.150164012058690E+02
% -0.230143940185735E+02 -0.211553862103223E+02  0.115378142808661E+02
% -0.197622117046177E+01  0.113216882057111E+02 -0.695711867715262E+01
%  0.148573796598833E+01  0.177158812903003E+01  0.177957703779887E+02
% -0.138087672728230E+00 -0.203931576214293E+02  0.254021448149958E+02
%  0.123725889558083E+02 -0.345268553738598E+02  0.626101196758264E+01
% -0.464369206146482E+01  0.163860652514234E+02 -0.845030318351838E+01
% -0.227772527763629E+02  0.521775443664448E+02  0.971352891241710E+01
% -0.619319496745492E+01  0.191446576482353E+01 -0.127724131277996E+02
% -0.498109853623457E+01  0.387867479477495E+01 -0.676746867153590E+01
%  0.747736811748526E+01  0.153014186894211E+02 -0.307240736192091E+01
%  0.225579268269268E+01  0.641941058863245E+00 -0.560217267802251E+01
%  0.188061214501115E+01  0.219571049390594E+02  0.120551411890583E+02
% -0.542446897893163E+01  0.427349289255780E+01 -0.180308303850060E+02
% -0.533489648083020E+01 -0.509044440275177E+01  0.162748921178679E+02
% -0.144209365304361E+02  0.298589030055728E+01 -0.231290274860051E+01
% -0.978118458820590E+01  0.791351042679020E+01  0.751159392521288E+00
%  0.625370023389570E+01 -0.886368655590960E+01 -0.536249107157758E+01
% -0.395274535280481E+01 -0.111836095292818E+02 -0.328882990353750E+01
% -0.864572529271397E+01 -0.177582132199626E+01 -0.166195356622598E+01
% -0.516467837127554E+01 -0.654999153594710E+01  0.107000888182599E+02
% -0.184943283488099E+02  0.233790279252695E+02 -0.333269631669137E+00
% -0.283636905941187E+02 -0.166557089912386E+01 -0.224532064532933E+02
%  0.121671735476272E+02 -0.738588898230565E+01 -0.332787179089851E+01
% -0.186770917059642E+01 -0.659589979124971E+01  0.119291359052416E+02
% -0.120668508692020E+01 -0.956777014025391E+01 -0.479294484244684E+01
%  0.306376185104258E+01 -0.346798136437903E+01 -0.385071104752341E+00
%  0.139779437434765E+02  0.248896277452466E+01  0.184375051176851E+02
% -0.375575014042021E+01  0.259915975726172E+01  0.482378532738761E+01
%  0.134561181452128E+02 -0.155864217788408E+02  0.352162156348671E+01
%  0.277123948163876E+01  0.407500399088960E+01  0.776531932407740E+01
%  0.813034168299861E+01 -0.132846350100118E+02  0.411225301629418E+01
% -0.484593076770265E+01 -0.348712531348628E+01 -0.292384731552268E+01
%  0.382256667919006E+01  0.137014122146479E+01 -0.316055863181002E+02
% -0.257027185623738E+01 -0.795705416048609E+01 -0.583591573183160E+01
%  0.342560196214734E+02  0.108067340597212E+02 -0.963919427958382E+01
%  0.189571389827608E+01  0.743024376651077E+01  0.387211022221892E+01
%  0.392289457671741E+02 -0.167064832600629E+02  0.158083682039910E+01
%  0.175209906761449E+02  0.214244006700627E+02  0.464369590704987E+01
%  0.120580632509038E+02 -0.791755816011799E+01 -0.106664802335325E+02
% -0.107360449524207E+02 -0.106385339618308E+02  0.138071885758847E+01
% -0.300660602774032E+02  0.548781017954562E+01  0.522394640626263E+02
%  0.282376463406161E+01  0.338670529937137E+01 -0.289357137021127E+01
%  0.444980331108969E+01 -0.132696828574888E+02 -0.200371077990312E+01
%  0.428244082202007E+02 -0.536104459912375E+02 -0.398340816839630E+01
%  0.106221531855198E+02 -0.126818424974414E+02 -0.846797839052822E+01
%  0.306798500991723E+02 -0.313419249489131E+02  0.827554278096069E+02
% -0.107861884120809E+02 -0.278267875741381E+01  0.127255315182938E+02
%  0.777880489252883E+01  0.800215334837245E+01 -0.276025546299661E+00
% -0.924757956829459E+01 -0.473222689192344E+01  0.181955713445101E+01
% -0.479534252430778E+01  0.469788570285541E+01  0.193791561068820E-01
%  0.544261250014249E+01  0.109479401571041E+02 -0.207559715450774E+01
%  0.393598764742529E+01 -0.551602811767549E+00 -0.121768085601740E+01
% -0.515992344324017E+01  0.136862061913534E+02 -0.625138081170777E+01
% -0.111559425967880E+02  0.174362190185351E+02 -0.136609918977837E+00
% -0.156753783979721E+02 -0.498139307058638E+01  0.841895118134194E-01
%  0.933944490333822E+01  0.699469611742632E+01 -0.109596877538402E+02
% -0.856182771873513E+02  0.409590632106689E+02  0.531090454223568E+01
% -0.112103155578236E+01 -0.913830043291317E-01 -0.363834626349988E+00
% -0.453572099461295E+00 -0.218886522137986E+01  0.331568019578290E+01
% -0.349997224727895E+01 -0.604620833230644E+01 -0.469979930019481E+00
% -0.121295480383959E+02  0.822306547044935E+01 -0.104859131163842E+02
% -0.866440521330350E+01  0.423426971731111E+01  0.324072586257829E+01
%  0.848697974706564E+01  0.767154231224230E+01 -0.864347688107014E+01
% -0.773815743305047E+01 -0.395899370232880E+01 -0.968917490324414E+01
%  0.123676672812214E+02  0.214554251450559E+01  0.446864378862320E+01
%  0.706406716516869E+01  0.444090706598072E+00  0.625368810553967E+01
% -0.327640411517650E+02  0.360175613103605E+02 -0.880263482886363E+02
% -0.666194978931542E+01 -0.380329081709448E+02 -0.138194485797237E+02
% -0.317228536716354E+02  0.617845830336350E-01 -0.192697859481244E+02
% -0.166163480240724E+02  0.287371565112902E+02  0.119768465955898E+02
%  0.124894709794284E+01 -0.710444720314657E+01  0.808000187481226E+01
% -0.140181944162642E+02 -0.183572914070877E+02  0.137331695024144E+02
% -0.429698751246620E+01  0.719805065164638E+01 -0.133963149967874E+01
% -0.362495316029869E+02  0.226236896729718E+01  0.126119490798604E+02
% -0.112883715921555E+02 -0.817593649946949E+01 -0.593522299188113E+01
% -0.624102438419522E+01 -0.105316629516263E+02 -0.150933589907328E+02
%  0.112005806537753E+01  0.979237070231282E+00  0.110800526256381E+02
% -0.583299480541074E+01 -0.141348036528481E+01  0.153243247870855E+02
%  0.181699065910860E+02  0.376585479029918E+02  0.795458842863367E+01
% -0.365786320156969E+01 -0.945132621446196E+01 -0.153660035834642E+01
% -0.318712519988901E+02  0.221328692559742E+02  0.257965626332761E+02
%  0.106874432470668E+02  0.110331111978038E+02 -0.835446192280457E+01
%  0.268988621001670E+01 -0.220335632351689E+02 -0.654145238913544E+00
%  0.437215063911971E+01  0.570966285788421E+01  0.299978211411856E+00
%  0.210325832537565E+02  0.976638387849888E+01  0.716206606192450E+01
% -0.233756892757944E+01  0.159797980653692E+00 -0.102068047161020E+01
% -0.379005951425955E+02  0.307524269051406E+02  0.451726085940749E+01
% -0.120960899596754E+02 -0.540984732415649E+01  0.131233302824069E+02
%  0.185765835174960E+02  0.202297626548171E+01  0.162796545261212E+02
% -0.427272086557294E+01 -0.703103816210153E+01 -0.292632883108227E+01
% -0.471253989545672E+02  0.502588557755661E+01  0.468899302613553E+02
%  0.206690890302218E+02 -0.179923925043594E+02  0.590525025419498E+01
%  0.491883793916227E+02 -0.264718857022145E+02 -0.657547952421320E+00
% -0.129897939062150E+02  0.127990833730414E+02 -0.276417443926592E+01
%  0.630536670668347E+02 -0.775678546085696E+01 -0.609716767588845E+02
% -0.474009662545699E+01 -0.254553232585658E+01  0.137685449786286E+01
%  0.967775782730867E+01  0.270002947779172E+00  0.116231082036262E+02
% -0.214228438209279E+02  0.720458023154811E+01  0.328024458265287E+01
%  0.271563471833847E+01 -0.390379913660585E+01  0.448803760015783E+01
% -0.126273118002734E+02 -0.131450247914067E+02 -0.113527198023510E+02
%  0.270830260937815E+01 -0.232544225208418E+01 -0.922961376403752E+00
% -0.192734765001143E+00  0.138206176411698E+01 -0.441896601715319E+01
% -0.108548322217194E+02  0.125376990184417E+02  0.154202596489328E+01
% -0.208609100109320E+01  0.156029391608849E+02  0.420986261030313E+01
% -0.368386215050648E+02  0.219477943360143E+02 -0.977709970810801E+01
%  0.114444250656910E+01  0.469436960266395E+01 -0.856038145010388E+00
% -0.715955748216946E+01  0.232189436547952E+02 -0.956367346225182E+01
% -0.977088121682366E+00  0.610220397945406E+01  0.807394516978445E+01
% -0.580732103165481E+01  0.117135633645571E+01 -0.168641828957037E+02
%  0.885550986440598E+01  0.144481976706379E+02  0.147060460844335E+02
% -0.978356693450104E+01  0.240820099420277E+02 -0.106555588468940E+02
%  0.100404678359401E+02  0.211820752936598E+01 -0.817375264907634E+01
%  0.953228521220717E+00  0.189561555423619E+02 -0.344967500732134E+01
